{"/Users/marcodesposito/Desktop/Davide/Agent Manager - Antigravity/fantalega-mobile/src/components/ColorPickerModal.tsx": {"path":"/Users/marcodesposito/Desktop/Davide/Agent Manager - Antigravity/fantalega-mobile/src/components/ColorPickerModal.tsx","statementMap":{"0":{"start":{"line":22,"column":55},"end":{"line":22,"column":79}},"1":{"start":{"line":23,"column":21},"end":{"line":23,"column":38}},"2":{"start":{"line":24,"column":21},"end":{"line":24,"column":24}},"3":{"start":{"line":25,"column":19},"end":{"line":25,"column":21}},"4":{"start":{"line":28,"column":17},"end":{"line":33,"column":1}},"5":{"start":{"line":29,"column":14},"end":{"line":29,"column":43}},"6":{"start":{"line":30,"column":14},"end":{"line":30,"column":43}},"7":{"start":{"line":31,"column":14},"end":{"line":31,"column":43}},"8":{"start":{"line":32,"column":4},"end":{"line":32,"column":23}},"9":{"start":{"line":35,"column":17},"end":{"line":50,"column":1}},"10":{"start":{"line":36,"column":4},"end":{"line":36,"column":13}},"11":{"start":{"line":36,"column":14},"end":{"line":36,"column":23}},"12":{"start":{"line":36,"column":24},"end":{"line":36,"column":33}},"13":{"start":{"line":37,"column":16},"end":{"line":37,"column":33}},"14":{"start":{"line":37,"column":41},"end":{"line":37,"column":58}},"15":{"start":{"line":38,"column":12},"end":{"line":38,"column":13}},"16":{"start":{"line":38,"column":22},"end":{"line":38,"column":25}},"17":{"start":{"line":39,"column":14},"end":{"line":39,"column":23}},"18":{"start":{"line":40,"column":4},"end":{"line":40,"column":32}},"19":{"start":{"line":41,"column":4},"end":{"line":48,"column":5}},"20":{"start":{"line":42,"column":8},"end":{"line":46,"column":9}},"21":{"start":{"line":43,"column":20},"end":{"line":43,"column":54}},"22":{"start":{"line":43,"column":55},"end":{"line":43,"column":61}},"23":{"start":{"line":44,"column":20},"end":{"line":44,"column":40}},"24":{"start":{"line":44,"column":41},"end":{"line":44,"column":47}},"25":{"start":{"line":45,"column":20},"end":{"line":45,"column":40}},"26":{"start":{"line":45,"column":41},"end":{"line":45,"column":47}},"27":{"start":{"line":47,"column":8},"end":{"line":47,"column":15}},"28":{"start":{"line":49,"column":4},"end":{"line":49,"column":32}},"29":{"start":{"line":52,"column":17},"end":{"line":72,"column":1}},"30":{"start":{"line":53,"column":12},"end":{"line":53,"column":13}},"31":{"start":{"line":53,"column":19},"end":{"line":53,"column":20}},"32":{"start":{"line":53,"column":26},"end":{"line":53,"column":27}},"33":{"start":{"line":54,"column":14},"end":{"line":54,"column":32}},"34":{"start":{"line":55,"column":14},"end":{"line":55,"column":24}},"35":{"start":{"line":56,"column":14},"end":{"line":56,"column":25}},"36":{"start":{"line":57,"column":14},"end":{"line":57,"column":29}},"37":{"start":{"line":58,"column":14},"end":{"line":58,"column":35}},"38":{"start":{"line":59,"column":4},"end":{"line":66,"column":5}},"39":{"start":{"line":60,"column":16},"end":{"line":60,"column":22}},"40":{"start":{"line":60,"column":23},"end":{"line":60,"column":29}},"41":{"start":{"line":60,"column":30},"end":{"line":60,"column":36}},"42":{"start":{"line":60,"column":37},"end":{"line":60,"column":43}},"43":{"start":{"line":61,"column":16},"end":{"line":61,"column":22}},"44":{"start":{"line":61,"column":23},"end":{"line":61,"column":29}},"45":{"start":{"line":61,"column":30},"end":{"line":61,"column":36}},"46":{"start":{"line":61,"column":37},"end":{"line":61,"column":43}},"47":{"start":{"line":62,"column":16},"end":{"line":62,"column":22}},"48":{"start":{"line":62,"column":23},"end":{"line":62,"column":29}},"49":{"start":{"line":62,"column":30},"end":{"line":62,"column":36}},"50":{"start":{"line":62,"column":37},"end":{"line":62,"column":43}},"51":{"start":{"line":63,"column":16},"end":{"line":63,"column":22}},"52":{"start":{"line":63,"column":23},"end":{"line":63,"column":29}},"53":{"start":{"line":63,"column":30},"end":{"line":63,"column":36}},"54":{"start":{"line":63,"column":37},"end":{"line":63,"column":43}},"55":{"start":{"line":64,"column":16},"end":{"line":64,"column":22}},"56":{"start":{"line":64,"column":23},"end":{"line":64,"column":29}},"57":{"start":{"line":64,"column":30},"end":{"line":64,"column":36}},"58":{"start":{"line":64,"column":37},"end":{"line":64,"column":43}},"59":{"start":{"line":65,"column":16},"end":{"line":65,"column":22}},"60":{"start":{"line":65,"column":23},"end":{"line":65,"column":29}},"61":{"start":{"line":65,"column":30},"end":{"line":65,"column":36}},"62":{"start":{"line":65,"column":37},"end":{"line":65,"column":43}},"63":{"start":{"line":67,"column":4},"end":{"line":71,"column":6}},"64":{"start":{"line":74,"column":17},"end":{"line":77,"column":1}},"65":{"start":{"line":75,"column":18},"end":{"line":75,"column":64}},"66":{"start":{"line":75,"column":33},"end":{"line":75,"column":64}},"67":{"start":{"line":76,"column":4},"end":{"line":76,"column":62}},"68":{"start":{"line":81,"column":26},"end":{"line":81,"column":56}},"69":{"start":{"line":84,"column":4},"end":{"line":97,"column":18}},"70":{"start":{"line":85,"column":8},"end":{"line":96,"column":9}},"71":{"start":{"line":86,"column":12},"end":{"line":95,"column":13}},"72":{"start":{"line":87,"column":16},"end":{"line":92,"column":17}},"73":{"start":{"line":88,"column":40},"end":{"line":88,"column":62}},"74":{"start":{"line":89,"column":20},"end":{"line":89,"column":46}},"75":{"start":{"line":91,"column":20},"end":{"line":91,"column":49}},"76":{"start":{"line":94,"column":16},"end":{"line":94,"column":45}},"77":{"start":{"line":99,"column":21},"end":{"line":102,"column":13}},"78":{"start":{"line":100,"column":28},"end":{"line":100,"column":57}},"79":{"start":{"line":101,"column":8},"end":{"line":101,"column":33}},"80":{"start":{"line":105,"column":25},"end":{"line":108,"column":15}},"81":{"start":{"line":106,"column":28},"end":{"line":106,"column":49}},"82":{"start":{"line":107,"column":8},"end":{"line":107,"column":33}},"83":{"start":{"line":111,"column":21},"end":{"line":118,"column":13}},"84":{"start":{"line":113,"column":48},"end":{"line":113,"column":52}},"85":{"start":{"line":114,"column":47},"end":{"line":114,"column":51}},"86":{"start":{"line":115,"column":42},"end":{"line":115,"column":111}},"87":{"start":{"line":116,"column":41},"end":{"line":116,"column":110}},"88":{"start":{"line":120,"column":28},"end":{"line":124,"column":5}},"89":{"start":{"line":121,"column":18},"end":{"line":121,"column":60}},"90":{"start":{"line":122,"column":18},"end":{"line":122,"column":66}},"91":{"start":{"line":123,"column":8},"end":{"line":123,"column":44}},"92":{"start":{"line":123,"column":24},"end":{"line":123,"column":41}},"93":{"start":{"line":127,"column":19},"end":{"line":134,"column":13}},"94":{"start":{"line":129,"column":48},"end":{"line":129,"column":52}},"95":{"start":{"line":130,"column":47},"end":{"line":130,"column":51}},"96":{"start":{"line":131,"column":42},"end":{"line":131,"column":82}},"97":{"start":{"line":132,"column":41},"end":{"line":132,"column":81}},"98":{"start":{"line":136,"column":26},"end":{"line":139,"column":5}},"99":{"start":{"line":137,"column":18},"end":{"line":137,"column":70}},"100":{"start":{"line":138,"column":8},"end":{"line":138,"column":41}},"101":{"start":{"line":138,"column":24},"end":{"line":138,"column":38}},"102":{"start":{"line":141,"column":4},"end":{"line":141,"column":30}},"103":{"start":{"line":141,"column":18},"end":{"line":141,"column":30}},"104":{"start":{"line":143,"column":4},"end":{"line":223,"column":6}},"105":{"start":{"line":216,"column":80},"end":{"line":216,"column":99}},"106":{"start":{"line":216,"column":100},"end":{"line":216,"column":110}},"107":{"start":{"line":226,"column":10},"end":{"line":376,"column":2}}},"fnMap":{"0":{"name":"(anonymous_0)","decl":{"start":{"line":28,"column":17},"end":{"line":28,"column":18}},"loc":{"start":{"line":28,"column":34},"end":{"line":33,"column":1}},"line":28},"1":{"name":"(anonymous_1)","decl":{"start":{"line":35,"column":17},"end":{"line":35,"column":18}},"loc":{"start":{"line":35,"column":54},"end":{"line":50,"column":1}},"line":35},"2":{"name":"(anonymous_2)","decl":{"start":{"line":52,"column":17},"end":{"line":52,"column":18}},"loc":{"start":{"line":52,"column":54},"end":{"line":72,"column":1}},"line":52},"3":{"name":"(anonymous_3)","decl":{"start":{"line":74,"column":17},"end":{"line":74,"column":18}},"loc":{"start":{"line":74,"column":54},"end":{"line":77,"column":1}},"line":74},"4":{"name":"(anonymous_4)","decl":{"start":{"line":75,"column":18},"end":{"line":75,"column":19}},"loc":{"start":{"line":75,"column":33},"end":{"line":75,"column":64}},"line":75},"5":{"name":"ColorPickerModal","decl":{"start":{"line":79,"column":24},"end":{"line":79,"column":40}},"loc":{"start":{"line":79,"column":94},"end":{"line":224,"column":1}},"line":79},"6":{"name":"(anonymous_6)","decl":{"start":{"line":84,"column":14},"end":{"line":84,"column":15}},"loc":{"start":{"line":84,"column":20},"end":{"line":97,"column":5}},"line":84},"7":{"name":"(anonymous_7)","decl":{"start":{"line":99,"column":29},"end":{"line":99,"column":30}},"loc":{"start":{"line":99,"column":35},"end":{"line":102,"column":5}},"line":99},"8":{"name":"(anonymous_8)","decl":{"start":{"line":105,"column":33},"end":{"line":105,"column":34}},"loc":{"start":{"line":105,"column":39},"end":{"line":108,"column":5}},"line":105},"9":{"name":"(anonymous_9)","decl":{"start":{"line":113,"column":42},"end":{"line":113,"column":43}},"loc":{"start":{"line":113,"column":48},"end":{"line":113,"column":52}},"line":113},"10":{"name":"(anonymous_10)","decl":{"start":{"line":114,"column":41},"end":{"line":114,"column":42}},"loc":{"start":{"line":114,"column":47},"end":{"line":114,"column":51}},"line":114},"11":{"name":"(anonymous_11)","decl":{"start":{"line":115,"column":33},"end":{"line":115,"column":34}},"loc":{"start":{"line":115,"column":42},"end":{"line":115,"column":111}},"line":115},"12":{"name":"(anonymous_12)","decl":{"start":{"line":116,"column":32},"end":{"line":116,"column":33}},"loc":{"start":{"line":116,"column":41},"end":{"line":116,"column":110}},"line":116},"13":{"name":"(anonymous_13)","decl":{"start":{"line":120,"column":28},"end":{"line":120,"column":29}},"loc":{"start":{"line":120,"column":54},"end":{"line":124,"column":5}},"line":120},"14":{"name":"(anonymous_14)","decl":{"start":{"line":123,"column":15},"end":{"line":123,"column":16}},"loc":{"start":{"line":123,"column":24},"end":{"line":123,"column":41}},"line":123},"15":{"name":"(anonymous_15)","decl":{"start":{"line":129,"column":42},"end":{"line":129,"column":43}},"loc":{"start":{"line":129,"column":48},"end":{"line":129,"column":52}},"line":129},"16":{"name":"(anonymous_16)","decl":{"start":{"line":130,"column":41},"end":{"line":130,"column":42}},"loc":{"start":{"line":130,"column":47},"end":{"line":130,"column":51}},"line":130},"17":{"name":"(anonymous_17)","decl":{"start":{"line":131,"column":33},"end":{"line":131,"column":34}},"loc":{"start":{"line":131,"column":42},"end":{"line":131,"column":82}},"line":131},"18":{"name":"(anonymous_18)","decl":{"start":{"line":132,"column":32},"end":{"line":132,"column":33}},"loc":{"start":{"line":132,"column":41},"end":{"line":132,"column":81}},"line":132},"19":{"name":"(anonymous_19)","decl":{"start":{"line":136,"column":26},"end":{"line":136,"column":27}},"loc":{"start":{"line":136,"column":41},"end":{"line":139,"column":5}},"line":136},"20":{"name":"(anonymous_20)","decl":{"start":{"line":138,"column":15},"end":{"line":138,"column":16}},"loc":{"start":{"line":138,"column":24},"end":{"line":138,"column":38}},"line":138},"21":{"name":"(anonymous_21)","decl":{"start":{"line":216,"column":72},"end":{"line":216,"column":73}},"loc":{"start":{"line":216,"column":78},"end":{"line":216,"column":112}},"line":216}},"branchMap":{"0":{"loc":{"start":{"line":40,"column":8},"end":{"line":40,"column":31}},"type":"cond-expr","locations":[{"start":{"line":40,"column":20},"end":{"line":40,"column":21}},{"start":{"line":40,"column":24},"end":{"line":40,"column":31}}],"line":40},"1":{"loc":{"start":{"line":41,"column":4},"end":{"line":48,"column":5}},"type":"if","locations":[{"start":{"line":41,"column":4},"end":{"line":48,"column":5}},{"start":{},"end":{}}],"line":41},"2":{"loc":{"start":{"line":42,"column":8},"end":{"line":46,"column":9}},"type":"switch","locations":[{"start":{"line":43,"column":12},"end":{"line":43,"column":61}},{"start":{"line":44,"column":12},"end":{"line":44,"column":47}},{"start":{"line":45,"column":12},"end":{"line":45,"column":47}}],"line":42},"3":{"loc":{"start":{"line":43,"column":39},"end":{"line":43,"column":52}},"type":"cond-expr","locations":[{"start":{"line":43,"column":47},"end":{"line":43,"column":48}},{"start":{"line":43,"column":51},"end":{"line":43,"column":52}}],"line":43},"4":{"loc":{"start":{"line":59,"column":4},"end":{"line":66,"column":5}},"type":"switch","locations":[{"start":{"line":60,"column":8},"end":{"line":60,"column":43}},{"start":{"line":61,"column":8},"end":{"line":61,"column":43}},{"start":{"line":62,"column":8},"end":{"line":62,"column":43}},{"start":{"line":63,"column":8},"end":{"line":63,"column":43}},{"start":{"line":64,"column":8},"end":{"line":64,"column":43}},{"start":{"line":65,"column":8},"end":{"line":65,"column":43}}],"line":59},"5":{"loc":{"start":{"line":85,"column":8},"end":{"line":96,"column":9}},"type":"if","locations":[{"start":{"line":85,"column":8},"end":{"line":96,"column":9}},{"start":{},"end":{}}],"line":85},"6":{"loc":{"start":{"line":86,"column":12},"end":{"line":95,"column":13}},"type":"if","locations":[{"start":{"line":86,"column":12},"end":{"line":95,"column":13}},{"start":{"line":93,"column":19},"end":{"line":95,"column":13}}],"line":86},"7":{"loc":{"start":{"line":141,"column":4},"end":{"line":141,"column":30}},"type":"if","locations":[{"start":{"line":141,"column":4},"end":{"line":141,"column":30}},{"start":{},"end":{}}],"line":141},"8":{"loc":{"start":{"line":342,"column":20},"end":{"line":342,"column":67}},"type":"cond-expr","locations":[{"start":{"line":342,"column":44},"end":{"line":342,"column":53}},{"start":{"line":342,"column":56},"end":{"line":342,"column":67}}],"line":342},"9":{"loc":{"start":{"line":349,"column":23},"end":{"line":349,"column":54}},"type":"cond-expr","locations":[{"start":{"line":349,"column":47},"end":{"line":349,"column":49}},{"start":{"line":349,"column":52},"end":{"line":349,"column":54}}],"line":349}},"s":{"0":0,"1":0,"2":0,"3":0,"4":0,"5":0,"6":0,"7":0,"8":0,"9":0,"10":0,"11":0,"12":0,"13":0,"14":0,"15":0,"16":0,"17":0,"18":0,"19":0,"20":0,"21":0,"22":0,"23":0,"24":0,"25":0,"26":0,"27":0,"28":0,"29":0,"30":0,"31":0,"32":0,"33":0,"34":0,"35":0,"36":0,"37":0,"38":0,"39":0,"40":0,"41":0,"42":0,"43":0,"44":0,"45":0,"46":0,"47":0,"48":0,"49":0,"50":0,"51":0,"52":0,"53":0,"54":0,"55":0,"56":0,"57":0,"58":0,"59":0,"60":0,"61":0,"62":0,"63":0,"64":0,"65":0,"66":0,"67":0,"68":0,"69":0,"70":0,"71":0,"72":0,"73":0,"74":0,"75":0,"76":0,"77":0,"78":0,"79":0,"80":0,"81":0,"82":0,"83":0,"84":0,"85":0,"86":0,"87":0,"88":0,"89":0,"90":0,"91":0,"92":0,"93":0,"94":0,"95":0,"96":0,"97":0,"98":0,"99":0,"100":0,"101":0,"102":0,"103":0,"104":0,"105":0,"106":0,"107":0},"f":{"0":0,"1":0,"2":0,"3":0,"4":0,"5":0,"6":0,"7":0,"8":0,"9":0,"10":0,"11":0,"12":0,"13":0,"14":0,"15":0,"16":0,"17":0,"18":0,"19":0,"20":0,"21":0},"b":{"0":[0,0],"1":[0,0],"2":[0,0,0],"3":[0,0],"4":[0,0,0,0,0,0],"5":[0,0],"6":[0,0],"7":[0,0],"8":[0,0],"9":[0,0]}}
,"/Users/marcodesposito/Desktop/Davide/Agent Manager - Antigravity/fantalega-mobile/src/components/ErrorBoundary.tsx": {"path":"/Users/marcodesposito/Desktop/Davide/Agent Manager - Antigravity/fantalega-mobile/src/components/ErrorBoundary.tsx","statementMap":{"0":{"start":{"line":19,"column":26},"end":{"line":22,"column":5}},"1":{"start":{"line":26,"column":8},"end":{"line":26,"column":41}},"2":{"start":{"line":30,"column":8},"end":{"line":30,"column":64}},"3":{"start":{"line":33,"column":26},"end":{"line":35,"column":5}},"4":{"start":{"line":34,"column":8},"end":{"line":34,"column":56}},"5":{"start":{"line":38,"column":8},"end":{"line":61,"column":9}},"6":{"start":{"line":39,"column":12},"end":{"line":41,"column":13}},"7":{"start":{"line":40,"column":16},"end":{"line":40,"column":80}},"8":{"start":{"line":43,"column":12},"end":{"line":60,"column":14}},"9":{"start":{"line":63,"column":8},"end":{"line":63,"column":35}},"10":{"start":{"line":67,"column":15},"end":{"line":120,"column":2}}},"fnMap":{"0":{"name":"(anonymous_0)","decl":{"start":{"line":24,"column":4},"end":{"line":24,"column":5}},"loc":{"start":{"line":24,"column":64},"end":{"line":27,"column":5}},"line":24},"1":{"name":"(anonymous_1)","decl":{"start":{"line":29,"column":4},"end":{"line":29,"column":5}},"loc":{"start":{"line":29,"column":65},"end":{"line":31,"column":5}},"line":29},"2":{"name":"(anonymous_2)","decl":{"start":{"line":33,"column":26},"end":{"line":33,"column":27}},"loc":{"start":{"line":33,"column":32},"end":{"line":35,"column":5}},"line":33},"3":{"name":"(anonymous_3)","decl":{"start":{"line":37,"column":4},"end":{"line":37,"column":5}},"loc":{"start":{"line":37,"column":20},"end":{"line":64,"column":5}},"line":37}},"branchMap":{"0":{"loc":{"start":{"line":38,"column":8},"end":{"line":61,"column":9}},"type":"if","locations":[{"start":{"line":38,"column":8},"end":{"line":61,"column":9}},{"start":{},"end":{}}],"line":38},"1":{"loc":{"start":{"line":39,"column":12},"end":{"line":41,"column":13}},"type":"if","locations":[{"start":{"line":39,"column":12},"end":{"line":41,"column":13}},{"start":{},"end":{}}],"line":39},"2":{"loc":{"start":{"line":50,"column":25},"end":{"line":54,"column":25}},"type":"binary-expr","locations":[{"start":{"line":50,"column":25},"end":{"line":50,"column":32}},{"start":{"line":51,"column":28},"end":{"line":53,"column":35}}],"line":50}},"s":{"0":0,"1":0,"2":0,"3":0,"4":0,"5":0,"6":0,"7":0,"8":0,"9":0,"10":0},"f":{"0":0,"1":0,"2":0,"3":0},"b":{"0":[0,0],"1":[0,0],"2":[0,0]}}
,"/Users/marcodesposito/Desktop/Davide/Agent Manager - Antigravity/fantalega-mobile/src/components/LoadingOverlay.tsx": {"path":"/Users/marcodesposito/Desktop/Davide/Agent Manager - Antigravity/fantalega-mobile/src/components/LoadingOverlay.tsx","statementMap":{"0":{"start":{"line":12,"column":61},"end":{"line":25,"column":1}},"1":{"start":{"line":13,"column":4},"end":{"line":13,"column":30}},"2":{"start":{"line":13,"column":18},"end":{"line":13,"column":30}},"3":{"start":{"line":15,"column":4},"end":{"line":24,"column":6}},"4":{"start":{"line":27,"column":15},"end":{"line":54,"column":2}}},"fnMap":{"0":{"name":"(anonymous_0)","decl":{"start":{"line":12,"column":61},"end":{"line":12,"column":62}},"loc":{"start":{"line":12,"column":106},"end":{"line":25,"column":1}},"line":12}},"branchMap":{"0":{"loc":{"start":{"line":12,"column":73},"end":{"line":12,"column":99}},"type":"default-arg","locations":[{"start":{"line":12,"column":83},"end":{"line":12,"column":99}}],"line":12},"1":{"loc":{"start":{"line":13,"column":4},"end":{"line":13,"column":30}},"type":"if","locations":[{"start":{"line":13,"column":4},"end":{"line":13,"column":30}},{"start":{},"end":{}}],"line":13}},"s":{"0":0,"1":0,"2":0,"3":0,"4":0},"f":{"0":0},"b":{"0":[0],"1":[0,0]}}
,"/Users/marcodesposito/Desktop/Davide/Agent Manager - Antigravity/fantalega-mobile/src/components/MatchCenterModal.tsx": {"path":"/Users/marcodesposito/Desktop/Davide/Agent Manager - Antigravity/fantalega-mobile/src/components/MatchCenterModal.tsx","statementMap":{"0":{"start":{"line":14,"column":22},"end":{"line":14,"column":48}},"1":{"start":{"line":14,"column":36},"end":{"line":14,"column":47}},"2":{"start":{"line":15,"column":20},"end":{"line":15,"column":44}},"3":{"start":{"line":15,"column":34},"end":{"line":15,"column":43}},"4":{"start":{"line":16,"column":20},"end":{"line":16,"column":44}},"5":{"start":{"line":16,"column":34},"end":{"line":16,"column":43}},"6":{"start":{"line":17,"column":19},"end":{"line":17,"column":61}},"7":{"start":{"line":17,"column":37},"end":{"line":17,"column":60}},"8":{"start":{"line":18,"column":29},"end":{"line":18,"column":62}},"9":{"start":{"line":18,"column":43},"end":{"line":18,"column":61}},"10":{"start":{"line":20,"column":38},"end":{"line":20,"column":76}},"11":{"start":{"line":21,"column":38},"end":{"line":21,"column":50}},"12":{"start":{"line":22,"column":42},"end":{"line":22,"column":54}},"13":{"start":{"line":23,"column":38},"end":{"line":23,"column":74}},"14":{"start":{"line":25,"column":21},"end":{"line":25,"column":67}},"15":{"start":{"line":25,"column":41},"end":{"line":25,"column":66}},"16":{"start":{"line":26,"column":21},"end":{"line":26,"column":67}},"17":{"start":{"line":26,"column":41},"end":{"line":26,"column":66}},"18":{"start":{"line":27,"column":24},"end":{"line":27,"column":78}},"19":{"start":{"line":27,"column":44},"end":{"line":27,"column":77}},"20":{"start":{"line":28,"column":24},"end":{"line":28,"column":78}},"21":{"start":{"line":28,"column":44},"end":{"line":28,"column":77}},"22":{"start":{"line":29,"column":24},"end":{"line":29,"column":88}},"23":{"start":{"line":29,"column":56},"end":{"line":29,"column":82}},"24":{"start":{"line":31,"column":22},"end":{"line":31,"column":84}},"25":{"start":{"line":31,"column":36},"end":{"line":31,"column":45}},"26":{"start":{"line":31,"column":57},"end":{"line":31,"column":74}},"27":{"start":{"line":33,"column":24},"end":{"line":35,"column":5}},"28":{"start":{"line":34,"column":8},"end":{"line":34,"column":49}},"29":{"start":{"line":37,"column":24},"end":{"line":43,"column":5}},"30":{"start":{"line":38,"column":8},"end":{"line":42,"column":11}},"31":{"start":{"line":45,"column":26},"end":{"line":52,"column":5}},"32":{"start":{"line":46,"column":18},"end":{"line":46,"column":56}},"33":{"start":{"line":47,"column":8},"end":{"line":51,"column":11}},"34":{"start":{"line":54,"column":27},"end":{"line":73,"column":5}},"35":{"start":{"line":55,"column":8},"end":{"line":62,"column":9}},"36":{"start":{"line":56,"column":12},"end":{"line":60,"column":15}},"37":{"start":{"line":61,"column":12},"end":{"line":61,"column":19}},"38":{"start":{"line":63,"column":17},"end":{"line":63,"column":36}},"39":{"start":{"line":63,"column":44},"end":{"line":63,"column":63}},"40":{"start":{"line":64,"column":8},"end":{"line":68,"column":9}},"41":{"start":{"line":65,"column":12},"end":{"line":65,"column":69}},"42":{"start":{"line":65,"column":52},"end":{"line":65,"column":57}},"43":{"start":{"line":65,"column":63},"end":{"line":65,"column":69}},"44":{"start":{"line":66,"column":15},"end":{"line":68,"column":9}},"45":{"start":{"line":67,"column":12},"end":{"line":67,"column":69}},"46":{"start":{"line":67,"column":52},"end":{"line":67,"column":58}},"47":{"start":{"line":67,"column":64},"end":{"line":67,"column":69}},"48":{"start":{"line":69,"column":31},"end":{"line":69,"column":106}},"49":{"start":{"line":70,"column":8},"end":{"line":70,"column":112}},"50":{"start":{"line":71,"column":8},"end":{"line":71,"column":27}},"51":{"start":{"line":72,"column":8},"end":{"line":72,"column":29}},"52":{"start":{"line":75,"column":30},"end":{"line":85,"column":5}},"53":{"start":{"line":76,"column":19},"end":{"line":76,"column":48}},"54":{"start":{"line":77,"column":8},"end":{"line":77,"column":24}},"55":{"start":{"line":77,"column":17},"end":{"line":77,"column":24}},"56":{"start":{"line":78,"column":17},"end":{"line":78,"column":36}},"57":{"start":{"line":78,"column":44},"end":{"line":78,"column":63}},"58":{"start":{"line":79,"column":8},"end":{"line":83,"column":9}},"59":{"start":{"line":80,"column":12},"end":{"line":80,"column":110}},"60":{"start":{"line":80,"column":52},"end":{"line":80,"column":77}},"61":{"start":{"line":80,"column":83},"end":{"line":80,"column":110}},"62":{"start":{"line":81,"column":15},"end":{"line":83,"column":9}},"63":{"start":{"line":82,"column":12},"end":{"line":82,"column":110}},"64":{"start":{"line":82,"column":52},"end":{"line":82,"column":79}},"65":{"start":{"line":82,"column":85},"end":{"line":82,"column":110}},"66":{"start":{"line":84,"column":8},"end":{"line":84,"column":131}},"67":{"start":{"line":84,"column":86},"end":{"line":84,"column":95}},"68":{"start":{"line":87,"column":26},"end":{"line":89,"column":5}},"69":{"start":{"line":88,"column":8},"end":{"line":88,"column":107}},"70":{"start":{"line":91,"column":47},"end":{"line":94,"column":5}},"71":{"start":{"line":95,"column":48},"end":{"line":98,"column":5}},"72":{"start":{"line":99,"column":45},"end":{"line":99,"column":124}},"73":{"start":{"line":101,"column":22},"end":{"line":102,"column":127}},"74":{"start":{"line":103,"column":26},"end":{"line":103,"column":68}},"75":{"start":{"line":105,"column":4},"end":{"line":241,"column":6}},"76":{"start":{"line":128,"column":76},"end":{"line":128,"column":99}},"77":{"start":{"line":130,"column":76},"end":{"line":130,"column":98}},"78":{"start":{"line":138,"column":76},"end":{"line":138,"column":99}},"79":{"start":{"line":140,"column":76},"end":{"line":140,"column":98}},"80":{"start":{"line":149,"column":150},"end":{"line":149,"column":174}},"81":{"start":{"line":151,"column":150},"end":{"line":151,"column":174}},"82":{"start":{"line":157,"column":108},"end":{"line":157,"column":130}},"83":{"start":{"line":161,"column":111},"end":{"line":161,"column":132}},"84":{"start":{"line":175,"column":134},"end":{"line":175,"column":165}},"85":{"start":{"line":175,"column":166},"end":{"line":175,"column":185}},"86":{"start":{"line":178,"column":134},"end":{"line":178,"column":165}},"87":{"start":{"line":178,"column":166},"end":{"line":178,"column":185}},"88":{"start":{"line":186,"column":44},"end":{"line":188,"column":63}},"89":{"start":{"line":186,"column":155},"end":{"line":186,"column":175}},"90":{"start":{"line":195,"column":40},"end":{"line":198,"column":59}},"91":{"start":{"line":195,"column":137},"end":{"line":195,"column":153}},"92":{"start":{"line":210,"column":42},"end":{"line":210,"column":81}},"93":{"start":{"line":210,"column":60},"end":{"line":210,"column":80}},"94":{"start":{"line":211,"column":47},"end":{"line":211,"column":81}},"95":{"start":{"line":212,"column":32},"end":{"line":223,"column":34}},"96":{"start":{"line":219,"column":73},"end":{"line":219,"column":95}},"97":{"start":{"line":232,"column":50},"end":{"line":232,"column":162}},"98":{"start":{"line":232,"column":136},"end":{"line":232,"column":158}},"99":{"start":{"line":234,"column":50},"end":{"line":234,"column":162}},"100":{"start":{"line":234,"column":136},"end":{"line":234,"column":158}},"101":{"start":{"line":245,"column":15},"end":{"line":245,"column":126}},"102":{"start":{"line":246,"column":4},"end":{"line":261,"column":6}},"103":{"start":{"line":256,"column":35},"end":{"line":256,"column":61}},"104":{"start":{"line":264,"column":10},"end":{"line":318,"column":2}}},"fnMap":{"0":{"name":"MatchCenterModal","decl":{"start":{"line":13,"column":24},"end":{"line":13,"column":40}},"loc":{"start":{"line":13,"column":77},"end":{"line":242,"column":1}},"line":13},"1":{"name":"(anonymous_1)","decl":{"start":{"line":14,"column":31},"end":{"line":14,"column":32}},"loc":{"start":{"line":14,"column":36},"end":{"line":14,"column":47}},"line":14},"2":{"name":"(anonymous_2)","decl":{"start":{"line":15,"column":29},"end":{"line":15,"column":30}},"loc":{"start":{"line":15,"column":34},"end":{"line":15,"column":43}},"line":15},"3":{"name":"(anonymous_3)","decl":{"start":{"line":16,"column":29},"end":{"line":16,"column":30}},"loc":{"start":{"line":16,"column":34},"end":{"line":16,"column":43}},"line":16},"4":{"name":"(anonymous_4)","decl":{"start":{"line":17,"column":32},"end":{"line":17,"column":33}},"loc":{"start":{"line":17,"column":37},"end":{"line":17,"column":60}},"line":17},"5":{"name":"(anonymous_5)","decl":{"start":{"line":18,"column":38},"end":{"line":18,"column":39}},"loc":{"start":{"line":18,"column":43},"end":{"line":18,"column":61}},"line":18},"6":{"name":"(anonymous_6)","decl":{"start":{"line":25,"column":36},"end":{"line":25,"column":37}},"loc":{"start":{"line":25,"column":41},"end":{"line":25,"column":66}},"line":25},"7":{"name":"(anonymous_7)","decl":{"start":{"line":26,"column":36},"end":{"line":26,"column":37}},"loc":{"start":{"line":26,"column":41},"end":{"line":26,"column":66}},"line":26},"8":{"name":"(anonymous_8)","decl":{"start":{"line":27,"column":39},"end":{"line":27,"column":40}},"loc":{"start":{"line":27,"column":44},"end":{"line":27,"column":77}},"line":27},"9":{"name":"(anonymous_9)","decl":{"start":{"line":28,"column":39},"end":{"line":28,"column":40}},"loc":{"start":{"line":28,"column":44},"end":{"line":28,"column":77}},"line":28},"10":{"name":"(anonymous_10)","decl":{"start":{"line":29,"column":51},"end":{"line":29,"column":52}},"loc":{"start":{"line":29,"column":56},"end":{"line":29,"column":82}},"line":29},"11":{"name":"(anonymous_11)","decl":{"start":{"line":31,"column":31},"end":{"line":31,"column":32}},"loc":{"start":{"line":31,"column":36},"end":{"line":31,"column":45}},"line":31},"12":{"name":"(anonymous_12)","decl":{"start":{"line":31,"column":52},"end":{"line":31,"column":53}},"loc":{"start":{"line":31,"column":57},"end":{"line":31,"column":74}},"line":31},"13":{"name":"(anonymous_13)","decl":{"start":{"line":33,"column":24},"end":{"line":33,"column":25}},"loc":{"start":{"line":33,"column":44},"end":{"line":35,"column":5}},"line":33},"14":{"name":"(anonymous_14)","decl":{"start":{"line":37,"column":24},"end":{"line":37,"column":25}},"loc":{"start":{"line":37,"column":66},"end":{"line":43,"column":5}},"line":37},"15":{"name":"(anonymous_15)","decl":{"start":{"line":45,"column":26},"end":{"line":45,"column":27}},"loc":{"start":{"line":45,"column":66},"end":{"line":52,"column":5}},"line":45},"16":{"name":"(anonymous_16)","decl":{"start":{"line":54,"column":27},"end":{"line":54,"column":28}},"loc":{"start":{"line":54,"column":33},"end":{"line":73,"column":5}},"line":54},"17":{"name":"(anonymous_17)","decl":{"start":{"line":75,"column":30},"end":{"line":75,"column":31}},"loc":{"start":{"line":75,"column":47},"end":{"line":85,"column":5}},"line":75},"18":{"name":"(anonymous_18)","decl":{"start":{"line":84,"column":76},"end":{"line":84,"column":77}},"loc":{"start":{"line":84,"column":86},"end":{"line":84,"column":95}},"line":84},"19":{"name":"(anonymous_19)","decl":{"start":{"line":87,"column":26},"end":{"line":87,"column":27}},"loc":{"start":{"line":87,"column":62},"end":{"line":89,"column":5}},"line":87},"20":{"name":"(anonymous_20)","decl":{"start":{"line":128,"column":70},"end":{"line":128,"column":71}},"loc":{"start":{"line":128,"column":76},"end":{"line":128,"column":99}},"line":128},"21":{"name":"(anonymous_21)","decl":{"start":{"line":130,"column":70},"end":{"line":130,"column":71}},"loc":{"start":{"line":130,"column":76},"end":{"line":130,"column":98}},"line":130},"22":{"name":"(anonymous_22)","decl":{"start":{"line":138,"column":70},"end":{"line":138,"column":71}},"loc":{"start":{"line":138,"column":76},"end":{"line":138,"column":99}},"line":138},"23":{"name":"(anonymous_23)","decl":{"start":{"line":140,"column":70},"end":{"line":140,"column":71}},"loc":{"start":{"line":140,"column":76},"end":{"line":140,"column":98}},"line":140},"24":{"name":"(anonymous_24)","decl":{"start":{"line":149,"column":145},"end":{"line":149,"column":146}},"loc":{"start":{"line":149,"column":150},"end":{"line":149,"column":174}},"line":149},"25":{"name":"(anonymous_25)","decl":{"start":{"line":151,"column":145},"end":{"line":151,"column":146}},"loc":{"start":{"line":151,"column":150},"end":{"line":151,"column":174}},"line":151},"26":{"name":"(anonymous_26)","decl":{"start":{"line":157,"column":102},"end":{"line":157,"column":103}},"loc":{"start":{"line":157,"column":108},"end":{"line":157,"column":130}},"line":157},"27":{"name":"(anonymous_27)","decl":{"start":{"line":161,"column":105},"end":{"line":161,"column":106}},"loc":{"start":{"line":161,"column":111},"end":{"line":161,"column":132}},"line":161},"28":{"name":"(anonymous_28)","decl":{"start":{"line":175,"column":126},"end":{"line":175,"column":127}},"loc":{"start":{"line":175,"column":132},"end":{"line":175,"column":187}},"line":175},"29":{"name":"(anonymous_29)","decl":{"start":{"line":178,"column":126},"end":{"line":178,"column":127}},"loc":{"start":{"line":178,"column":132},"end":{"line":178,"column":187}},"line":178},"30":{"name":"(anonymous_30)","decl":{"start":{"line":185,"column":57},"end":{"line":185,"column":58}},"loc":{"start":{"line":186,"column":44},"end":{"line":188,"column":63}},"line":186},"31":{"name":"(anonymous_31)","decl":{"start":{"line":186,"column":149},"end":{"line":186,"column":150}},"loc":{"start":{"line":186,"column":155},"end":{"line":186,"column":175}},"line":186},"32":{"name":"(anonymous_32)","decl":{"start":{"line":194,"column":52},"end":{"line":194,"column":53}},"loc":{"start":{"line":195,"column":40},"end":{"line":198,"column":59}},"line":195},"33":{"name":"(anonymous_33)","decl":{"start":{"line":195,"column":131},"end":{"line":195,"column":132}},"loc":{"start":{"line":195,"column":137},"end":{"line":195,"column":153}},"line":195},"34":{"name":"(anonymous_34)","decl":{"start":{"line":209,"column":58},"end":{"line":209,"column":59}},"loc":{"start":{"line":209,"column":71},"end":{"line":224,"column":29}},"line":209},"35":{"name":"(anonymous_35)","decl":{"start":{"line":210,"column":55},"end":{"line":210,"column":56}},"loc":{"start":{"line":210,"column":60},"end":{"line":210,"column":80}},"line":210},"36":{"name":"(anonymous_36)","decl":{"start":{"line":219,"column":67},"end":{"line":219,"column":68}},"loc":{"start":{"line":219,"column":73},"end":{"line":219,"column":95}},"line":219},"37":{"name":"(anonymous_37)","decl":{"start":{"line":232,"column":45},"end":{"line":232,"column":46}},"loc":{"start":{"line":232,"column":50},"end":{"line":232,"column":162}},"line":232},"38":{"name":"(anonymous_38)","decl":{"start":{"line":232,"column":131},"end":{"line":232,"column":132}},"loc":{"start":{"line":232,"column":136},"end":{"line":232,"column":158}},"line":232},"39":{"name":"(anonymous_39)","decl":{"start":{"line":234,"column":45},"end":{"line":234,"column":46}},"loc":{"start":{"line":234,"column":50},"end":{"line":234,"column":162}},"line":234},"40":{"name":"(anonymous_40)","decl":{"start":{"line":234,"column":131},"end":{"line":234,"column":132}},"loc":{"start":{"line":234,"column":136},"end":{"line":234,"column":158}},"line":234},"41":{"name":"VoteRow","decl":{"start":{"line":244,"column":9},"end":{"line":244,"column":16}},"loc":{"start":{"line":244,"column":106},"end":{"line":262,"column":1}},"line":244},"42":{"name":"(anonymous_42)","decl":{"start":{"line":256,"column":30},"end":{"line":256,"column":31}},"loc":{"start":{"line":256,"column":35},"end":{"line":256,"column":61}},"line":256}},"branchMap":{"0":{"loc":{"start":{"line":29,"column":24},"end":{"line":29,"column":88}},"type":"cond-expr","locations":[{"start":{"line":29,"column":36},"end":{"line":29,"column":83}},{"start":{"line":29,"column":86},"end":{"line":29,"column":88}}],"line":29},"1":{"loc":{"start":{"line":31,"column":22},"end":{"line":31,"column":84}},"type":"binary-expr","locations":[{"start":{"line":31,"column":22},"end":{"line":31,"column":75}},{"start":{"line":31,"column":79},"end":{"line":31,"column":84}}],"line":31},"2":{"loc":{"start":{"line":40,"column":23},"end":{"line":40,"column":103}},"type":"cond-expr","locations":[{"start":{"line":40,"column":41},"end":{"line":40,"column":81}},{"start":{"line":40,"column":84},"end":{"line":40,"column":103}}],"line":40},"3":{"loc":{"start":{"line":41,"column":23},"end":{"line":41,"column":103}},"type":"cond-expr","locations":[{"start":{"line":41,"column":41},"end":{"line":41,"column":81}},{"start":{"line":41,"column":84},"end":{"line":41,"column":103}}],"line":41},"4":{"loc":{"start":{"line":46,"column":18},"end":{"line":46,"column":56}},"type":"cond-expr","locations":[{"start":{"line":46,"column":31},"end":{"line":46,"column":40}},{"start":{"line":46,"column":43},"end":{"line":46,"column":56}}],"line":46},"5":{"loc":{"start":{"line":49,"column":27},"end":{"line":49,"column":72}},"type":"cond-expr","locations":[{"start":{"line":49,"column":45},"end":{"line":49,"column":46}},{"start":{"line":49,"column":49},"end":{"line":49,"column":72}}],"line":49},"6":{"loc":{"start":{"line":50,"column":27},"end":{"line":50,"column":72}},"type":"cond-expr","locations":[{"start":{"line":50,"column":45},"end":{"line":50,"column":46}},{"start":{"line":50,"column":49},"end":{"line":50,"column":72}}],"line":50},"7":{"loc":{"start":{"line":55,"column":8},"end":{"line":62,"column":9}},"type":"if","locations":[{"start":{"line":55,"column":8},"end":{"line":62,"column":9}},{"start":{},"end":{}}],"line":55},"8":{"loc":{"start":{"line":55,"column":12},"end":{"line":55,"column":38}},"type":"binary-expr","locations":[{"start":{"line":55,"column":12},"end":{"line":55,"column":24}},{"start":{"line":55,"column":28},"end":{"line":55,"column":38}}],"line":55},"9":{"loc":{"start":{"line":64,"column":8},"end":{"line":68,"column":9}},"type":"if","locations":[{"start":{"line":64,"column":8},"end":{"line":68,"column":9}},{"start":{"line":66,"column":15},"end":{"line":68,"column":9}}],"line":64},"10":{"loc":{"start":{"line":65,"column":12},"end":{"line":65,"column":69}},"type":"if","locations":[{"start":{"line":65,"column":12},"end":{"line":65,"column":69}},{"start":{"line":65,"column":63},"end":{"line":65,"column":69}}],"line":65},"11":{"loc":{"start":{"line":66,"column":15},"end":{"line":68,"column":9}},"type":"if","locations":[{"start":{"line":66,"column":15},"end":{"line":68,"column":9}},{"start":{},"end":{}}],"line":66},"12":{"loc":{"start":{"line":67,"column":12},"end":{"line":67,"column":69}},"type":"if","locations":[{"start":{"line":67,"column":12},"end":{"line":67,"column":69}},{"start":{"line":67,"column":64},"end":{"line":67,"column":69}}],"line":67},"13":{"loc":{"start":{"line":70,"column":49},"end":{"line":70,"column":71}},"type":"binary-expr","locations":[{"start":{"line":70,"column":49},"end":{"line":70,"column":65}},{"start":{"line":70,"column":69},"end":{"line":70,"column":71}}],"line":70},"14":{"loc":{"start":{"line":76,"column":20},"end":{"line":76,"column":42}},"type":"binary-expr","locations":[{"start":{"line":76,"column":20},"end":{"line":76,"column":36}},{"start":{"line":76,"column":40},"end":{"line":76,"column":42}}],"line":76},"15":{"loc":{"start":{"line":77,"column":8},"end":{"line":77,"column":24}},"type":"if","locations":[{"start":{"line":77,"column":8},"end":{"line":77,"column":24}},{"start":{},"end":{}}],"line":77},"16":{"loc":{"start":{"line":79,"column":8},"end":{"line":83,"column":9}},"type":"if","locations":[{"start":{"line":79,"column":8},"end":{"line":83,"column":9}},{"start":{"line":81,"column":15},"end":{"line":83,"column":9}}],"line":79},"17":{"loc":{"start":{"line":80,"column":12},"end":{"line":80,"column":110}},"type":"if","locations":[{"start":{"line":80,"column":12},"end":{"line":80,"column":110}},{"start":{"line":80,"column":83},"end":{"line":80,"column":110}}],"line":80},"18":{"loc":{"start":{"line":81,"column":15},"end":{"line":83,"column":9}},"type":"if","locations":[{"start":{"line":81,"column":15},"end":{"line":83,"column":9}},{"start":{},"end":{}}],"line":81},"19":{"loc":{"start":{"line":82,"column":12},"end":{"line":82,"column":110}},"type":"if","locations":[{"start":{"line":82,"column":12},"end":{"line":82,"column":110}},{"start":{"line":82,"column":85},"end":{"line":82,"column":110}}],"line":82},"20":{"loc":{"start":{"line":84,"column":45},"end":{"line":84,"column":67}},"type":"binary-expr","locations":[{"start":{"line":84,"column":45},"end":{"line":84,"column":61}},{"start":{"line":84,"column":65},"end":{"line":84,"column":67}}],"line":84},"21":{"loc":{"start":{"line":88,"column":55},"end":{"line":88,"column":82}},"type":"binary-expr","locations":[{"start":{"line":88,"column":55},"end":{"line":88,"column":76}},{"start":{"line":88,"column":80},"end":{"line":88,"column":82}}],"line":88},"22":{"loc":{"start":{"line":101,"column":22},"end":{"line":102,"column":127}},"type":"binary-expr","locations":[{"start":{"line":101,"column":22},"end":{"line":101,"column":55}},{"start":{"line":101,"column":59},"end":{"line":101,"column":92}},{"start":{"line":102,"column":9},"end":{"line":102,"column":48}},{"start":{"line":102,"column":53},"end":{"line":102,"column":85}},{"start":{"line":102,"column":89},"end":{"line":102,"column":125}}],"line":101},"23":{"loc":{"start":{"line":110,"column":30},"end":{"line":110,"column":74}},"type":"cond-expr","locations":[{"start":{"line":110,"column":54},"end":{"line":110,"column":63}},{"start":{"line":110,"column":66},"end":{"line":110,"column":74}}],"line":110},"24":{"loc":{"start":{"line":118,"column":47},"end":{"line":118,"column":132}},"type":"cond-expr","locations":[{"start":{"line":118,"column":86},"end":{"line":118,"column":127}},{"start":{"line":118,"column":130},"end":{"line":118,"column":132}}],"line":118},"25":{"loc":{"start":{"line":118,"column":135},"end":{"line":118,"column":180}},"type":"cond-expr","locations":[{"start":{"line":118,"column":153},"end":{"line":118,"column":175}},{"start":{"line":118,"column":178},"end":{"line":118,"column":180}}],"line":118},"26":{"loc":{"start":{"line":125,"column":75},"end":{"line":125,"column":107}},"type":"binary-expr","locations":[{"start":{"line":125,"column":75},"end":{"line":125,"column":100}},{"start":{"line":125,"column":104},"end":{"line":125,"column":107}}],"line":125},"27":{"loc":{"start":{"line":135,"column":75},"end":{"line":135,"column":107}},"type":"binary-expr","locations":[{"start":{"line":135,"column":75},"end":{"line":135,"column":100}},{"start":{"line":135,"column":104},"end":{"line":135,"column":107}}],"line":135},"28":{"loc":{"start":{"line":146,"column":17},"end":{"line":153,"column":17}},"type":"binary-expr","locations":[{"start":{"line":146,"column":17},"end":{"line":146,"column":26}},{"start":{"line":147,"column":20},"end":{"line":152,"column":27}}],"line":146},"29":{"loc":{"start":{"line":149,"column":88},"end":{"line":149,"column":129}},"type":"binary-expr","locations":[{"start":{"line":149,"column":88},"end":{"line":149,"column":123}},{"start":{"line":149,"column":127},"end":{"line":149,"column":129}}],"line":149},"30":{"loc":{"start":{"line":151,"column":88},"end":{"line":151,"column":129}},"type":"binary-expr","locations":[{"start":{"line":151,"column":88},"end":{"line":151,"column":123}},{"start":{"line":151,"column":127},"end":{"line":151,"column":129}}],"line":151},"31":{"loc":{"start":{"line":157,"column":53},"end":{"line":157,"column":90}},"type":"binary-expr","locations":[{"start":{"line":157,"column":53},"end":{"line":157,"column":75}},{"start":{"line":157,"column":79},"end":{"line":157,"column":90}}],"line":157},"32":{"loc":{"start":{"line":158,"column":49},"end":{"line":158,"column":90}},"type":"binary-expr","locations":[{"start":{"line":158,"column":49},"end":{"line":158,"column":71}},{"start":{"line":158,"column":75},"end":{"line":158,"column":90}}],"line":158},"33":{"loc":{"start":{"line":160,"column":21},"end":{"line":164,"column":21}},"type":"binary-expr","locations":[{"start":{"line":160,"column":21},"end":{"line":160,"column":34}},{"start":{"line":161,"column":24},"end":{"line":163,"column":43}}],"line":160},"34":{"loc":{"start":{"line":161,"column":57},"end":{"line":161,"column":93}},"type":"binary-expr","locations":[{"start":{"line":161,"column":57},"end":{"line":161,"column":78}},{"start":{"line":161,"column":82},"end":{"line":161,"column":93}}],"line":161},"35":{"loc":{"start":{"line":162,"column":53},"end":{"line":162,"column":93}},"type":"binary-expr","locations":[{"start":{"line":162,"column":53},"end":{"line":162,"column":74}},{"start":{"line":162,"column":78},"end":{"line":162,"column":93}}],"line":162},"36":{"loc":{"start":{"line":168,"column":21},"end":{"line":226,"column":21}},"type":"binary-expr","locations":[{"start":{"line":168,"column":21},"end":{"line":168,"column":43}},{"start":{"line":169,"column":24},"end":{"line":225,"column":31}}],"line":168},"37":{"loc":{"start":{"line":175,"column":70},"end":{"line":175,"column":114}},"type":"binary-expr","locations":[{"start":{"line":175,"column":70},"end":{"line":175,"column":100}},{"start":{"line":175,"column":104},"end":{"line":175,"column":114}}],"line":175},"38":{"loc":{"start":{"line":178,"column":70},"end":{"line":178,"column":114}},"type":"binary-expr","locations":[{"start":{"line":178,"column":70},"end":{"line":178,"column":100}},{"start":{"line":178,"column":104},"end":{"line":178,"column":114}}],"line":178},"39":{"loc":{"start":{"line":183,"column":33},"end":{"line":191,"column":33}},"type":"binary-expr","locations":[{"start":{"line":183,"column":33},"end":{"line":183,"column":49}},{"start":{"line":184,"column":36},"end":{"line":190,"column":49}}],"line":183},"40":{"loc":{"start":{"line":186,"column":95},"end":{"line":186,"column":137}},"type":"binary-expr","locations":[{"start":{"line":186,"column":95},"end":{"line":186,"column":115}},{"start":{"line":186,"column":119},"end":{"line":186,"column":137}}],"line":186},"41":{"loc":{"start":{"line":195,"column":85},"end":{"line":195,"column":119}},"type":"binary-expr","locations":[{"start":{"line":195,"column":85},"end":{"line":195,"column":101}},{"start":{"line":195,"column":105},"end":{"line":195,"column":119}}],"line":195},"42":{"loc":{"start":{"line":197,"column":72},"end":{"line":197,"column":110}},"type":"binary-expr","locations":[{"start":{"line":197,"column":72},"end":{"line":197,"column":88}},{"start":{"line":197,"column":92},"end":{"line":197,"column":110}}],"line":197},"43":{"loc":{"start":{"line":207,"column":69},"end":{"line":207,"column":91}},"type":"binary-expr","locations":[{"start":{"line":207,"column":69},"end":{"line":207,"column":85}},{"start":{"line":207,"column":89},"end":{"line":207,"column":91}}],"line":207},"44":{"loc":{"start":{"line":208,"column":29},"end":{"line":208,"column":128}},"type":"binary-expr","locations":[{"start":{"line":208,"column":29},"end":{"line":208,"column":66}},{"start":{"line":208,"column":70},"end":{"line":208,"column":128}}],"line":208},"45":{"loc":{"start":{"line":208,"column":30},"end":{"line":208,"column":52}},"type":"binary-expr","locations":[{"start":{"line":208,"column":30},"end":{"line":208,"column":46}},{"start":{"line":208,"column":50},"end":{"line":208,"column":52}}],"line":208},"46":{"loc":{"start":{"line":209,"column":30},"end":{"line":209,"column":52}},"type":"binary-expr","locations":[{"start":{"line":209,"column":30},"end":{"line":209,"column":46}},{"start":{"line":209,"column":50},"end":{"line":209,"column":52}}],"line":209},"47":{"loc":{"start":{"line":213,"column":88},"end":{"line":213,"column":118}},"type":"cond-expr","locations":[{"start":{"line":213,"column":97},"end":{"line":213,"column":106}},{"start":{"line":213,"column":109},"end":{"line":213,"column":118}}],"line":213},"48":{"loc":{"start":{"line":214,"column":64},"end":{"line":214,"column":90}},"type":"binary-expr","locations":[{"start":{"line":214,"column":64},"end":{"line":214,"column":83}},{"start":{"line":214,"column":87},"end":{"line":214,"column":90}}],"line":214},"49":{"loc":{"start":{"line":216,"column":68},"end":{"line":216,"column":82}},"type":"binary-expr","locations":[{"start":{"line":216,"column":68},"end":{"line":216,"column":75}},{"start":{"line":216,"column":79},"end":{"line":216,"column":82}}],"line":216},"50":{"loc":{"start":{"line":217,"column":68},"end":{"line":217,"column":99}},"type":"binary-expr","locations":[{"start":{"line":217,"column":68},"end":{"line":217,"column":88}},{"start":{"line":217,"column":92},"end":{"line":217,"column":99}}],"line":217},"51":{"loc":{"start":{"line":228,"column":21},"end":{"line":236,"column":21}},"type":"binary-expr","locations":[{"start":{"line":228,"column":21},"end":{"line":228,"column":42}},{"start":{"line":229,"column":24},"end":{"line":235,"column":31}}],"line":228},"52":{"loc":{"start":{"line":232,"column":87},"end":{"line":232,"column":121}},"type":"binary-expr","locations":[{"start":{"line":232,"column":87},"end":{"line":232,"column":116}},{"start":{"line":232,"column":120},"end":{"line":232,"column":121}}],"line":232},"53":{"loc":{"start":{"line":234,"column":87},"end":{"line":234,"column":121}},"type":"binary-expr","locations":[{"start":{"line":234,"column":87},"end":{"line":234,"column":116}},{"start":{"line":234,"column":120},"end":{"line":234,"column":121}}],"line":234},"54":{"loc":{"start":{"line":245,"column":15},"end":{"line":245,"column":126}},"type":"cond-expr","locations":[{"start":{"line":245,"column":28},"end":{"line":245,"column":51}},{"start":{"line":245,"column":54},"end":{"line":245,"column":126}}],"line":245},"55":{"loc":{"start":{"line":245,"column":54},"end":{"line":245,"column":126}},"type":"cond-expr","locations":[{"start":{"line":245,"column":77},"end":{"line":245,"column":99}},{"start":{"line":245,"column":102},"end":{"line":245,"column":126}}],"line":245},"56":{"loc":{"start":{"line":245,"column":54},"end":{"line":245,"column":74}},"type":"binary-expr","locations":[{"start":{"line":245,"column":54},"end":{"line":245,"column":62}},{"start":{"line":245,"column":66},"end":{"line":245,"column":74}}],"line":245},"57":{"loc":{"start":{"line":255,"column":23},"end":{"line":255,"column":50}},"type":"cond-expr","locations":[{"start":{"line":255,"column":30},"end":{"line":255,"column":45}},{"start":{"line":255,"column":48},"end":{"line":255,"column":50}}],"line":255},"58":{"loc":{"start":{"line":256,"column":42},"end":{"line":256,"column":60}},"type":"binary-expr","locations":[{"start":{"line":256,"column":42},"end":{"line":256,"column":55}},{"start":{"line":256,"column":59},"end":{"line":256,"column":60}}],"line":256}},"s":{"0":0,"1":0,"2":0,"3":0,"4":0,"5":0,"6":0,"7":0,"8":0,"9":0,"10":0,"11":0,"12":0,"13":0,"14":0,"15":0,"16":0,"17":0,"18":0,"19":0,"20":0,"21":0,"22":0,"23":0,"24":0,"25":0,"26":0,"27":0,"28":0,"29":0,"30":0,"31":0,"32":0,"33":0,"34":0,"35":0,"36":0,"37":0,"38":0,"39":0,"40":0,"41":0,"42":0,"43":0,"44":0,"45":0,"46":0,"47":0,"48":0,"49":0,"50":0,"51":0,"52":0,"53":0,"54":0,"55":0,"56":0,"57":0,"58":0,"59":0,"60":0,"61":0,"62":0,"63":0,"64":0,"65":0,"66":0,"67":0,"68":0,"69":0,"70":0,"71":0,"72":0,"73":0,"74":0,"75":0,"76":0,"77":0,"78":0,"79":0,"80":0,"81":0,"82":0,"83":0,"84":0,"85":0,"86":0,"87":0,"88":0,"89":0,"90":0,"91":0,"92":0,"93":0,"94":0,"95":0,"96":0,"97":0,"98":0,"99":0,"100":0,"101":0,"102":0,"103":0,"104":0},"f":{"0":0,"1":0,"2":0,"3":0,"4":0,"5":0,"6":0,"7":0,"8":0,"9":0,"10":0,"11":0,"12":0,"13":0,"14":0,"15":0,"16":0,"17":0,"18":0,"19":0,"20":0,"21":0,"22":0,"23":0,"24":0,"25":0,"26":0,"27":0,"28":0,"29":0,"30":0,"31":0,"32":0,"33":0,"34":0,"35":0,"36":0,"37":0,"38":0,"39":0,"40":0,"41":0,"42":0},"b":{"0":[0,0],"1":[0,0],"2":[0,0],"3":[0,0],"4":[0,0],"5":[0,0],"6":[0,0],"7":[0,0],"8":[0,0],"9":[0,0],"10":[0,0],"11":[0,0],"12":[0,0],"13":[0,0],"14":[0,0],"15":[0,0],"16":[0,0],"17":[0,0],"18":[0,0],"19":[0,0],"20":[0,0],"21":[0,0],"22":[0,0,0,0,0],"23":[0,0],"24":[0,0],"25":[0,0],"26":[0,0],"27":[0,0],"28":[0,0],"29":[0,0],"30":[0,0],"31":[0,0],"32":[0,0],"33":[0,0],"34":[0,0],"35":[0,0],"36":[0,0],"37":[0,0],"38":[0,0],"39":[0,0],"40":[0,0],"41":[0,0],"42":[0,0],"43":[0,0],"44":[0,0],"45":[0,0],"46":[0,0],"47":[0,0],"48":[0,0],"49":[0,0],"50":[0,0],"51":[0,0],"52":[0,0],"53":[0,0],"54":[0,0],"55":[0,0],"56":[0,0],"57":[0,0],"58":[0,0]}}
,"/Users/marcodesposito/Desktop/Davide/Agent Manager - Antigravity/fantalega-mobile/src/components/PremiumAlert.tsx": {"path":"/Users/marcodesposito/Desktop/Davide/Agent Manager - Antigravity/fantalega-mobile/src/components/PremiumAlert.tsx","statementMap":{"0":{"start":{"line":8,"column":25},"end":{"line":8,"column":62}},"1":{"start":{"line":8,"column":43},"end":{"line":8,"column":61}},"2":{"start":{"line":9,"column":29},"end":{"line":9,"column":70}},"3":{"start":{"line":9,"column":47},"end":{"line":9,"column":69}},"4":{"start":{"line":10,"column":23},"end":{"line":10,"column":60}},"5":{"start":{"line":12,"column":4},"end":{"line":22,"column":23}},"6":{"start":{"line":13,"column":8},"end":{"line":21,"column":9}},"7":{"start":{"line":14,"column":12},"end":{"line":18,"column":23}},"8":{"start":{"line":20,"column":12},"end":{"line":20,"column":33}},"9":{"start":{"line":24,"column":4},"end":{"line":24,"column":35}},"10":{"start":{"line":24,"column":23},"end":{"line":24,"column":35}},"11":{"start":{"line":26,"column":46},"end":{"line":26,"column":58}},"12":{"start":{"line":28,"column":20},"end":{"line":35,"column":5}},"13":{"start":{"line":29,"column":8},"end":{"line":34,"column":9}},"14":{"start":{"line":30,"column":28},"end":{"line":30,"column":78}},"15":{"start":{"line":31,"column":26},"end":{"line":31,"column":71}},"16":{"start":{"line":32,"column":28},"end":{"line":32,"column":79}},"17":{"start":{"line":33,"column":21},"end":{"line":33,"column":63}},"18":{"start":{"line":37,"column":25},"end":{"line":40,"column":5}},"19":{"start":{"line":38,"column":8},"end":{"line":38,"column":31}},"20":{"start":{"line":38,"column":21},"end":{"line":38,"column":31}},"21":{"start":{"line":39,"column":8},"end":{"line":39,"column":31}},"22":{"start":{"line":42,"column":27},"end":{"line":42,"column":76}},"23":{"start":{"line":44,"column":4},"end":{"line":88,"column":6}},"24":{"start":{"line":50,"column":35},"end":{"line":50,"column":79}},"25":{"start":{"line":64,"column":36},"end":{"line":80,"column":55}},"26":{"start":{"line":72,"column":55},"end":{"line":72,"column":83}},"27":{"start":{"line":91,"column":15},"end":{"line":167,"column":2}}},"fnMap":{"0":{"name":"PremiumAlert","decl":{"start":{"line":7,"column":24},"end":{"line":7,"column":36}},"loc":{"start":{"line":7,"column":39},"end":{"line":89,"column":1}},"line":7},"1":{"name":"(anonymous_1)","decl":{"start":{"line":8,"column":34},"end":{"line":8,"column":35}},"loc":{"start":{"line":8,"column":43},"end":{"line":8,"column":61}},"line":8},"2":{"name":"(anonymous_2)","decl":{"start":{"line":9,"column":38},"end":{"line":9,"column":39}},"loc":{"start":{"line":9,"column":47},"end":{"line":9,"column":69}},"line":9},"3":{"name":"(anonymous_3)","decl":{"start":{"line":12,"column":20},"end":{"line":12,"column":21}},"loc":{"start":{"line":12,"column":26},"end":{"line":22,"column":5}},"line":12},"4":{"name":"(anonymous_4)","decl":{"start":{"line":28,"column":20},"end":{"line":28,"column":21}},"loc":{"start":{"line":28,"column":26},"end":{"line":35,"column":5}},"line":28},"5":{"name":"(anonymous_5)","decl":{"start":{"line":37,"column":25},"end":{"line":37,"column":26}},"loc":{"start":{"line":37,"column":51},"end":{"line":40,"column":5}},"line":37},"6":{"name":"(anonymous_6)","decl":{"start":{"line":50,"column":29},"end":{"line":50,"column":30}},"loc":{"start":{"line":50,"column":35},"end":{"line":50,"column":79}},"line":50},"7":{"name":"(anonymous_7)","decl":{"start":{"line":63,"column":52},"end":{"line":63,"column":53}},"loc":{"start":{"line":64,"column":36},"end":{"line":80,"column":55}},"line":64},"8":{"name":"(anonymous_8)","decl":{"start":{"line":72,"column":49},"end":{"line":72,"column":50}},"loc":{"start":{"line":72,"column":55},"end":{"line":72,"column":83}},"line":72}},"branchMap":{"0":{"loc":{"start":{"line":13,"column":8},"end":{"line":21,"column":9}},"type":"if","locations":[{"start":{"line":13,"column":8},"end":{"line":21,"column":9}},{"start":{"line":19,"column":15},"end":{"line":21,"column":9}}],"line":13},"1":{"loc":{"start":{"line":24,"column":4},"end":{"line":24,"column":35}},"type":"if","locations":[{"start":{"line":24,"column":4},"end":{"line":24,"column":35}},{"start":{},"end":{}}],"line":24},"2":{"loc":{"start":{"line":29,"column":8},"end":{"line":34,"column":9}},"type":"switch","locations":[{"start":{"line":30,"column":12},"end":{"line":30,"column":78}},{"start":{"line":31,"column":12},"end":{"line":31,"column":71}},{"start":{"line":32,"column":12},"end":{"line":32,"column":79}},{"start":{"line":33,"column":12},"end":{"line":33,"column":63}}],"line":29},"3":{"loc":{"start":{"line":38,"column":8},"end":{"line":38,"column":31}},"type":"if","locations":[{"start":{"line":38,"column":8},"end":{"line":38,"column":31}},{"start":{},"end":{}}],"line":38},"4":{"loc":{"start":{"line":42,"column":27},"end":{"line":42,"column":76}},"type":"binary-expr","locations":[{"start":{"line":42,"column":27},"end":{"line":42,"column":34}},{"start":{"line":42,"column":38},"end":{"line":42,"column":76}}],"line":42},"5":{"loc":{"start":{"line":50,"column":35},"end":{"line":50,"column":79}},"type":"binary-expr","locations":[{"start":{"line":50,"column":35},"end":{"line":50,"column":53}},{"start":{"line":50,"column":57},"end":{"line":50,"column":79}}],"line":50},"6":{"loc":{"start":{"line":53,"column":41},"end":{"line":53,"column":73}},"type":"cond-expr","locations":[{"start":{"line":53,"column":65},"end":{"line":53,"column":67}},{"start":{"line":53,"column":70},"end":{"line":53,"column":73}}],"line":53},"7":{"loc":{"start":{"line":68,"column":44},"end":{"line":68,"column":102}},"type":"binary-expr","locations":[{"start":{"line":68,"column":44},"end":{"line":68,"column":74}},{"start":{"line":68,"column":78},"end":{"line":68,"column":102}}],"line":68},"8":{"loc":{"start":{"line":69,"column":44},"end":{"line":69,"column":92}},"type":"binary-expr","locations":[{"start":{"line":69,"column":44},"end":{"line":69,"column":69}},{"start":{"line":69,"column":73},"end":{"line":69,"column":92}}],"line":69},"9":{"loc":{"start":{"line":70,"column":44},"end":{"line":70,"column":76}},"type":"binary-expr","locations":[{"start":{"line":70,"column":44},"end":{"line":70,"column":53}},{"start":{"line":70,"column":57},"end":{"line":70,"column":76}}],"line":70},"10":{"loc":{"start":{"line":76,"column":44},"end":{"line":76,"column":96}},"type":"binary-expr","locations":[{"start":{"line":76,"column":44},"end":{"line":76,"column":69}},{"start":{"line":76,"column":73},"end":{"line":76,"column":96}}],"line":76}},"s":{"0":0,"1":0,"2":0,"3":0,"4":0,"5":0,"6":0,"7":0,"8":0,"9":0,"10":0,"11":0,"12":0,"13":0,"14":0,"15":0,"16":0,"17":0,"18":0,"19":0,"20":0,"21":0,"22":0,"23":0,"24":0,"25":0,"26":0,"27":0},"f":{"0":0,"1":0,"2":0,"3":0,"4":0,"5":0,"6":0,"7":0,"8":0},"b":{"0":[0,0],"1":[0,0],"2":[0,0,0,0],"3":[0,0],"4":[0,0],"5":[0,0],"6":[0,0],"7":[0,0],"8":[0,0],"9":[0,0],"10":[0,0]}}
,"/Users/marcodesposito/Desktop/Davide/Agent Manager - Antigravity/fantalega-mobile/src/config/environment.ts": {"path":"/Users/marcodesposito/Desktop/Davide/Agent Manager - Antigravity/fantalega-mobile/src/config/environment.ts","statementMap":{"0":{"start":{"line":5,"column":19},"end":{"line":26,"column":1}},"1":{"start":{"line":16,"column":24},"end":{"line":16,"column":26}},"2":{"start":{"line":17,"column":8},"end":{"line":17,"column":60}},"3":{"start":{"line":17,"column":31},"end":{"line":17,"column":60}},"4":{"start":{"line":18,"column":8},"end":{"line":18,"column":60}},"5":{"start":{"line":18,"column":31},"end":{"line":18,"column":60}},"6":{"start":{"line":20,"column":8},"end":{"line":23,"column":9}},"7":{"start":{"line":21,"column":12},"end":{"line":21,"column":89}},"8":{"start":{"line":22,"column":12},"end":{"line":22,"column":25}},"9":{"start":{"line":24,"column":8},"end":{"line":24,"column":20}},"10":{"start":{"line":29,"column":0},"end":{"line":32,"column":1}}},"fnMap":{"0":{"name":"(anonymous_0)","decl":{"start":{"line":15,"column":13},"end":{"line":15,"column":14}},"loc":{"start":{"line":15,"column":19},"end":{"line":25,"column":5}},"line":15}},"branchMap":{"0":{"loc":{"start":{"line":6,"column":18},"end":{"line":6,"column":60}},"type":"binary-expr","locations":[{"start":{"line":6,"column":18},"end":{"line":6,"column":54}},{"start":{"line":6,"column":58},"end":{"line":6,"column":60}}],"line":6},"1":{"loc":{"start":{"line":7,"column":18},"end":{"line":7,"column":65}},"type":"binary-expr","locations":[{"start":{"line":7,"column":18},"end":{"line":7,"column":59}},{"start":{"line":7,"column":63},"end":{"line":7,"column":65}}],"line":7},"2":{"loc":{"start":{"line":17,"column":8},"end":{"line":17,"column":60}},"type":"if","locations":[{"start":{"line":17,"column":8},"end":{"line":17,"column":60}},{"start":{},"end":{}}],"line":17},"3":{"loc":{"start":{"line":18,"column":8},"end":{"line":18,"column":60}},"type":"if","locations":[{"start":{"line":18,"column":8},"end":{"line":18,"column":60}},{"start":{},"end":{}}],"line":18},"4":{"loc":{"start":{"line":20,"column":8},"end":{"line":23,"column":9}},"type":"if","locations":[{"start":{"line":20,"column":8},"end":{"line":23,"column":9}},{"start":{},"end":{}}],"line":20},"5":{"loc":{"start":{"line":29,"column":0},"end":{"line":32,"column":1}},"type":"if","locations":[{"start":{"line":29,"column":0},"end":{"line":32,"column":1}},{"start":{},"end":{}}],"line":29},"6":{"loc":{"start":{"line":29,"column":4},"end":{"line":29,"column":29}},"type":"binary-expr","locations":[{"start":{"line":29,"column":4},"end":{"line":29,"column":11}},{"start":{"line":29,"column":15},"end":{"line":29,"column":29}}],"line":29}},"s":{"0":0,"1":0,"2":0,"3":0,"4":0,"5":0,"6":0,"7":0,"8":0,"9":0,"10":0},"f":{"0":0},"b":{"0":[0,0],"1":[0,0],"2":[0,0],"3":[0,0],"4":[0,0],"5":[0,0],"6":[0,0]}}
,"/Users/marcodesposito/Desktop/Davide/Agent Manager - Antigravity/fantalega-mobile/src/lib/api.ts": {"path":"/Users/marcodesposito/Desktop/Davide/Agent Manager - Antigravity/fantalega-mobile/src/lib/api.ts","statementMap":{"0":{"start":{"line":17,"column":19},"end":{"line":54,"column":1}},"1":{"start":{"line":24,"column":8},"end":{"line":50,"column":9}},"2":{"start":{"line":25,"column":44},"end":{"line":25,"column":62}},"3":{"start":{"line":27,"column":12},"end":{"line":36,"column":13}},"4":{"start":{"line":28,"column":16},"end":{"line":35,"column":18}},"5":{"start":{"line":38,"column":12},"end":{"line":41,"column":14}},"6":{"start":{"line":43,"column":12},"end":{"line":49,"column":14}}},"fnMap":{"0":{"name":"(anonymous_0)","decl":{"start":{"line":21,"column":4},"end":{"line":21,"column":5}},"loc":{"start":{"line":23,"column":29},"end":{"line":51,"column":5}},"line":23}},"branchMap":{"0":{"loc":{"start":{"line":27,"column":12},"end":{"line":36,"column":13}},"type":"if","locations":[{"start":{"line":27,"column":12},"end":{"line":36,"column":13}},{"start":{},"end":{}}],"line":27},"1":{"loc":{"start":{"line":46,"column":29},"end":{"line":46,"column":78}},"type":"binary-expr","locations":[{"start":{"line":46,"column":29},"end":{"line":46,"column":40}},{"start":{"line":46,"column":44},"end":{"line":46,"column":78}}],"line":46}},"s":{"0":0,"1":0,"2":0,"3":0,"4":0,"5":0,"6":0},"f":{"0":0},"b":{"0":[0,0],"1":[0,0]}}
,"/Users/marcodesposito/Desktop/Davide/Agent Manager - Antigravity/fantalega-mobile/src/lib/error-handler.ts": {"path":"/Users/marcodesposito/Desktop/Davide/Agent Manager - Antigravity/fantalega-mobile/src/lib/error-handler.ts","statementMap":{"0":{"start":{"line":10,"column":75},"end":{"line":10,"column":79}},"1":{"start":{"line":16,"column":38},"end":{"line":18,"column":1}},"2":{"start":{"line":17,"column":4},"end":{"line":17,"column":24}},"3":{"start":{"line":24,"column":27},"end":{"line":63,"column":1}},"4":{"start":{"line":25,"column":25},"end":{"line":25,"column":80}},"5":{"start":{"line":27,"column":4},"end":{"line":30,"column":7}},"6":{"start":{"line":32,"column":22},"end":{"line":32,"column":34}},"7":{"start":{"line":33,"column":19},"end":{"line":33,"column":43}},"8":{"start":{"line":35,"column":4},"end":{"line":47,"column":5}},"9":{"start":{"line":36,"column":8},"end":{"line":36,"column":80}},"10":{"start":{"line":37,"column":11},"end":{"line":47,"column":5}},"11":{"start":{"line":38,"column":8},"end":{"line":38,"column":67}},"12":{"start":{"line":39,"column":11},"end":{"line":47,"column":5}},"13":{"start":{"line":40,"column":8},"end":{"line":40,"column":75}},"14":{"start":{"line":41,"column":11},"end":{"line":47,"column":5}},"15":{"start":{"line":42,"column":8},"end":{"line":42,"column":45}},"16":{"start":{"line":43,"column":11},"end":{"line":47,"column":5}},"17":{"start":{"line":44,"column":8},"end":{"line":44,"column":80}},"18":{"start":{"line":45,"column":11},"end":{"line":47,"column":5}},"19":{"start":{"line":46,"column":8},"end":{"line":46,"column":77}},"20":{"start":{"line":50,"column":4},"end":{"line":56,"column":5}},"21":{"start":{"line":51,"column":8},"end":{"line":55,"column":11}},"22":{"start":{"line":58,"column":4},"end":{"line":62,"column":6}},"23":{"start":{"line":68,"column":27},"end":{"line":76,"column":1}},"24":{"start":{"line":69,"column":4},"end":{"line":75,"column":5}},"25":{"start":{"line":70,"column":8},"end":{"line":74,"column":11}}},"fnMap":{"0":{"name":"(anonymous_0)","decl":{"start":{"line":16,"column":38},"end":{"line":16,"column":39}},"loc":{"start":{"line":16,"column":91},"end":{"line":18,"column":1}},"line":16},"1":{"name":"(anonymous_1)","decl":{"start":{"line":24,"column":27},"end":{"line":24,"column":28}},"loc":{"start":{"line":24,"column":59},"end":{"line":63,"column":1}},"line":24},"2":{"name":"(anonymous_2)","decl":{"start":{"line":68,"column":27},"end":{"line":68,"column":28}},"loc":{"start":{"line":68,"column":76},"end":{"line":76,"column":1}},"line":68}},"branchMap":{"0":{"loc":{"start":{"line":25,"column":25},"end":{"line":25,"column":80}},"type":"binary-expr","locations":[{"start":{"line":25,"column":25},"end":{"line":25,"column":37}},{"start":{"line":25,"column":41},"end":{"line":25,"column":80}}],"line":25},"1":{"loc":{"start":{"line":27,"column":29},"end":{"line":27,"column":48}},"type":"binary-expr","locations":[{"start":{"line":27,"column":29},"end":{"line":27,"column":36}},{"start":{"line":27,"column":40},"end":{"line":27,"column":48}}],"line":27},"2":{"loc":{"start":{"line":33,"column":19},"end":{"line":33,"column":43}},"type":"binary-expr","locations":[{"start":{"line":33,"column":19},"end":{"line":33,"column":30}},{"start":{"line":33,"column":34},"end":{"line":33,"column":43}}],"line":33},"3":{"loc":{"start":{"line":35,"column":4},"end":{"line":47,"column":5}},"type":"if","locations":[{"start":{"line":35,"column":4},"end":{"line":47,"column":5}},{"start":{"line":37,"column":11},"end":{"line":47,"column":5}}],"line":35},"4":{"loc":{"start":{"line":35,"column":8},"end":{"line":35,"column":44}},"type":"binary-expr","locations":[{"start":{"line":35,"column":8},"end":{"line":35,"column":22}},{"start":{"line":35,"column":26},"end":{"line":35,"column":44}}],"line":35},"5":{"loc":{"start":{"line":37,"column":11},"end":{"line":47,"column":5}},"type":"if","locations":[{"start":{"line":37,"column":11},"end":{"line":47,"column":5}},{"start":{"line":39,"column":11},"end":{"line":47,"column":5}}],"line":37},"6":{"loc":{"start":{"line":37,"column":15},"end":{"line":37,"column":54}},"type":"binary-expr","locations":[{"start":{"line":37,"column":15},"end":{"line":37,"column":29}},{"start":{"line":37,"column":33},"end":{"line":37,"column":54}}],"line":37},"7":{"loc":{"start":{"line":39,"column":11},"end":{"line":47,"column":5}},"type":"if","locations":[{"start":{"line":39,"column":11},"end":{"line":47,"column":5}},{"start":{"line":41,"column":11},"end":{"line":47,"column":5}}],"line":39},"8":{"loc":{"start":{"line":41,"column":11},"end":{"line":47,"column":5}},"type":"if","locations":[{"start":{"line":41,"column":11},"end":{"line":47,"column":5}},{"start":{"line":43,"column":11},"end":{"line":47,"column":5}}],"line":41},"9":{"loc":{"start":{"line":43,"column":11},"end":{"line":47,"column":5}},"type":"if","locations":[{"start":{"line":43,"column":11},"end":{"line":47,"column":5}},{"start":{"line":45,"column":11},"end":{"line":47,"column":5}}],"line":43},"10":{"loc":{"start":{"line":43,"column":15},"end":{"line":43,"column":79}},"type":"binary-expr","locations":[{"start":{"line":43,"column":15},"end":{"line":43,"column":61}},{"start":{"line":43,"column":65},"end":{"line":43,"column":79}}],"line":43},"11":{"loc":{"start":{"line":45,"column":11},"end":{"line":47,"column":5}},"type":"if","locations":[{"start":{"line":45,"column":11},"end":{"line":47,"column":5}},{"start":{},"end":{}}],"line":45},"12":{"loc":{"start":{"line":45,"column":15},"end":{"line":45,"column":85}},"type":"binary-expr","locations":[{"start":{"line":45,"column":15},"end":{"line":45,"column":43}},{"start":{"line":45,"column":47},"end":{"line":45,"column":85}}],"line":45},"13":{"loc":{"start":{"line":50,"column":4},"end":{"line":56,"column":5}},"type":"if","locations":[{"start":{"line":50,"column":4},"end":{"line":56,"column":5}},{"start":{},"end":{}}],"line":50},"14":{"loc":{"start":{"line":53,"column":19},"end":{"line":53,"column":69}},"type":"cond-expr","locations":[{"start":{"line":53,"column":29},"end":{"line":53,"column":54}},{"start":{"line":53,"column":57},"end":{"line":53,"column":69}}],"line":53},"15":{"loc":{"start":{"line":68,"column":45},"end":{"line":68,"column":71}},"type":"default-arg","locations":[{"start":{"line":68,"column":61},"end":{"line":68,"column":71}}],"line":68},"16":{"loc":{"start":{"line":69,"column":4},"end":{"line":75,"column":5}},"type":"if","locations":[{"start":{"line":69,"column":4},"end":{"line":75,"column":5}},{"start":{},"end":{}}],"line":69}},"s":{"0":1,"1":1,"2":1,"3":1,"4":0,"5":0,"6":0,"7":0,"8":0,"9":0,"10":0,"11":0,"12":0,"13":0,"14":0,"15":0,"16":0,"17":0,"18":0,"19":0,"20":0,"21":0,"22":0,"23":1,"24":0,"25":0},"f":{"0":1,"1":0,"2":0},"b":{"0":[0,0],"1":[0,0],"2":[0,0],"3":[0,0],"4":[0,0],"5":[0,0],"6":[0,0],"7":[0,0],"8":[0,0],"9":[0,0],"10":[0,0],"11":[0,0],"12":[0,0],"13":[0,0],"14":[0,0],"15":[0],"16":[0,0]},"_coverageSchema":"1a1c01bbd47fc00a2c39e90264f33305004495a9","hash":"71ae2b87da69148012827959f6ad7f37679f6dbb"}
,"/Users/marcodesposito/Desktop/Davide/Agent Manager - Antigravity/fantalega-mobile/src/lib/supabase.ts": {"path":"/Users/marcodesposito/Desktop/Davide/Agent Manager - Antigravity/fantalega-mobile/src/lib/supabase.ts","statementMap":{"0":{"start":{"line":5,"column":20},"end":{"line":5,"column":56}},"1":{"start":{"line":6,"column":24},"end":{"line":6,"column":65}},"2":{"start":{"line":8,"column":0},"end":{"line":10,"column":1}},"3":{"start":{"line":9,"column":4},"end":{"line":9,"column":92}},"4":{"start":{"line":12,"column":24},"end":{"line":19,"column":2}}},"fnMap":{},"branchMap":{"0":{"loc":{"start":{"line":8,"column":0},"end":{"line":10,"column":1}},"type":"if","locations":[{"start":{"line":8,"column":0},"end":{"line":10,"column":1}},{"start":{},"end":{}}],"line":8},"1":{"loc":{"start":{"line":8,"column":4},"end":{"line":8,"column":36}},"type":"binary-expr","locations":[{"start":{"line":8,"column":4},"end":{"line":8,"column":16}},{"start":{"line":8,"column":20},"end":{"line":8,"column":36}}],"line":8}},"s":{"0":0,"1":0,"2":0,"3":0,"4":0},"f":{},"b":{"0":[0,0],"1":[0,0]}}
,"/Users/marcodesposito/Desktop/Davide/Agent Manager - Antigravity/fantalega-mobile/src/lib/validation.ts": {"path":"/Users/marcodesposito/Desktop/Davide/Agent Manager - Antigravity/fantalega-mobile/src/lib/validation.ts","statementMap":{"0":{"start":{"line":5,"column":28},"end":{"line":8,"column":1}},"1":{"start":{"line":6,"column":15},"end":{"line":6,"column":43}},"2":{"start":{"line":7,"column":4},"end":{"line":7,"column":26}},"3":{"start":{"line":10,"column":32},"end":{"line":12,"column":1}},"4":{"start":{"line":11,"column":4},"end":{"line":11,"column":60}},"5":{"start":{"line":14,"column":26},"end":{"line":16,"column":1}},"6":{"start":{"line":15,"column":4},"end":{"line":15,"column":34}},"7":{"start":{"line":18,"column":32},"end":{"line":20,"column":1}},"8":{"start":{"line":19,"column":4},"end":{"line":19,"column":62}},"9":{"start":{"line":30,"column":34},"end":{"line":41,"column":1}},"10":{"start":{"line":31,"column":29},"end":{"line":31,"column":31}},"11":{"start":{"line":33,"column":4},"end":{"line":33,"column":80}},"12":{"start":{"line":33,"column":33},"end":{"line":33,"column":80}},"13":{"start":{"line":34,"column":4},"end":{"line":34,"column":70}},"14":{"start":{"line":34,"column":20},"end":{"line":34,"column":70}},"15":{"start":{"line":35,"column":4},"end":{"line":35,"column":100}},"16":{"start":{"line":35,"column":24},"end":{"line":35,"column":100}},"17":{"start":{"line":37,"column":4},"end":{"line":40,"column":6}}},"fnMap":{"0":{"name":"(anonymous_0)","decl":{"start":{"line":5,"column":28},"end":{"line":5,"column":29}},"loc":{"start":{"line":5,"column":56},"end":{"line":8,"column":1}},"line":5},"1":{"name":"(anonymous_1)","decl":{"start":{"line":10,"column":32},"end":{"line":10,"column":33}},"loc":{"start":{"line":10,"column":77},"end":{"line":12,"column":1}},"line":10},"2":{"name":"(anonymous_2)","decl":{"start":{"line":14,"column":26},"end":{"line":14,"column":27}},"loc":{"start":{"line":14,"column":52},"end":{"line":16,"column":1}},"line":14},"3":{"name":"(anonymous_3)","decl":{"start":{"line":18,"column":32},"end":{"line":18,"column":33}},"loc":{"start":{"line":18,"column":58},"end":{"line":20,"column":1}},"line":18},"4":{"name":"(anonymous_4)","decl":{"start":{"line":30,"column":34},"end":{"line":30,"column":35}},"loc":{"start":{"line":30,"column":111},"end":{"line":41,"column":1}},"line":30}},"branchMap":{"0":{"loc":{"start":{"line":11,"column":11},"end":{"line":11,"column":59}},"type":"binary-expr","locations":[{"start":{"line":11,"column":11},"end":{"line":11,"column":34}},{"start":{"line":11,"column":38},"end":{"line":11,"column":59}}],"line":11},"1":{"loc":{"start":{"line":15,"column":11},"end":{"line":15,"column":33}},"type":"binary-expr","locations":[{"start":{"line":15,"column":11},"end":{"line":15,"column":20}},{"start":{"line":15,"column":24},"end":{"line":15,"column":33}}],"line":15},"2":{"loc":{"start":{"line":19,"column":11},"end":{"line":19,"column":61}},"type":"binary-expr","locations":[{"start":{"line":19,"column":11},"end":{"line":19,"column":34}},{"start":{"line":19,"column":38},"end":{"line":19,"column":49}},{"start":{"line":19,"column":53},"end":{"line":19,"column":61}}],"line":19},"3":{"loc":{"start":{"line":33,"column":4},"end":{"line":33,"column":80}},"type":"if","locations":[{"start":{"line":33,"column":4},"end":{"line":33,"column":80}},{"start":{},"end":{}}],"line":33},"4":{"loc":{"start":{"line":34,"column":4},"end":{"line":34,"column":70}},"type":"if","locations":[{"start":{"line":34,"column":4},"end":{"line":34,"column":70}},{"start":{},"end":{}}],"line":34},"5":{"loc":{"start":{"line":35,"column":4},"end":{"line":35,"column":100}},"type":"if","locations":[{"start":{"line":35,"column":4},"end":{"line":35,"column":100}},{"start":{},"end":{}}],"line":35}},"s":{"0":1,"1":0,"2":0,"3":1,"4":0,"5":1,"6":0,"7":1,"8":0,"9":1,"10":0,"11":0,"12":0,"13":0,"14":0,"15":0,"16":0,"17":0},"f":{"0":0,"1":0,"2":0,"3":0,"4":0},"b":{"0":[0,0],"1":[0,0],"2":[0,0,0],"3":[0,0],"4":[0,0],"5":[0,0]},"_coverageSchema":"1a1c01bbd47fc00a2c39e90264f33305004495a9","hash":"bbaf331e76a6e614fdf121bf9979e07bb9cc6c04"}
,"/Users/marcodesposito/Desktop/Davide/Agent Manager - Antigravity/fantalega-mobile/src/navigation/DashboardDrawer.tsx": {"path":"/Users/marcodesposito/Desktop/Davide/Agent Manager - Antigravity/fantalega-mobile/src/navigation/DashboardDrawer.tsx","statementMap":{"0":{"start":{"line":28,"column":15},"end":{"line":28,"column":38}},"1":{"start":{"line":31,"column":23},"end":{"line":31,"column":43}},"2":{"start":{"line":32,"column":19},"end":{"line":32,"column":38}},"3":{"start":{"line":33,"column":24},"end":{"line":33,"column":60}},"4":{"start":{"line":33,"column":42},"end":{"line":33,"column":59}},"5":{"start":{"line":34,"column":20},"end":{"line":34,"column":52}},"6":{"start":{"line":34,"column":38},"end":{"line":34,"column":51}},"7":{"start":{"line":35,"column":27},"end":{"line":35,"column":66}},"8":{"start":{"line":35,"column":45},"end":{"line":35,"column":65}},"9":{"start":{"line":36,"column":27},"end":{"line":36,"column":66}},"10":{"start":{"line":36,"column":45},"end":{"line":36,"column":65}},"11":{"start":{"line":37,"column":30},"end":{"line":37,"column":72}},"12":{"start":{"line":37,"column":48},"end":{"line":37,"column":71}},"13":{"start":{"line":39,"column":19},"end":{"line":39,"column":105}},"14":{"start":{"line":39,"column":37},"end":{"line":39,"column":60}},"15":{"start":{"line":40,"column":23},"end":{"line":40,"column":58}},"16":{"start":{"line":40,"column":41},"end":{"line":40,"column":57}},"17":{"start":{"line":42,"column":40},"end":{"line":42,"column":54}},"18":{"start":{"line":43,"column":42},"end":{"line":43,"column":56}},"19":{"start":{"line":44,"column":44},"end":{"line":44,"column":58}},"20":{"start":{"line":46,"column":4},"end":{"line":46,"column":45}},"21":{"start":{"line":46,"column":33},"end":{"line":46,"column":45}},"22":{"start":{"line":48,"column":21},"end":{"line":48,"column":59}},"23":{"start":{"line":49,"column":20},"end":{"line":49,"column":40}},"24":{"start":{"line":50,"column":24},"end":{"line":50,"column":59}},"25":{"start":{"line":52,"column":25},"end":{"line":57,"column":5}},"26":{"start":{"line":53,"column":8},"end":{"line":53,"column":38}},"27":{"start":{"line":54,"column":8},"end":{"line":54,"column":32}},"28":{"start":{"line":55,"column":8},"end":{"line":55,"column":21}},"29":{"start":{"line":56,"column":8},"end":{"line":56,"column":36}},"30":{"start":{"line":59,"column":24},"end":{"line":61,"column":5}},"31":{"start":{"line":60,"column":8},"end":{"line":60,"column":39}},"32":{"start":{"line":64,"column":24},"end":{"line":64,"column":75}},"33":{"start":{"line":66,"column":20},"end":{"line":84,"column":5}},"34":{"start":{"line":67,"column":25},"end":{"line":67,"column":47}},"35":{"start":{"line":68,"column":8},"end":{"line":83,"column":10}},"36":{"start":{"line":72,"column":20},"end":{"line":72,"column":54}},"37":{"start":{"line":86,"column":4},"end":{"line":187,"column":6}},"38":{"start":{"line":91,"column":79},"end":{"line":91,"column":109}},"39":{"start":{"line":123,"column":80},"end":{"line":123,"column":106}},"40":{"start":{"line":140,"column":84},"end":{"line":140,"column":112}},"41":{"start":{"line":160,"column":84},"end":{"line":160,"column":114}},"42":{"start":{"line":191,"column":4},"end":{"line":225,"column":6}},"43":{"start":{"line":193,"column":38},"end":{"line":193,"column":72}},"44":{"start":{"line":228,"column":15},"end":{"line":364,"column":2}}},"fnMap":{"0":{"name":"CustomDrawerContent","decl":{"start":{"line":30,"column":9},"end":{"line":30,"column":28}},"loc":{"start":{"line":30,"column":41},"end":{"line":188,"column":1}},"line":30},"1":{"name":"(anonymous_1)","decl":{"start":{"line":33,"column":33},"end":{"line":33,"column":34}},"loc":{"start":{"line":33,"column":42},"end":{"line":33,"column":59}},"line":33},"2":{"name":"(anonymous_2)","decl":{"start":{"line":34,"column":29},"end":{"line":34,"column":30}},"loc":{"start":{"line":34,"column":38},"end":{"line":34,"column":51}},"line":34},"3":{"name":"(anonymous_3)","decl":{"start":{"line":35,"column":36},"end":{"line":35,"column":37}},"loc":{"start":{"line":35,"column":45},"end":{"line":35,"column":65}},"line":35},"4":{"name":"(anonymous_4)","decl":{"start":{"line":36,"column":36},"end":{"line":36,"column":37}},"loc":{"start":{"line":36,"column":45},"end":{"line":36,"column":65}},"line":36},"5":{"name":"(anonymous_5)","decl":{"start":{"line":37,"column":39},"end":{"line":37,"column":40}},"loc":{"start":{"line":37,"column":48},"end":{"line":37,"column":71}},"line":37},"6":{"name":"(anonymous_6)","decl":{"start":{"line":39,"column":32},"end":{"line":39,"column":33}},"loc":{"start":{"line":39,"column":37},"end":{"line":39,"column":60}},"line":39},"7":{"name":"(anonymous_7)","decl":{"start":{"line":40,"column":32},"end":{"line":40,"column":33}},"loc":{"start":{"line":40,"column":41},"end":{"line":40,"column":57}},"line":40},"8":{"name":"(anonymous_8)","decl":{"start":{"line":52,"column":25},"end":{"line":52,"column":26}},"loc":{"start":{"line":52,"column":37},"end":{"line":57,"column":5}},"line":52},"9":{"name":"(anonymous_9)","decl":{"start":{"line":59,"column":24},"end":{"line":59,"column":25}},"loc":{"start":{"line":59,"column":30},"end":
[...]
line":29,"column":24},"end":{"line":38,"column":9}},"7":{"start":{"line":29,"column":47},"end":{"line":38,"column":7}},"8":{"start":{"line":40,"column":6},"end":{"line":40,"column":38}},"9":{"start":{"line":42,"column":6},"end":{"line":42,"column":57}},"10":{"start":{"line":43,"column":6},"end":{"line":43,"column":18}},"11":{"start":{"line":48,"column":4},"end":{"line":100,"column":5}},"12":{"start":{"line":49,"column":6},"end":{"line":51,"column":7}},"13":{"start":{"line":50,"column":8},"end":{"line":50,"column":66}},"14":{"start":{"line":54,"column":20},"end":{"line":54,"column":72}},"15":{"start":{"line":54,"column":44},"end":{"line":54,"column":71}},"16":{"start":{"line":55,"column":6},"end":{"line":61,"column":7}},"17":{"start":{"line":56,"column":26},"end":{"line":56,"column":61}},"18":{"start":{"line":57,"column":20},"end":{"line":57,"column":40}},"19":{"start":{"line":58,"column":8},"end":{"line":60,"column":9}},"20":{"start":{"line":59,"column":10},"end":{"line":59,"column":102}},"21":{"start":{"line":63,"column":22},"end":{"line":70,"column":7}},"22":{"start":{"line":72,"column":30},"end":{"line":76,"column":17}},"23":{"start":{"line":78,"column":6},"end":{"line":78,"column":29}},"24":{"start":{"line":78,"column":17},"end":{"line":78,"column":29}},"25":{"start":{"line":80,"column":22},"end":{"line":89,"column":7}},"26":{"start":{"line":91,"column":6},"end":{"line":96,"column":10}},"27":{"start":{"line":91,"column":20},"end":{"line":96,"column":7}},"28":{"start":{"line":93,"column":43},"end":{"line":93,"column":62}},"29":{"start":{"line":98,"column":6},"end":{"line":98,"column":57}},"30":{"start":{"line":99,"column":6},"end":{"line":99,"column":18}}},"fnMap":{"0":{"name":"(anonymous_0)","decl":{"start":{"line":17,"column":4},"end":{"line":17,"column":5}},"loc":{"start":{"line":17,"column":19},"end":{"line":102,"column":1}},"line":17},"1":{"name":"(anonymous_1)","decl":{"start":{"line":20,"column":20},"end":{"line":20,"column":21}},"loc":{"start":{"line":20,"column":52},"end":{"line":45,"column":3}},"line":20},"2":{"name":"(anonymous_2)","decl":{"start":{"line":29,"column":41},"end":{"line":29,"column":42}},"loc":{"start":{"line":29,"column":47},"end":{"line":38,"column":7}},"line":29},"3":{"name":"(anonymous_3)","decl":{"start":{"line":47,"column":20},"end":{"line":47,"column":21}},"loc":{"start":{"line":47,"column":63},"end":{"line":101,"column":3}},"line":47},"4":{"name":"(anonymous_4)","decl":{"start":{"line":54,"column":39},"end":{"line":54,"column":40}},"loc":{"start":{"line":54,"column":44},"end":{"line":54,"column":71}},"line":54},"5":{"name":"(anonymous_5)","decl":{"start":{"line":91,"column":10},"end":{"line":91,"column":11}},"loc":{"start":{"line":91,"column":20},"end":{"line":96,"column":7}},"line":91},"6":{"name":"(anonymous_6)","decl":{"start":{"line":93,"column":38},"end":{"line":93,"column":39}},"loc":{"start":{"line":93,"column":43},"end":{"line":93,"column":62}},"line":93}},"branchMap":{"0":{"loc":{"start":{"line":27,"column":6},"end":{"line":27,"column":29}},"type":"if","locations":[{"start":{"line":27,"column":6},"end":{"line":27,"column":29}},{"start":{},"end":{}}],"line":27},"1":{"loc":{"start":{"line":29,"column":25},"end":{"line":29,"column":35}},"type":"binary-expr","locations":[{"start":{"line":29,"column":25},"end":{"line":29,"column":29}},{"start":{"line":29,"column":33},"end":{"line":29,"column":35}}],"line":29},"2":{"loc":{"start":{"line":49,"column":6},"end":{"line":51,"column":7}},"type":"if","locations":[{"start":{"line":49,"column":6},"end":{"line":51,"column":7}},{"start":{},"end":{}}],"line":49},"3":{"loc":{"start":{"line":49,"column":10},"end":{"line":49,"column":86}},"type":"binary-expr","locations":[{"start":{"line":49,"column":10},"end":{"line":49,"column":29}},{"start":{"line":49,"column":33},"end":{"line":49,"column":58}},{"start":{"line":49,"column":62},"end":{"line":49,"column":86}}],"line":49},"4":{"loc":{"start":{"line":55,"column":6},"end":{"line":61,"column":7}},"type":"if","locations":[{"start":{"line":55,"column":6},"end":{"line":61,"column":7}},{"start":{},"end":{}}],"line":55},"5":{"loc":{"start":{"line":55,"column":10},"end":{"line":55,"column":34}},"type":"binary-expr","locations":[{"start":{"line":55,"column":10},"end":{"line":55,"column":15}},{"start":{"line":55,"column":19},"end":{"line":55,"column":34}}],"line":55},"6":{"loc":{"start":{"line":58,"column":8},"end":{"line":60,"column":9}},"type":"if","locations":[{"start":{"line":58,"column":8},"end":{"line":60,"column":9}},{"start":{},"end":{}}],"line":58},"7":{"loc":{"start":{"line":78,"column":6},"end":{"line":78,"column":29}},"type":"if","locations":[{"start":{"line":78,"column":6},"end":{"line":78,"column":29}},{"start":{},"end":{}}],"line":78}},"s":{"0":1,"1":1,"2":0,"3":0,"4":0,"5":0,"6":0,"7":0,"8":0,"9":0,"10":0,"11":0,"12":0,"13":0,"14":0,"15":0,"16":0,"17":0,"18":0,"19":0,"20":0,"21":0,"22":0,"23":0,"24":0,"25":0,"26":0,"27":0,"28":0,"29":0,"30":0},"f":{"0":1,"1":0,"2":0,"3":0,"4":0,"5":0,"6":0},"b":{"0":[0,0],"1":[0,0],"2":[0,0],"3":[0,0,0],"4":[0,0],"5":[0,0],"6":[0,0],"7":[0,0]},"_coverageSchema":"1a1c01bbd47fc00a2c39e90264f33305004495a9","hash":"d01b9b841ef62876c56cf2f9fc283b5fab10d7e2"}
,"/Users/marcodesposito/Desktop/Davide/Agent Manager - Antigravity/fantalega-mobile/src/store/slices/syncSlice.ts": {"path":"/Users/marcodesposito/Desktop/Davide/Agent Manager - Antigravity/fantalega-mobile/src/store/slices/syncSlice.ts","statementMap":{"0":{"start":{"line":22,"column":4},"end":{"line":151,"column":2}},"1":{"start":{"line":22,"column":19},"end":{"line":151,"column":1}},"2":{"start":{"line":24,"column":8},"end":{"line":35,"column":11}},"3":{"start":{"line":39,"column":8},"end":{"line":149,"column":9}},"4":{"start":{"line":40,"column":42},"end":{"line":40,"column":74}},"5":{"start":{"line":41,"column":12},"end":{"line":41,"column":33}},"6":{"start":{"line":41,"column":26},"end":{"line":41,"column":33}},"7":{"start":{"line":43,"column":12},"end":{"line":43,"column":35}},"8":{"start":{"line":44,"column":12},"end":{"line":44,"column":60}},"9":{"start":{"line":55,"column":16},"end":{"line":64,"column":14}},"10":{"start":{"line":67,"column":29},"end":{"line":86,"column":14}},"11":{"start":{"line":67,"column":49},"end":{"line":86,"column":13}},"12":{"start":{"line":88,"column":35},"end":{"line":98,"column":14}},"13":{"start":{"line":88,"column":62},"end":{"line":98,"column":13}},"14":{"start":{"line":100,"column":12},"end":{"line":143,"column":15}},"15":{"start":{"line":101,"column":58},"end":{"line":106,"column":17}},"16":{"start":{"line":107,"column":63},"end":{"line":111,"column":17}},"17":{"start":{"line":112,"column":58},"end":{"line":112,"column":171}},"18":{"start":{"line":115,"column":73},"end":{"line":124,"column":17}},"19":{"start":{"line":125,"column":71},"end":{"line":132,"column":17}},"20":{"start":{"line":133,"column":66},"end":{"line":142,"column":17}},"21":{"start":{"line":144,"column":12},"end":{"line":144,"column":43}},"22":{"start":{"line":146,"column":12},"end":{"line":146,"column":54}},"23":{"start":{"line":148,"column":12},"end":{"line":148,"column":36}}},"fnMap":{"0":{"name":"(anonymous_0)","decl":{"start":{"line":22,"column":4},"end":{"line":22,"column":5}},"loc":{"start":{"line":22,"column":19},"end":{"line":151,"column":1}},"line":22},"1":{"name":"(anonymous_1)","decl":{"start":{"line":23,"column":16},"end":{"line":23,"column":17}},"loc":{"start":{"line":23,"column":22},"end":{"line":36,"column":5}},"line":23},"2":{"name":"(anonymous_2)","decl":{"start":{"line":38,"column":17},"end":{"line":38,"column":18}},"loc":{"start":{"line":38,"column":29},"end":{"line":150,"column":5}},"line":38},"3":{"name":"(anonymous_3)","decl":{"start":{"line":67,"column":29},"end":{"line":67,"column":30}},"loc":{"start":{"line":67,"column":49},"end":{"line":86,"column":13}},"line":67},"4":{"name":"(anonymous_4)","decl":{"start":{"line":88,"column":35},"end":{"line":88,"column":36}},"loc":{"start":{"line":88,"column":62},"end":{"line":98,"column":13}},"line":88},"5":{"name":"(anonymous_5)","decl":{"start":{"line":101,"column":45},"end":{"line":101,"column":46}},"loc":{"start":{"line":101,"column":58},"end":{"line":106,"column":17}},"line":101},"6":{"name":"(anonymous_6)","decl":{"start":{"line":107,"column":49},"end":{"line":107,"column":50}},"loc":{"start":{"line":107,"column":63},"end":{"line":111,"column":17}},"line":107},"7":{"name":"(anonymous_7)","decl":{"start":{"line":112,"column":45},"end":{"line":112,"column":46}},"loc":{"start":{"line":112,"column":58},"end":{"line":112,"column":171}},"line":112},"8":{"name":"(anonymous_8)","decl":{"start":{"line":115,"column":59},"end":{"line":115,"column":60}},"loc":{"start":{"line":115,"column":73},"end":{"line":124,"column":17}},"line":115},"9":{"name":"(anonymous_9)","decl":{"start":{"line":125,"column":57},"end":{"line":125,"column":58}},"loc":{"start":{"line":125,"column":71},"end":{"line":132,"column":17}},"line":125},"10":{"name":"(anonymous_10)","decl":{"start":{"line":133,"column":53},"end":{"line":133,"column":54}},"loc":{"start":{"line":133,"column":66},"end":{"line":142,"column":17}},"line":133}},"branchMap":{"0":{"loc":{"start":{"line":41,"column":12},"end":{"line":41,"column":33}},"type":"if","locations":[{"start":{"line":41,"column":12},"end":{"line":41,"column":33}},{"start":{},"end":{}}],"line":41},"1":{"loc":{"start":{"line":75,"column":24},"end":{"line":75,"column":63}},"type":"cond-expr","locations":[{"start":{"line":75,"column":50},"end":{"line":75,"column":58}},{"start":{"line":75,"column":61},"end":{"line":75,"column":63}}],"line":75},"2":{"loc":{"start":{"line":76,"column":29},"end":{"line":76,"column":105}},"type":"cond-expr","locations":[{"start":{"line":76,"column":86},"end":{"line":76,"column":100}},{"start":{"line":76,"column":103},"end":{"line":76,"column":105}}],"line":76},"3":{"loc":{"start":{"line":76,"column":30},"end":{"line":76,"column":82}},"type":"binary-expr","locations":[{"start":{"line":76,"column":30},"end":{"line":76,"column":44}},{"start":{"line":76,"column":48},"end":{"line":76,"column":82}}],"line":76},"4":{"loc":{"start":{"line":81,"column":27},"end":{"line":81,"column":140}},"type":"binary-expr","locations":[{"start":{"line":81,"column":27},"end":{"line":81,"column":39}},{"start":{"line":81,"column":44},"end":{"line":81,"column":139}}],"line":81},"5":{"loc":{"start":{"line":81,"column":44},"end":{"line":81,"column":139}},"type":"cond-expr","locations":[{"start":{"line":81,"column":83},"end":{"line":81,"column":127}},{"start":{"line":81,"column":130},"end":{"line":81,"column":139}}],"line":81},"6":{"loc":{"start":{"line":81,"column":44},"end":{"line":81,"column":80}},"type":"binary-expr","locations":[{"start":{"line":81,"column":44},"end":{"line":81,"column":60}},{"start":{"line":81,"column":64},"end":{"line":81,"column":80}}],"line":81},"7":{"loc":{"start":{"line":94,"column":25},"end":{"line":94,"column":41}},"type":"binary-expr","locations":[{"start":{"line":94,"column":25},"end":{"line":94,"column":35}},{"start":{"line":94,"column":39},"end":{"line":94,"column":41}}],"line":94},"8":{"loc":{"start":{"line":95,"column":40},"end":{"line":95,"column":72}},"type":"binary-expr","locations":[{"start":{"line":95,"column":40},"end":{"line":95,"column":67}},{"start":{"line":95,"column":71},"end":{"line":95,"column":72}}],"line":95},"9":{"loc":{"start":{"line":96,"column":32},"end":{"line":96,"column":56}},"type":"binary-expr","locations":[{"start":{"line":96,"column":32},"end":{"line":96,"column":50}},{"start":{"line":96,"column":54},"end":{"line":96,"column":56}}],"line":96},"10":{"loc":{"start":{"line":97,"column":29},"end":{"line":97,"column":49}},"type":"binary-expr","locations":[{"start":{"line":97,"column":29},"end":{"line":97,"column":44}},{"start":{"line":97,"column":48},"end":{"line":97,"column":49}}],"line":97},"11":{"loc":{"start":{"line":101,"column":26},"end":{"line":101,"column":39}},"type":"binary-expr","locations":[{"start":{"line":101,"column":26},"end":{"line":101,"column":33}},{"start":{"line":101,"column":37},"end":{"line":101,"column":39}}],"line":101},"12":{"loc":{"start":{"line":107,"column":28},"end":{"line":107,"column":43}},"type":"binary-expr","locations":[{"start":{"line":107,"column":28},"end":{"line":107,"column":37}},{"start":{"line":107,"column":41},"end":{"line":107,"column":43}}],"line":107},"13":{"loc":{"start":{"line":112,"column":26},"end":{"line":112,"column":39}},"type":"binary-expr","locations":[{"start":{"line":112,"column":26},"end":{"line":112,"column":33}},{"start":{"line":112,"column":37},"end":{"line":112,"column":39}}],"line":112},"14":{"loc":{"start":{"line":113,"column":26},"end":{"line":113,"column":39}},"type":"binary-expr","locations":[{"start":{"line":113,"column":26},"end":{"line":113,"column":33}},{"start":{"line":113,"column":37},"end":{"line":113,"column":39}}],"line":113},"15":{"loc":{"start":{"line":114,"column":31},"end":{"line":114,"column":49}},"type":"binary-expr","locations":[{"start":{"line":114,"column":31},"end":{"line":114,"column":43}},{"start":{"line":114,"column":47},"end":{"line":114,"column":49}}],"line":114},"16":{"loc":{"start":{"line":115,"column":33},"end":{"line":115,"column":53}},"type":"binary-expr","locations":[{"start":{"line":115,"column":33},"end":{"line":115,"column":47}},{"start":{"line":115,"column":51},"end":{"line":115,"column":53}}],"line":115},"17":{"loc":{"start":{"line":119,"column":30},"end":{"line":119,"column":47}},"type":"binary-expr","locations":[{"start":{"line":119,"column":30},"end":{"line":119,"column":41}},{"start":{"line":119,"column":45},"end":{"line":119,"column":47}}],"line":119},"18":{"loc":{"start":{"line":120,"column":27},"end":{"line":120,"column":41}},"type":"binary-expr","locations":[{"start":{"line":120,"column":27},"end":{"line":120,"column":35}},{"start":{"line":120,"column":39},"end":{"line":120,"column":41}}],"line":120},"19":{"loc":{"start":{"line":121,"column":28},"end":{"line":121,"column":42}},"type":"binary-expr","locations":[{"start":{"line":121,"column":28},"end":{"line":121,"column":37}},{"start":{"line":121,"column":41},"end":{"line":121,"column":42}}],"line":121},"20":{"loc":{"start":{"line":122,"column":34},"end":{"line":122,"column":56}},"type":"binary-expr","locations":[{"start":{"line":122,"column":34},"end":{"line":122,"column":50}},{"start":{"line":122,"column":54},"end":{"line":122,"column":56}}],"line":122},"21":{"loc":{"start":{"line":123,"column":41},"end":{"line":123,"column":71}},"type":"binary-expr","locations":[{"start":{"line":123,"column":41},"end":{"line":123,"column":65}},{"start":{"line":123,"column":69},"end":{"line":123,"column":71}}],"line":123},"22":{"loc":{"start":{"line":125,"column":32},"end":{"line":125,"column":51}},"type":"binary-expr","locations":[{"start":{"line":125,"column":32},"end":{"line":125,"column":45}},{"start":{"line":125,"column":49},"end":{"line":125,"column":51}}],"line":125},"23":{"loc":{"start":{"line":133,"column":30},"end":{"line":133,"column":47}},"type":"binary-expr","locations":[{"start":{"line":133,"column":30},"end":{"line":133,"column":41}},{"start":{"line":133,"column":45},"end":{"line":133,"column":47}}],"line":133}},"s":{"0":1,"1":1,"2":0,"3":0,"4":0,"5":0,"6":0,"7":0,"8":0,"9":0,"10":0,"11":0,"12":0,"13":0,"14":0,"15":0,"16":0,"17":0,"18":0,"19":0,"20":0,"21":0,"22":0,"23":0},"f":{"0":1,"1":0,"2":0,"3":0,"4":0,"5":0,"6":0,"7":0,"8":0,"9":0,"10":0},"b":{"0":[0,0],"1":[0,0],"2":[0,0],"3":[0,0],"4":[0,0],"5":[0,0],"6":[0,0],"7":[0,0],"8":[0,0],"9":[0,0],"10":[0,0],"11":[0,0],"12":[0,0],"13":[0,0],"14":[0,0],"15":[0,0],"16":[0,0],"17":[0,0],"18":[0,0],"19":[0,0],"20":[0,0],"21":[0,0],"22":[0,0],"23":[0,0]},"_coverageSchema":"1a1c01bbd47fc00a2c39e90264f33305004495a9","hash":"d723bef1b5cd5f8d908383be641bc4f12c165bdf"}
,"/Users/marcodesposito/Desktop/Davide/Agent Manager - Antigravity/fantalega-mobile/src/store/slices/uiSlice.ts": {"path":"/Users/marcodesposito/Desktop/Davide/Agent Manager - Antigravity/fantalega-mobile/src/store/slices/uiSlice.ts","statementMap":{"0":{"start":{"line":23,"column":52},"end":{"line":28,"column":2}},"1":{"start":{"line":23,"column":62},"end":{"line":28,"column":1}},"2":{"start":{"line":26,"column":29},"end":{"line":26,"column":56}},"3":{"start":{"line":27,"column":40},"end":{"line":27,"column":61}}},"fnMap":{"0":{"name":"(anonymous_0)","decl":{"start":{"line":23,"column":52},"end":{"line":23,"column":53}},"loc":{"start":{"line":23,"column":62},"end":{"line":28,"column":1}},"line":23},"1":{"name":"(anonymous_1)","decl":{"start":{"line":26,"column":16},"end":{"line":26,"column":17}},"loc":{"start":{"line":26,"column":29},"end":{"line":26,"column":56}},"line":26},"2":{"name":"(anonymous_2)","decl":{"start":{"line":27,"column":22},"end":{"line":27,"column":23}},"loc":{"start":{"line":27,"column":40},"end":{"line":27,"column":61}},"line":27}},"branchMap":{},"s":{"0":1,"1":1,"2":1,"3":0},"f":{"0":1,"1":1,"2":0},"b":{},"_coverageSchema":"1a1c01bbd47fc00a2c39e90264f33305004495a9","hash":"162f9761d1712d57bf8d842b8d5ceea01412a10d"}
,"/Users/marcodesposito/Desktop/Davide/Agent Manager - Antigravity/fantalega-mobile/src/styles/commonStyles.ts": {"path":"/Users/marcodesposito/Desktop/Davide/Agent Manager - Antigravity/fantalega-mobile/src/styles/commonStyles.ts","statementMap":{"0":{"start":{"line":3,"column":28},"end":{"line":79,"column":2}}},"fnMap":{},"branchMap":{},"s":{"0":0},"f":{},"b":{}}
,"/Users/marcodesposito/Desktop/Davide/Agent Manager - Antigravity/fantalega-mobile/src/types/index.ts": {"path":"/Users/marcodesposito/Desktop/Davide/Agent Manager - Antigravity/fantalega-mobile/src/types/index.ts","statementMap":{},"fnMap":{},"branchMap":{},"s":{},"f":{},"b":{}}
,"/Users/marcodesposito/Desktop/Davide/Agent Manager - Antigravity/fantalega-mobile/src/utils/logger.ts": {"path":"/Users/marcodesposito/Desktop/Davide/Agent Manager - Antigravity/fantalega-mobile/src/utils/logger.ts","statementMap":{"0":{"start":{"line":6,"column":12},"end":{"line":6,"column":25}},"1":{"start":{"line":8,"column":22},"end":{"line":32,"column":1}},"2":{"start":{"line":10,"column":8},"end":{"line":12,"column":9}},"3":{"start":{"line":11,"column":12},"end":{"line":11,"column":61}},"4":{"start":{"line":16,"column":8},"end":{"line":18,"column":9}},"5":{"start":{"line":17,"column":12},"end":{"line":17,"column":61}},"6":{"start":{"line":22,"column":8},"end":{"line":24,"column":9}},"7":{"start":{"line":23,"column":12},"end":{"line":23,"column":61}},"8":{"start":{"line":30,"column":8},"end":{"line":30,"column":66}}},"fnMap":{"0":{"name":"(anonymous_0)","decl":{"start":{"line":9,"column":11},"end":{"line":9,"column":12}},"loc":{"start":{"line":9,"column":48},"end":{"line":13,"column":5}},"line":9},"1":{"name":"(anonymous_1)","decl":{"start":{"line":15,"column":10},"end":{"line":15,"column":11}},"loc":{"start":{"line":15,"column":47},"end":{"line":19,"column":5}},"line":15},"2":{"name":"(anonymous_2)","decl":{"start":{"line":21,"column":10},"end":{"line":21,"column":11}},"loc":{"start":{"line":21,"column":47},"end":{"line":25,"column":5}},"line":21},"3":{"name":"(anonymous_3)","decl":{"start":{"line":27,"column":11},"end":{"line":27,"column":12}},"loc":{"start":{"line":27,"column":61},"end":{"line":31,"column":5}},"line":27}},"branchMap":{"0":{"loc":{"start":{"line":10,"column":8},"end":{"line":12,"column":9}},"type":"if","locations":[{"start":{"line":10,"column":8},"end":{"line":12,"column":9}},{"start":{},"end":{}}],"line":10},"1":{"loc":{"start":{"line":16,"column":8},"end":{"line":18,"column":9}},"type":"if","locations":[{"start":{"line":16,"column":8},"end":{"line":18,"column":9}},{"start":{},"end":{}}],"line":16},"2":{"loc":{"start":{"line":22,"column":8},"end":{"line":24,"column":9}},"type":"if","locations":[{"start":{"line":22,"column":8},"end":{"line":24,"column":9}},{"start":{},"end":{}}],"line":22}},"s":{"0":0,"1":0,"2":0,"3":0,"4":0,"5":0,"6":0,"7":0,"8":0},"f":{"0":0,"1":0,"2":0,"3":0},"b":{"0":[0,0],"1":[0,0],"2":[0,0]}}
}
