TN:
SF:src/components/ColorPickerModal.tsx
FN:28,(anonymous_0)
FN:35,(anonymous_1)
FN:52,(anonymous_2)
FN:74,(anonymous_3)
FN:75,(anonymous_4)
FN:79,ColorPickerModal
FN:84,(anonymous_6)
FN:99,(anonymous_7)
FN:105,(anonymous_8)
FN:113,(anonymous_9)
FN:114,(anonymous_10)
FN:115,(anonymous_11)
FN:116,(anonymous_12)
FN:120,(anonymous_13)
FN:123,(anonymous_14)
FN:129,(anonymous_15)
FN:130,(anonymous_16)
FN:131,(anonymous_17)
FN:132,(anonymous_18)
FN:136,(anonymous_19)
FN:138,(anonymous_20)
FN:216,(anonymous_21)
FNF:22
FNH:0
FNDA:0,(anonymous_0)
FNDA:0,(anonymous_1)
FNDA:0,(anonymous_2)
FNDA:0,(anonymous_3)
FNDA:0,(anonymous_4)
FNDA:0,ColorPickerModal
FNDA:0,(anonymous_6)
FNDA:0,(anonymous_7)
FNDA:0,(anonymous_8)
FNDA:0,(anonymous_9)
FNDA:0,(anonymous_10)
FNDA:0,(anonymous_11)
FNDA:0,(anonymous_12)
FNDA:0,(anonymous_13)
FNDA:0,(anonymous_14)
FNDA:0,(anonymous_15)
FNDA:0,(anonymous_16)
FNDA:0,(anonymous_17)
FNDA:0,(anonymous_18)
FNDA:0,(anonymous_19)
FNDA:0,(anonymous_20)
FNDA:0,(anonymous_21)
DA:22,0
DA:23,0
DA:24,0
DA:25,0
DA:28,0
DA:29,0
DA:30,0
DA:31,0
DA:32,0
DA:35,0
DA:36,0
DA:37,0
DA:38,0
DA:39,0
DA:40,0
DA:41,0
DA:42,0
DA:43,0
DA:44,0
DA:45,0
DA:47,0
DA:49,0
DA:52,0
DA:53,0
DA:54,0
DA:55,0
DA:56,0
DA:57,0
DA:58,0
DA:59,0
DA:60,0
DA:61,0
DA:62,0
DA:63,0
DA:64,0
DA:65,0
DA:67,0
DA:74,0
DA:75,0
DA:76,0
DA:81,0
DA:84,0
DA:85,0
DA:86,0
DA:87,0
DA:88,0
DA:89,0
DA:91,0
DA:94,0
DA:99,0
DA:100,0
DA:101,0
DA:105,0
DA:106,0
DA:107,0
DA:111,0
DA:113,0
DA:114,0
DA:115,0
DA:116,0
DA:120,0
DA:121,0
DA:122,0
DA:123,0
DA:127,0
DA:129,0
DA:130,0
DA:131,0
DA:132,0
DA:136,0
DA:137,0
DA:138,0
DA:141,0
DA:143,0
DA:216,0
DA:226,0
LF:76
LH:0
BRDA:40,0,0,0
BRDA:40,0,1,0
BRDA:41,1,0,0
BRDA:41,1,1,0
BRDA:42,2,0,0
BRDA:42,2,1,0
BRDA:42,2,2,0
BRDA:43,3,0,0
BRDA:43,3,1,0
BRDA:59,4,0,0
BRDA:59,4,1,0
BRDA:59,4,2,0
BRDA:59,4,3,0
BRDA:59,4,4,0
BRDA:59,4,5,0
BRDA:85,5,0,0
BRDA:85,5,1,0
BRDA:86,6,0,0
BRDA:86,6,1,0
BRDA:141,7,0,0
BRDA:141,7,1,0
BRDA:342,8,0,0
BRDA:342,8,1,0
BRDA:349,9,0,0
BRDA:349,9,1,0
BRF:25
BRH:0
end_of_record
TN:
SF:src/components/ErrorBoundary.tsx
FN:24,(anonymous_0)
FN:29,(anonymous_1)
FN:33,(anonymous_2)
FN:37,(anonymous_3)
FNF:4
FNH:0
FNDA:0,(anonymous_0)
FNDA:0,(anonymous_1)
FNDA:0,(anonymous_2)
FNDA:0,(anonymous_3)
DA:19,0
DA:26,0
DA:30,0
DA:33,0
DA:34,0
DA:38,0
DA:39,0
DA:40,0
DA:43,0
DA:63,0
DA:67,0
LF:11
LH:0
BRDA:38,0,0,0
BRDA:38,0,1,0
BRDA:39,1,0,0
BRDA:39,1,1,0
BRDA:50,2,0,0
BRDA:50,2,1,0
BRF:6
BRH:0
end_of_record
TN:
SF:src/components/LoadingOverlay.tsx
FN:12,(anonymous_0)
FNF:1
FNH:0
FNDA:0,(anonymous_0)
DA:12,0
DA:13,0
DA:15,0
DA:27,0
LF:4
LH:0
BRDA:12,0,0,0
BRDA:13,1,0,0
BRDA:13,1,1,0
BRF:3
BRH:0
end_of_record
TN:
SF:src/components/MatchCenterModal.tsx
FN:13,MatchCenterModal
FN:14,(anonymous_1)
FN:15,(anonymous_2)
FN:16,(anonymous_3)
FN:17,(anonymous_4)
FN:18,(anonymous_5)
FN:25,(anonymous_6)
FN:26,(anonymous_7)
FN:27,(anonymous_8)
FN:28,(anonymous_9)
FN:29,(anonymous_10)
FN:31,(anonymous_11)
FN:31,(anonymous_12)
FN:33,(anonymous_13)
FN:37,(anonymous_14)
FN:45,(anonymous_15)
FN:54,(anonymous_16)
FN:75,(anonymous_17)
FN:84,(anonymous_18)
FN:87,(anonymous_19)
FN:128,(anonymous_20)
FN:130,(anonymous_21)
FN:138,(anonymous_22)
FN:140,(anonymous_23)
FN:149,(anonymous_24)
FN:151,(anonymous_25)
FN:157,(anonymous_26)
FN:161,(anonymous_27)
FN:175,(anonymous_28)
FN:178,(anonymous_29)
FN:185,(anonymous_30)
FN:186,(anonymous_31)
FN:194,(anonymous_32)
FN:195,(anonymous_33)
FN:209,(anonymous_34)
FN:210,(anonymous_35)
FN:219,(anonymous_36)
FN:232,(anonymous_37)
FN:232,(anonymous_38)
FN:234,(anonymous_39)
FN:234,(anonymous_40)
FN:244,VoteRow
FN:256,(anonymous_42)
FNF:43
FNH:0
FNDA:0,MatchCenterModal
FNDA:0,(anonymous_1)
FNDA:0,(anonymous_2)
FNDA:0,(anonymous_3)
FNDA:0,(anonymous_4)
FNDA:0,(anonymous_5)
FNDA:0,(anonymous_6)
FNDA:0,(anonymous_7)
FNDA:0,(anonymous_8)
FNDA:0,(anonymous_9)
FNDA:0,(anonymous_10)
FNDA:0,(anonymous_11)
FNDA:0,(anonymous_12)
FNDA:0,(anonymous_13)
FNDA:0,(anonymous_14)
FNDA:0,(anonymous_15)
FNDA:0,(anonymous_16)
FNDA:0,(anonymous_17)
FNDA:0,(anonymous_18)
FNDA:0,(anonymous_19)
FNDA:0,(anonymous_20)
FNDA:0,(anonymous_21)
FNDA:0,(anonymous_22)
FNDA:0,(anonymous_23)
FNDA:0,(anonymous_24)
FNDA:0,(anonymous_25)
FNDA:0,(anonymous_26)
FNDA:0,(anonymous_27)
FNDA:0,(anonymous_28)
FNDA:0,(anonymous_29)
FNDA:0,(anonymous_30)
FNDA:0,(anonymous_31)
FNDA:0,(anonymous_32)
FNDA:0,(anonymous_33)
FNDA:0,(anonymous_34)
FNDA:0,(anonymous_35)
FNDA:0,(anonymous_36)
FNDA:0,(anonymous_37)
FNDA:0,(anonymous_38)
FNDA:0,(anonymous_39)
FNDA:0,(anonymous_40)
FNDA:0,VoteRow
FNDA:0,(anonymous_42)
DA:14,0
DA:15,0
DA:16,0
DA:17,0
DA:18,0
DA:20,0
DA:21,0
DA:22,0
DA:23,0
DA:25,0
DA:26,0
DA:27,0
DA:28,0
DA:29,0
DA:31,0
DA:33,0
DA:34,0
DA:37,0
DA:38,0
DA:45,0
DA:46,0
DA:47,0
DA:54,0
DA:55,0
DA:56,0
DA:61,0
DA:63,0
DA:64,0
DA:65,0
DA:66,0
DA:67,0
DA:69,0
DA:70,0
DA:71,0
DA:72,0
DA:75,0
DA:76,0
DA:77,0
DA:78,0
DA:79,0
DA:80,0
DA:81,0
DA:82,0
DA:84,0
DA:87,0
DA:88,0
DA:91,0
DA:95,0
DA:99,0
DA:101,0
DA:103,0
DA:105,0
DA:128,0
DA:130,0
DA:138,0
DA:140,0
DA:149,0
DA:151,0
DA:157,0
DA:161,0
DA:175,0
DA:178,0
DA:186,0
DA:195,0
DA:210,0
DA:211,0
DA:212,0
DA:219,0
DA:232,0
DA:234,0
DA:245,0
DA:246,0
DA:256,0
DA:264,0
LF:74
LH:0
BRDA:29,0,0,0
BRDA:29,0,1,0
BRDA:31,1,0,0
BRDA:31,1,1,0
BRDA:40,2,0,0
BRDA:40,2,1,0
BRDA:41,3,0,0
BRDA:41,3,1,0
BRDA:46,4,0,0
BRDA:46,4,1,0
BRDA:49,5,0,0
BRDA:49,5,1,0
BRDA:50,6,0,0
BRDA:50,6,1,0
BRDA:55,7,0,0
BRDA:55,7,1,0
BRDA:55,8,0,0
BRDA:55,8,1,0
BRDA:64,9,0,0
BRDA:64,9,1,0
BRDA:65,10,0,0
BRDA:65,10,1,0
BRDA:66,11,0,0
BRDA:66,11,1,0
BRDA:67,12,0,0
BRDA:67,12,1,0
BRDA:70,13,0,0
BRDA:70,13,1,0
BRDA:76,14,0,0
BRDA:76,14,1,0
BRDA:77,15,0,0
BRDA:77,15,1,0
BRDA:79,16,0,0
BRDA:79,16,1,0
BRDA:80,17,0,0
BRDA:80,17,1,0
BRDA:81,18,0,0
BRDA:81,18,1,0
BRDA:82,19,0,0
BRDA:82,19,1,0
BRDA:84,20,0,0
BRDA:84,20,1,0
BRDA:88,21,0,0
BRDA:88,21,1,0
BRDA:101,22,0,0
BRDA:101,22,1,0
BRDA:101,22,2,0
BRDA:101,22,3,0
BRDA:101,22,4,0
BRDA:110,23,0,0
BRDA:110,23,1,0
BRDA:118,24,0,0
BRDA:118,24,1,0
BRDA:118,25,0,0
BRDA:118,25,1,0
BRDA:125,26,0,0
BRDA:125,26,1,0
BRDA:135,27,0,0
BRDA:135,27,1,0
BRDA:146,28,0,0
BRDA:146,28,1,0
BRDA:149,29,0,0
BRDA:149,29,1,0
BRDA:151,30,0,0
BRDA:151,30,1,0
BRDA:157,31,0,0
BRDA:157,31,1,0
BRDA:158,32,0,0
BRDA:158,32,1,0
BRDA:160,33,0,0
BRDA:160,33,1,0
BRDA:161,34,0,0
BRDA:161,34,1,0
BRDA:162,35,0,0
BRDA:162,35,1,0
BRDA:168,36,0,0
BRDA:168,36,1,0
BRDA:175,37,0,0
BRDA:175,37,1,0
BRDA:178,38,0,0
BRDA:178,38,1,0
BRDA:183,39,0,0
BRDA:183,39,1,0
BRDA:186,40,0,0
BRDA:186,40,1,0
BRDA:195,41,0,0
BRDA:195,41,1,0
BRDA:197,42,0,0
BRDA:197,42,1,0
BRDA:207,43,0,0
BRDA:207,43,1,0
BRDA:208,44,0,0
BRDA:208,44,1,0
BRDA:208,45,0,0
BRDA:208,45,1,0
BRDA:209,46,0,0
BRDA:209,46,1,0
BRDA:213,47,0,0
BRDA:213,47,1,0
BRDA:214,48,0,0
BRDA:214,48,1,0
BRDA:216,49,0,0
BRDA:216,49,1,0
BRDA:217,50,0,0
BRDA:217,50,1,0
BRDA:228,51,0,0
BRDA:228,51,1,0
BRDA:232,52,0,0
BRDA:232,52,1,0
BRDA:234,53,0,0
BRDA:234,53,1,0
BRDA:245,54,0,0
BRDA:245,54,1,0
BRDA:245,55,0,0
BRDA:245,55,1,0
BRDA:245,56,0,0
BRDA:245,56,1,0
BRDA:255,57,0,0
BRDA:255,57,1,0
BRDA:256,58,0,0
BRDA:256,58,1,0
BRF:121
BRH:0
end_of_record
TN:
SF:src/components/PremiumAlert.tsx
FN:7,PremiumAlert
FN:8,(anonymous_1)
FN:9,(anonymous_2)
FN:12,(anonymous_3)
FN:28,(anonymous_4)
FN:37,(anonymous_5)
FN:50,(anonymous_6)
FN:63,(anonymous_7)
FN:72,(anonymous_8)
FNF:9
FNH:0
FNDA:0,PremiumAlert
FNDA:0,(anonymous_1)
FNDA:0,(anonymous_2)
FNDA:0,(anonymous_3)
FNDA:0,(anonymous_4)
FNDA:0,(anonymous_5)
FNDA:0,(anonymous_6)
FNDA:0,(anonymous_7)
FNDA:0,(anonymous_8)
DA:8,0
DA:9,0
DA:10,0
DA:12,0
DA:13,0
DA:14,0
DA:20,0
DA:24,0
DA:26,0
DA:28,0
DA:29,0
DA:30,0
DA:31,0
DA:32,0
DA:33,0
DA:37,0
DA:38,0
DA:39,0
DA:42,0
DA:44,0
DA:50,0
DA:64,0
DA:72,0
DA:91,0
LF:24
LH:0
BRDA:13,0,0,0
BRDA:13,0,1,0
BRDA:24,1,0,0
BRDA:24,1,1,0
BRDA:29,2,0,0
BRDA:29,2,1,0
BRDA:29,2,2,0
BRDA:29,2,3,0
BRDA:38,3,0,0
BRDA:38,3,1,0
BRDA:42,4,0,0
BRDA:42,4,1,0
BRDA:50,5,0,0
BRDA:50,5,1,0
BRDA:53,6,0,0
BRDA:53,6,1,0
BRDA:68,7,0,0
BRDA:68,7,1,0
BRDA:69,8,0,0
BRDA:69,8,1,0
BRDA:70,9,0,0
BRDA:70,9,1,0
BRDA:76,10,0,0
BRDA:76,10,1,0
BRF:24
BRH:0
end_of_record
TN:
SF:src/config/environment.ts
FN:15,(anonymous_0)
FNF:1
FNH:0
FNDA:0,(anonymous_0)
DA:5,0
DA:16,0
DA:17,0
DA:18,0
DA:20,0
DA:21,0
DA:22,0
DA:24,0
DA:29,0
LF:9
LH:0
BRDA:6,0,0,0
BRDA:6,0,1,0
BRDA:7,1,0,0
BRDA:7,1,1,0
BRDA:17,2,0,0
BRDA:17,2,1,0
BRDA:18,3,0,0
BRDA:18,3,1,0
BRDA:20,4,0,0
BRDA:20,4,1,0
BRDA:29,5,0,0
BRDA:29,5,1,0
BRDA:29,6,0,0
BRDA:29,6,1,0
BRF:14
BRH:0
end_of_record
TN:
SF:src/lib/api.ts
FN:21,(anonymous_0)
FNF:1
FNH:0
FNDA:0,(anonymous_0)
DA:17,0
DA:24,0
DA:25,0
DA:27,0
DA:28,0
DA:38,0
DA:43,0
LF:7
LH:0
BRDA:27,0,0,0
BRDA:27,0,1,0
BRDA:46,1,0,0
BRDA:46,1,1,0
BRF:4
BRH:0
end_of_record
TN:
SF:src/lib/error-handler.ts
FN:16,(anonymous_0)
FN:24,(anonymous_1)
FN:68,(anonymous_2)
FNF:3
FNH:1
FNDA:1,(anonymous_0)
FNDA:0,(anonymous_1)
FNDA:0,(anonymous_2)
DA:10,1
DA:16,1
DA:17,1
DA:24,1
DA:25,0
DA:27,0
DA:32,0
DA:33,0
DA:35,0
DA:36,0
DA:37,0
DA:38,0
DA:39,0
DA:40,0
DA:41,0
DA:42,0
DA:43,0
DA:44,0
DA:45,0
DA:46,0
DA:50,0
DA:51,0
DA:58,0
DA:68,1
DA:69,0
DA:70,0
LF:26
LH:5
BRDA:25,0,0,0
BRDA:25,0,1,0
BRDA:27,1,0,0
BRDA:27,1,1,0
BRDA:33,2,0,0
BRDA:33,2,1,0
BRDA:35,3,0,0
BRDA:35,3,1,0
BRDA:35,4,0,0
BRDA:35,4,1,0
BRDA:37,5,0,0
BRDA:37,5,1,0
BRDA:37,6,0,0
BRDA:37,6,1,0
BRDA:39,7,0,0
BRDA:39,7,1,0
BRDA:41,8,0,0
BRDA:41,8,1,0
BRDA:43,9,0,0
BRDA:43,9,1,0
BRDA:43,10,0,0
BRDA:43,10,1,0
BRDA:45,11,0,0
BRDA:45,11,1,0
BRDA:45,12,0,0
BRDA:45,12,1,0
BRDA:50,13,0,0
BRDA:50,13,1,0
BRDA:53,14,0,0
BRDA:53,14,1,0
BRDA:68,15,0,0
BRDA:69,16,0,0
BRDA:69,16,1,0
BRF:33
BRH:0
end_of_record
TN:
SF:src/lib/supabase.ts
FNF:0
FNH:0
DA:5,0
DA:6,0
DA:8,0
DA:9,0
DA:12,0
LF:5
LH:0
BRDA:8,0,0,0
BRDA:8,0,1,0
BRDA:8,1,0,0
BRDA:8,1,1,0
BRF:4
BRH:0
end_of_record
TN:
SF:src/lib/validation.ts
FN:5,(anonymous_0)
FN:10,(anonymous_1)
FN:14,(anonymous_2)
FN:18,(anonymous_3)
FN:30,(anonymous_4)
FNF:5
FNH:0
FNDA:0,(anonymous_0)
FNDA:0,(anonymous_1)
FNDA:0,(anonymous_2)
FNDA:0,(anonymous_3)
FNDA:0,(anonymous_4)
DA:5,1
DA:6,0
DA:7,0
DA:10,1
DA:11,0
DA:14,1
DA:15,0
DA:18,1
DA:19,0
DA:30,1
DA:31,0
DA:33,0
DA:34,0
DA:35,0
DA:37,0
LF:15
LH:5
BRDA:11,0,0,0
BRDA:11,0,1,0
BRDA:15,1,0,0
BRDA:15,1,1,0
BRDA:19,2,0,0
BRDA:19,2,1,0
BRDA:19,2,2,0
BRDA:33,3,0,0
BRDA:33,3,1,0
BRDA:34,4,0,0
BRDA:34,4,1,0
BRDA:35,5,0,0
BRDA:35,5,1,0
BRF:13
BRH:0
end_of_record
TN:
SF:src/navigation/DashboardDrawer.tsx
FN:30,CustomDrawerContent
FN:33,(anonymous_1)
FN:34,(anonymous_2)
FN:35,(anonymous_3)
FN:36,(anonymous_4)
FN:37,(anonymous_5)
FN:39,(anonymous_6)
FN:40,(anonymous_7)
FN:52,(anonymous_8)
FN:59,(anonymous_9)
FN:66,(anonymous_10)
FN:71,(anonymous_11)
FN:91,(anonymous_12)
FN:123,(anonymous_13)
FN:140,(anonymous_14)
FN:160,(anonymous_15)
FN:190,DashboardDrawer
FN:193,(anonymous_17)
FNF:18
FNH:0
FNDA:0,CustomDrawerContent
FNDA:0,(anonymous_1)
FNDA:0,(anonymous_2)
FNDA:0,(anonymous_3)
FNDA:0,(anonymous_4)
FNDA:0,(anonymous_5)
FNDA:0,(anonymous_6)
FNDA:0,(anonymous_7)
FNDA:0,(anonymous_8)
FNDA:0,(anonymous_9)
FNDA:0,(anonymous_10)
FNDA:0,(anonymous_11)
FNDA:0,(anonymous_12)
FNDA:0,(anonymous_13)
FNDA:0,(anonymous_14)
FNDA:0,(anonymous_15)
FNDA:0,DashboardDrawer
FNDA:0,(anonymous_17)
DA:28,0
DA:31,0
DA:32,0
DA:33,0
DA:34,0
DA:35,0
DA:36,0
DA:37,0
DA:39,0
DA:40,0
DA:42,0
DA:43,0
DA:44,0
DA:46,0
DA:48,0
DA:49,0
DA:50,0
DA:52,0
DA:53,0
DA:54,0
DA:55,0
DA:56,0
DA:59,0
DA:60,0
DA:64,0
DA:66,0
DA:67,0
DA:68,0
DA:72,0
DA:86,0
DA:91,0
DA:123,0
DA:140,0
DA:160,0
DA:191,0
DA:193,0
DA:228,0
LF:37
LH:0
BRDA:39,0,0,0
BRDA:39,0,1,0
BRDA:39,1,0,0
BRDA:39,1,1,0
BRDA:46,2,0,0
BRDA:46,2,1,0
BRDA:46,3,0,0
BRDA:46,3,1,0
BRDA:48,4,0,0
BRDA:48,4,1,0
BRDA:50,5,0,0
BRDA:50,5,1,0
BRDA:64,6,0,0
BRDA:64,6,1,0
BRDA:70,7,0,0
BRDA:70,7,1,0
BRDA:79,8,0,0
BRDA:79,8,1,0
BRDA:100,9,0,0
BRDA:100,9,1,0
BRDA:125,10,0,0
BRDA:125,10,1,0
BRDA:127,11,0,0
BRDA:127,11,1,0
BRDA:138,12,0,0
BRDA:138,12,1,0
BRDA:142,13,0,0
BRDA:142,13,1,0
BRDA:144,14,0,0
BRDA:144,14,1,0
BRDA:151,15,0,0
BRDA:151,15,1,0
BRDA:158,16,0,0
BRDA:158,16,1,0
BRDA:162,17,0,0
BRDA:162,17,1,0
BRDA:164,18,0,0
BRDA:164,18,1,0
BRDA:167,19,0,0
BRDA:167,19,1,0
BRDA:167,19,2,0
BRDA:168,20,0,0
BRDA:168,20,1,0
BRF:43
BRH:0
end_of_record
TN:
SF:src/screens/AuthScreen.tsx
FN:11,(anonymous_0)
FN:30,AuthScreen
FN:39,(anonymous_2)
FN:40,(anonymous_3)
FN:41,(anonymous_4)
FN:42,(anonymous_5)
FN:43,(anonymous_6)
FN:45,(anonymous_7)
FN:70,(anonymous_8)
FN:98,(anonymous_9)
FN:169,(anonymous_10)
FN:172,(anonymous_11)
FN:202,(anonymous_12)
FN:219,(anonymous_13)
FNF:14
FNH:0
FNDA:0,(anonymous_0)
FNDA:0,AuthScreen
FNDA:0,(anonymous_2)
FNDA:0,(anonymous_3)
FNDA:0,(anonymous_4)
FNDA:0,(anonymous_5)
FNDA:0,(anonymous_6)
FNDA:0,(anonymous_7)
FNDA:0,(anonymous_8)
FNDA:0,(anonymous_9)
FNDA:0,(anonymous_10)
FNDA:0,(anonymous_11)
FNDA:0,(anonymous_12)
FNDA:0,(anonymous_13)
DA:11,0
DA:12,0
DA:31,0
DA:32,0
DA:33,0
DA:34,0
DA:35,0
DA:36,0
DA:37,0
DA:39,0
DA:40,0
DA:41,0
DA:42,0
DA:43,0
DA:45,0
DA:46,0
DA:47,0
DA:48,0
DA:49,0
DA:51,0
DA:52,0
DA:53,0
DA:54,0
DA:57,0
DA:58,0
DA:59,0
DA:60,0
DA:61,0
DA:65,0
DA:66,0
DA:70,0
DA:71,0
DA:72,0
DA:73,0
DA:74,0
DA:76,0
DA:77,0
DA:78,0
DA:79,0
DA:81,0
DA:82,0
DA:83,0
DA:84,0
DA:87,0
DA:88,0
DA:89,0
DA:90,0
DA:91,0
DA:93,0
DA:94,0
DA:98,0
DA:99,0
DA:100,0
DA:101,0
DA:102,0
DA:103,0
DA:104,0
DA:105,0
DA:106,0
DA:109,0
DA:111,0
DA:169,0
DA:172,0
DA:202,0
DA:219,0
DA:232,0
LF:66
LH:0
BRDA:46,0,0,0
BRDA:46,0,1,0
BRDA:51,1,0,0
BRDA:51,1,1,0
BRDA:51,2,0,0
BRDA:51,2,1,0
BRDA:65,3,0,0
BRDA:65,3,1,0
BRDA:71,4,0,0
BRDA:71,4,1,0
BRDA:76,5,0,0
BRDA:76,5,1,0
BRDA:81,6,0,0
BRDA:81,6,1,0
BRDA:81,7,0,0
BRDA:81,7,1,0
BRDA:93,8,0,0
BRDA:93,8,1,0
BRDA:99,9,0,0
BRDA:99,9,1,0
BRDA:103,10,0,0
BRDA:103,10,1,0
BRDA:109,11,0,0
BRDA:109,11,1,0
BRDA:113,12,0,0
BRDA:113,12,1,0
BRDA:124,13,0,0
BRDA:124,13,1,0
BRDA:124,14,0,0
BRDA:124,14,1,0
BRDA:128,15,0,0
BRDA:128,15,1,0
BRDA:129,16,0,0
BRDA:129,16,1,0
BRDA:130,17,0,0
BRDA:130,17,1,0
BRDA:131,18,0,0
BRDA:131,18,1,0
BRDA:135,19,0,0
BRDA:135,19,1,0
BRDA:160,20,0,0
BRDA:160,20,1,0
BRDA:161,21,0,0
BRDA:161,21,1,0
BRDA:179,22,0,0
BRDA:179,22,1,0
BRDA:198,23,0,0
BRDA:198,23,1,0
BRDA:199,24,0,0
BRDA:199,24,1,0
BRDA:209,25,0,0
BRDA:209,25,1,0
BRDA:216,26,0,0
BRDA:216,26,1,0
BRDA:217,27,0,0
BRDA:217,27,1,0
BRF:56
BRH:0
end_of_record
TN:
SF:src/screens/CalendarScreen.tsx
FN:10,CalendarScreen
FN:11,(anonymous_1)
FN:15,(anonymous_2)
FN:15,(anonymous_3)
FN:16,(anonymous_4)
FN:16,(anonymous_5)
FN:17,(anonymous_6)
FN:17,(anonymous_7)
FN:22,(anonymous_8)
FN:28,(anonymous_9)
FN:40,(anonymous_10)
FN:51,(anonymous_11)
FN:53,(anonymous_12)
FN:54,(anonymous_13)
FN:57,(anonymous_14)
FN:67,(anonymous_15)
FN:116,(anonymous_16)
FN:118,(anonymous_17)
FN:140,(anonymous_18)
FN:141,(anonymous_19)
FN:142,(anonymous_20)
FN:155,(anonymous_21)
FN:160,(anonymous_22)
FN:161,(anonymous_23)
FN:162,(anonymous_24)
FN:164,(anonymous_25)
FN:196,(anonymous_26)
FN:200,(anonymous_27)
FN:208,(anonymous_28)
FN:209,(anonymous_29)
FN:214,(anonymous_30)
FN:215,(anonymous_31)
FN:216,(anonymous_32)
FN:218,(anonymous_33)
FN:239,(anonymous_34)
FNF:35
FNH:0
FNDA:0,CalendarScreen
FNDA:0,(anonymous_1)
FNDA:0,(anonymous_2)
FNDA:0,(anonymous_3)
FNDA:0,(anonymous_4)
FNDA:0,(anonymous_5)
FNDA:0,(anonymous_6)
FNDA:0,(anonymous_7)
FNDA:0,(anonymous_8)
FNDA:0,(anonymous_9)
FNDA:0,(anonymous_10)
FNDA:0,(anonymous_11)
FNDA:0,(anonymous_12)
FNDA:0,(anonymous_13)
FNDA:0,(anonymous_14)
FNDA:0,(anonymous_15)
FNDA:0,(anonymous_16)
FNDA:0,(anonymous_17)
FNDA:0,(anonymous_18)
FNDA:0,(anonymous_19)
FNDA:0,(anonymous_20)
FNDA:0,(anonymous_21)
FNDA:0,(anonymous_22)
FNDA:0,(anonymous_23)
FNDA:0,(anonymous_24)
FNDA:0,(anonymous_25)
FNDA:0,(anonymous_26)
FNDA:0,(anonymous_27)
FNDA:0,(anonymous_28)
FNDA:0,(anonymous_29)
FNDA:0,(anonymous_30)
FNDA:0,(anonymous_31)
FNDA:0,(anonymous_32)
FNDA:0,(anonymous_33)
FNDA:0,(anonymous_34)
DA:8,0
DA:11,0
DA:12,0
DA:13,0
DA:15,0
DA:16,0
DA:17,0
DA:19,0
DA:20,0
DA:22,0
DA:23,0
DA:24,0
DA:25,0
DA:28,0
DA:30,0
DA:31,0
DA:40,0
DA:41,0
DA:42,0
DA:44,0
DA:51,0
DA:52,0
DA:53,0
DA:54,0
DA:56,0
DA:57,0
DA:67,0
DA:117,0
DA:118,0
DA:119,0
DA:120,0
DA:140,0
DA:141,0
DA:142,0
DA:143,0
DA:144,0
DA:145,0
DA:146,0
DA:149,0
DA:150,0
DA:153,0
DA:156,0
DA:161,0
DA:162,0
DA:163,0
DA:164,0
DA:189,0
DA:196,0
DA:200,0
DA:209,0
DA:210,0
DA:211,0
DA:215,0
DA:216,0
DA:217,0
DA:218,0
DA:239,0
DA:250,0
LF:58
LH:0
BRDA:12,0,0,0
BRDA:12,0,1,0
BRDA:13,1,0,0
BRDA:13,1,1,0
BRDA:23,2,0,0
BRDA:23,2,1,0
BRDA:30,3,0,0
BRDA:30,3,1,0
BRDA:40,4,0,0
BRDA:41,5,0,0
BRDA:41,5,1,0
BRDA:46,6,0,0
BRDA:46,6,1,0
BRDA:52,7,0,0
BRDA:52,7,1,0
BRDA:64,8,0,0
BRDA:64,8,1,0
BRDA:64,9,0,0
BRDA:64,9,1,0
BRDA:75,10,0,0
BRDA:75,10,1,0
BRDA:84,11,0,0
BRDA:84,11,1,0
BRDA:88,12,0,0
BRDA:88,12,1,0
BRDA:97,13,0,0
BRDA:97,13,1,0
BRDA:98,14,0,0
BRDA:98,14,1,0
BRDA:99,15,0,0
BRDA:99,15,1,0
BRDA:99,16,0,0
BRDA:99,16,1,0
BRDA:110,17,0,0
BRDA:110,17,1,0
BRDA:121,18,0,0
BRDA:121,18,1,0
BRDA:122,19,0,0
BRDA:122,19,1,0
BRDA:123,20,0,0
BRDA:123,20,1,0
BRDA:127,21,0,0
BRDA:127,21,1,0
BRDA:141,22,0,0
BRDA:141,22,1,0
BRDA:143,23,0,0
BRDA:143,23,1,0
BRDA:143,24,0,0
BRDA:143,24,1,0
BRDA:144,25,0,0
BRDA:144,25,1,0
BRDA:149,26,0,0
BRDA:149,26,1,0
BRDA:168,27,0,0
BRDA:168,27,1,0
BRDA:168,27,2,0
BRDA:168,28,0,0
BRDA:168,28,1,0
BRDA:176,29,0,0
BRDA:176,29,1,0
BRDA:176,29,2,0
BRDA:176,30,0,0
BRDA:176,30,1,0
BRDA:196,31,0,0
BRDA:196,31,1,0
BRDA:197,32,0,0
BRDA:197,32,1,0
BRDA:198,33,0,0
BRDA:198,33,1,0
BRDA:200,34,0,0
BRDA:200,34,1,0
BRDA:201,35,0,0
BRDA:201,35,1,0
BRDA:202,36,0,0
BRDA:202,36,1,0
BRDA:206,37,0,0
BRDA:206,37,1,0
BRDA:209,38,0,0
BRDA:209,38,1,0
BRDA:209,38,2,0
BRDA:210,39,0,0
BRDA:210,39,1,0
BRDA:222,40,0,0
BRDA:222,40,1,0
BRDA:222,40,2,0
BRDA:229,41,0,0
BRDA:229,41,1,0
BRDA:229,41,2,0
BRDA:239,42,0,0
BRDA:239,42,1,0
BRDA:239,43,0,0
BRDA:239,43,1,0
BRDA:239,43,2,0
BRF:93
BRH:0
end_of_record
TN:
SF:src/screens/DashboardScreen.tsx
FN:8,DashboardScreen
FN:9,(anonymous_1)
FN:10,(anonymous_2)
FN:11,(anonymous_3)
FN:14,(anonymous_4)
FN:14,(anonymous_5)
FN:15,(anonymous_6)
FN:15,(anonymous_7)
FN:16,(anonymous_8)
FN:16,(anonymous_9)
FN:18,(anonymous_10)
FN:24,(anonymous_11)
FN:25,(anonymous_12)
FN:32,(anonymous_13)
FN:65,(anonymous_14)
FN:79,(anonymous_15)
FN:81,(anonymous_16)
FN:84,(anonymous_17)
FN:86,(anonymous_18)
FN:98,(anonymous_19)
FN:104,(anonymous_20)
FN:121,(anonymous_21)
FN:141,(anonymous_22)
FN:142,(anonymous_23)
FN:151,(anonymous_24)
FN:183,(anonymous_25)
FN:197,(anonymous_26)
FN:204,(anonymous_27)
FN:207,(anonymous_28)
FN:208,(anonymous_29)
FN:216,(anonymous_30)
FN:240,(anonymous_31)
FN:245,(anonymous_32)
FN:263,(anonymous_33)
FN:267,(anonymous_34)
FN:271,(anonymous_35)
FN:276,(anonymous_36)
FN:287,(anonymous_37)
FN:290,(anonymous_38)
FN:293,(anonymous_39)
FNF:40
FNH:0
FNDA:0,DashboardScreen
FNDA:0,(anonymous_1)
FNDA:0,(anonymous_2)
FNDA:0,(anonymous_3)
FNDA:0,(anonymous_4)
FNDA:0,(anonymous_5)
FNDA:0,(anonymous_6)
FNDA:0,(anonymous_7)
FNDA:0,(anonymous_8)
FNDA:0,(anonymous_9)
FNDA:0,(anonymous_10)
FNDA:0,(anonymous_11)
FNDA:0,(anonymous_12)
FNDA:0,(anonymous_13)
FNDA:0,(anonymous_14)
FNDA:0,(anonymous_15)
FNDA:0,(anonymous_16)
FNDA:0,(anonymous_17)
FNDA:0,(anonymous_18)
FNDA:0,(anonymous_19)
FNDA:0,(anonymous_20)
FNDA:0,(anonymous_21)
FNDA:0,(anonymous_22)
FNDA:0,(anonymous_23)
FNDA:0,(anonymous_24)
FNDA:0,(anonymous_25)
FNDA:0,(anonymous_26)
FNDA:0,(anonymous_27)
FNDA:0,(anonymous_28)
FNDA:0,(anonymous_29)
FNDA:0,(anonymous_30)
FNDA:0,(anonymous_31)
FNDA:0,(anonymous_32)
FNDA:0,(anonymous_33)
FNDA:0,(anonymous_34)
FNDA:0,(anonymous_35)
FNDA:0,(anonymous_36)
FNDA:0,(anonymous_37)
FNDA:0,(anonymous_38)
FNDA:0,(anonymous_39)
DA:9,0
DA:10,0
DA:11,0
DA:12,0
DA:14,0
DA:15,0
DA:16,0
DA:18,0
DA:19,0
DA:21,0
DA:22,0
DA:24,0
DA:25,0
DA:26,0
DA:27,0
DA:28,0
DA:29,0
DA:31,0
DA:32,0
DA:33,0
DA:34,0
DA:35,0
DA:36,0
DA:39,0
DA:40,0
DA:41,0
DA:42,0
DA:43,0
DA:47,0
DA:48,0
DA:49,0
DA:50,0
DA:51,0
DA:52,0
DA:54,0
DA:55,0
DA:61,0
DA:65,0
DA:68,0
DA:69,0
DA:78,0
DA:79,0
DA:80,0
DA:81,0
DA:84,0
DA:86,0
DA:87,0
DA:88,0
DA:89,0
DA:90,0
DA:92,0
DA:93,0
DA:94,0
DA:98,0
DA:99,0
DA:100,0
DA:101,0
DA:102,0
DA:104,0
DA:105,0
DA:106,0
DA:107,0
DA:108,0
DA:109,0
DA:110,0
DA:111,0
DA:112,0
DA:113,0
DA:114,0
DA:115,0
DA:116,0
DA:117,0
DA:120,0
DA:122,0
DA:123,0
DA:124,0
DA:125,0
DA:126,0
DA:129,0
DA:142,0
DA:143,0
DA:144,0
DA:145,0
DA:146,0
DA:147,0
DA:148,0
DA:151,0
DA:183,0
DA:197,0
DA:204,0
DA:208,0
DA:217,0
DA:218,0
DA:240,0
DA:246,0
DA:263,0
DA:267,0
DA:271,0
DA:276,0
DA:287,0
DA:290,0
DA:293,0
DA:304,0
LF:103
LH:0
BRDA:16,0,0,0
BRDA:16,0,1,0
BRDA:19,1,0,0
BRDA:19,1,1,0
BRDA:19,2,0,0
BRDA:19,2,1,0
BRDA:31,3,0,0
BRDA:31,3,1,0
BRDA:31,4,0,0
BRDA:31,4,1,0
BRDA:34,5,0,0
BRDA:34,5,1,0
BRDA:34,6,0,0
BRDA:34,6,1,0
BRDA:39,7,0,0
BRDA:39,7,1,0
BRDA:39,8,0,0
BRDA:39,8,1,0
BRDA:41,9,0,0
BRDA:41,9,1,0
BRDA:47,10,0,0
BRDA:47,10,1,0
BRDA:54,11,0,0
BRDA:54,11,1,0
BRDA:68,12,0,0
BRDA:68,12,1,0
BRDA:80,13,0,0
BRDA:80,13,1,0
BRDA:87,14,0,0
BRDA:87,14,1,0
BRDA:88,15,0,0
BRDA:88,15,1,0
BRDA:89,16,0,0
BRDA:89,16,1,0
BRDA:92,17,0,0
BRDA:92,17,1,0
BRDA:93,18,0,0
BRDA:93,18,1,0
BRDA:105,19,0,0
BRDA:105,19,1,0
BRDA:105,20,0,0
BRDA:105,20,1,0
BRDA:105,20,2,0
BRDA:106,21,0,0
BRDA:106,21,1,0
BRDA:110,22,0,0
BRDA:110,22,1,0
BRDA:111,23,0,0
BRDA:111,23,1,0
BRDA:112,24,0,0
BRDA:112,24,1,0
BRDA:116,25,0,0
BRDA:116,25,1,0
BRDA:117,26,0,0
BRDA:117,26,1,0
BRDA:122,27,0,0
BRDA:122,27,1,0
BRDA:125,28,0,0
BRDA:125,28,1,0
BRDA:140,29,0,0
BRDA:140,29,1,0
BRDA:140,29,2,0
BRDA:143,30,0,0
BRDA:143,30,1,0
BRDA:144,31,0,0
BRDA:144,31,1,0
BRDA:147,32,0,0
BRDA:147,32,1,0
BRDA:147,33,0,0
BRDA:147,33,1,0
BRDA:147,34,0,0
BRDA:147,34,1,0
BRDA:150,35,0,0
BRDA:150,35,1,0
BRDA:154,36,0,0
BRDA:154,36,1,0
BRDA:155,37,0,0
BRDA:155,37,1,0
BRDA:158,38,0,0
BRDA:158,38,1,0
BRDA:171,39,0,0
BRDA:171,39,1,0
BRDA:172,40,0,0
BRDA:172,40,1,0
BRDA:175,41,0,0
BRDA:175,41,1,0
BRDA:180,42,0,0
BRDA:180,42,1,0
BRDA:190,43,0,0
BRDA:190,43,1,0
BRDA:195,44,0,0
BRDA:195,44,1,0
BRDA:202,45,0,0
BRDA:202,45,1,0
BRDA:202,45,2,0
BRDA:204,46,0,0
BRDA:204,46,1,0
BRDA:205,47,0,0
BRDA:205,47,1,0
BRDA:208,48,0,0
BRDA:208,48,1,0
BRDA:209,49,0,0
BRDA:209,49,1,0
BRDA:217,50,0,0
BRDA:217,50,1,0
BRDA:217,51,0,0
BRDA:217,51,1,0
BRDA:217,52,0,0
BRDA:217,52,1,0
BRDA:220,53,0,0
BRDA:220,53,1,0
BRDA:221,54,0,0
BRDA:221,54,1,0
BRDA:247,55,0,0
BRDA:247,55,1,0
BRDA:248,56,0,0
BRDA:248,56,1,0
BRDA:275,57,0,0
BRDA:275,57,1,0
BRDA:283,58,0,0
BRDA:283,58,1,0
BRF:121
BRH:0
end_of_record
TN:
SF:src/screens/FantasyAdminScreen.tsx
FN:10,FantasyAdminScreen
FN:11,(anonymous_1)
FN:12,(anonymous_2)
FN:13,(anonymous_3)
FN:14,(anonymous_4)
FN:16,(anonymous_5)
FN:17,(anonymous_6)
FN:19,(anonymous_7)
FN:19,(anonymous_8)
FN:20,(anonymous_9)
FN:20,(anonymous_10)
FN:21,(anonymous_11)
FN:22,(anonymous_12)
FN:23,(anonymous_13)
FN:24,(anonymous_14)
FN:25,(anonymous_15)
FN:26,(anonymous_16)
FN:27,(anonymous_17)
FN:28,(anonymous_18)
FN:31,(anonymous_19)
FN:31,(anonymous_20)
FN:32,(anonymous_21)
FN:75,(anonymous_22)
FN:76,(anonymous_23)
FN:82,(anonymous_24)
FN:101,(anonymous_25)
FN:114,(anonymous_26)
FN:153,(anonymous_27)
FN:171,(anonymous_28)
FN:172,(anonymous_29)
FN:179,(anonymous_30)
FN:184,(anonymous_31)
FN:200,(anonymous_32)
FN:205,(anonymous_33)
FN:219,(anonymous_34)
FN:220,(anonymous_35)
FN:227,(anonymous_36)
FN:243,(anonymous_37)
FN:253,(anonymous_38)
FN:254,(anonymous_39)
FN:256,(anonymous_40)
FN:271,(anonymous_41)
FN:272,(anonymous_42)
FN:274,(anonymous_43)
FN:282,(anonymous_44)
FN:289,(anonymous_45)
FN:291,(anonymous_46)
FN:294,(anonymous_47)
FN:318,(anonymous_48)
FN:322,(anonymous_49)
FN:323,(anonymous_50)
FN:340,(anonymous_51)
FN:341,(anonymous_52)
FN:348,(anonymous_53)
FN:355,(anonymous_54)
FN:356,(anonymous_55)
FN:356,(anonymous_56)
FN:372,(anonymous_57)
FN:374,(anonymous_58)
FN:375,(anonymous_59)
FN:384,(anonymous_60)
FN:385,(anonymous_61)
FN:417,(anonymous_62)
FN:427,(anonymous_63)
FN:431,(anonymous_64)
FN:437,(anonymous_65)
FN:446,(anonymous_66)
FN:456,(anonymous_67)
FN:457,(anonymous_68)
FN:469,(anonymous_69)
FN:470,(anonymous_70)
FN:471,(anonymous_71)
FN:479,(anonymous_72)
FN:486,(anonymous_73)
FN:489,(anonymous_74)
FN:489,(anonymous_75)
FN:512,(anonymous_76)
FN:513,(anonymous_77)
FN:514,(anonymous_78)
FN:531,(anonymous_79)
FN:532,(anonymous_80)
FN:539,(anonymous_81)
FN:546,(anonymous_82)
FN:547,(anonymous_83)
FN:547,(anonymous_84)
FN:564,(anonymous_85)
FN:565,(anonymous_86)
FN:566,(anonymous_87)
FN:572,(anonymous_88)
FN:573,(anonymous_89)
FN:610,(anonymous_90)
FN:623,(anonymous_91)
FN:633,(anonymous_92)
FN:639,(anonymous_93)
FN:640,(anonymous_94)
FN:641,(anonymous_95)
FN:646,(anonymous_96)
FN:651,(anonymous_97)
FN:656,(anonymous_98)
FN:681,(anonymous_99)
FN:682,(anonymous_100)
FN:686,(anonymous_101)
FN:697,(anonymous_102)
FN:710,(anonymous_103)
FN:710,(anonymous_104)
FN:711,(anonymous_105)
FN:714,(anonymous_106)
FN:716,(anonymous_107)
FN:717,(anonymous_108)
FN:768,(anonymous_109)
FN:776,(anonymous_110)
FN:788,(anonymous_111)
FN:812,(anonymous_112)
FN:813,(anonymous_113)
FN:849,(anonymous_114)
FN:850,(anonymous_115)
FN:854,(anonymous_116)
FN:856,(anonymous_117)
FN:858,(anonymous_118)
FN:871,(anonymous_119)
FN:875,(anonymous_120)
FN:879,(anonymous_121)
FN:911,(anonymous_122)
FN:915,(anonymous_123)
FN:928,(anonymous_124)
FN:934,(anonymous_125)
FN:952,(anonymous_126)
FN:956,(anonymous_127)
FN:978,(anonymous_128)
FN:979,(anonymous_129)
FN:997,(anonymous_130)
FN:999,(anonymous_131)
FN:1003,(anonymous_132)
FN:1026,(anonymous_133)
FN:1028,(anonymous_134)
FN:1032,(anonymous_135)
FN:1067,(anonymous_136)
FN:1068,(anonymous_137)
FN:1074,(anonymous_138)
FN:1087,(anonymous_139)
FN:1088,(anonymous_140)
FN:1093,(anonymous_141)
FN:1101,(anonymous_142)
FN:1102,(anonymous_143)
FN:1107,(anonymous_144)
FN:1140,(anonymous_145)
FN:1142,(anonymous_146)
FN:1161,(anonymous_147)
FN:1171,(anonymous_148)
FN:1180,(anonymous_149)
FN:1227,(anonymous_150)
FN:1242,(anonymous_151)
FNF:152
FNH:0
FNDA:0,FantasyAdminScreen
FNDA:0,(anonymous_1)
FNDA:0,(anonymous_2)
FNDA:0,(anonymous_3)
FNDA:0,(anonymous_4)
FNDA:0,(anonymous_5)
FNDA:0,(anonymous_6)
FNDA:0,(anonymous_7)
FNDA:0,(anonymous_8)
FNDA:0,(anonymous_9)
FNDA:0,(anonymous_10)
FNDA:0,(anonymous_11)
FNDA:0,(anonymous_12)
FNDA:0,(anonymous_13)
FNDA:0,(anonymous_14)
FNDA:0,(anonymous_15)
FNDA:0,(anonymous_16)
FNDA:0,(anonymous_17)
FNDA:0,(anonymous_18)
FNDA:0,(anonymous_19)
FNDA:0,(anonymous_20)
FNDA:0,(anonymous_21)
FNDA:0,(anonymous_22)
FNDA:0,(anonymous_23)
FNDA:0,(anonymous_24)
FNDA:0,(anonymous_25)
FNDA:0,(anonymous_26)
FNDA:0,(anonymous_27)
FNDA:0,(anonymous_28)
FNDA:0,(anonymous_29)
FNDA:0,(anonymous_30)
FNDA:0,(anonymous_31)
FNDA:0,(anonymous_32)
FNDA:0,(anonymous_33)
FNDA:0,(anonymous_34)
FNDA:0,(anonymous_35)
FNDA:0,(anonymous_36)
FNDA:0,(anonymous_37)
FNDA:0,(anonymous_38)
FNDA:0,(anonymous_39)
FNDA:0,(anonymous_40)
FNDA:0,(anonymous_41)
FNDA:0,(anonymous_42)
FNDA:0,(anonymous_43)
FNDA:0,(anonymous_44)
FNDA:0,(anonymous_45)
FNDA:0,(anonymous_46)
FNDA:0,(anonymous_47)
FNDA:0,(anonymous_48)
FNDA:0,(anonymous_49)
FNDA:0,(anonymous_50)
FNDA:0,(anonymous_51)
FNDA:0,(anonymous_52)
FNDA:0,(anonymous_53)
FNDA:0,(anonymous_54)
FNDA:0,(anonymous_55)
FNDA:0,(anonymous_56)
FNDA:0,(anonymous_57)
FNDA:0,(anonymous_58)
FNDA:0,(anonymous_59)
FNDA:0,(anonymous_60)
FNDA:0,(anonymous_61)
FNDA:0,(anonymous_62)
FNDA:0,(anonymous_63)
FNDA:0,(anonymous_64)
FNDA:0,(anonymous_65)
FNDA:0,(anonymous_66)
FNDA:0,(anonymous_67)
FNDA:0,(anonymous_68)
FNDA:0,(anonymous_69)
FNDA:0,(anonymous_70)
FNDA:0,(anonymous_71)
FNDA:0,(anonymous_72)
FNDA:0,(anonymous_73)
FNDA:0,(anonymous_74)
FNDA:0,(anonymous_75)
FNDA:0,(anonymous_76)
FNDA:0,(anonymous_77)
FNDA:0,(anonymous_78)
FNDA:0,(anonymous_79)
FNDA:0,(anonymous_80)
FNDA:0,(anonymous_81)
FNDA:0,(anonymous_82)
FNDA:0,(anonymous_83)
FNDA:0,(anonymous_84)
FNDA:0,(anonymous_85)
FNDA:0,(anonymous_86)
FNDA:0,(anonymous_87)
FNDA:0,(anonymous_88)
FNDA:0,(anonymous_89)
FNDA:0,(anonymous_90)
FNDA:0,(anonymous_91)
FNDA:0,(anonymous_92)
FNDA:0,(anonymous_93)
FNDA:0,(anonymous_94)
FNDA:0,(anonymous_95)
FNDA:0,(anonymous_96)
FNDA:0,(anonymous_97)
FNDA:0,(anonymous_98)
FNDA:0,(anonymous_99)
FNDA:0,(anonymous_100)
FNDA:0,(anonymous_101)
FNDA:0,(anonymous_102)
FNDA:0,(anonymous_103)
FNDA:0,(anonymous_104)
FNDA:0,(anonymous_105)
FNDA:0,(anonymous_106)
FNDA:0,(anonymous_107)
FNDA:0,(anonymous_108)
FNDA:0,(anonymous_109)
FNDA:0,(anonymous_110)
FNDA:0,(anonymous_111)
FNDA:0,(anonymous_112)
FNDA:0,(anonymous_113)
FNDA:0,(anonymous_114)
FNDA:0,(anonymous_115)
FNDA:0,(anonymous_116)
FNDA:0,(anonymous_117)
FNDA:0,(anonymous_118)
FNDA:0,(anonymous_119)
FNDA:0,(anonymous_120)
FNDA:0,(anonymous_121)
FNDA:0,(anonymous_122)
FNDA:0,(anonymous_123)
FNDA:0,(anonymous_124)
FNDA:0,(anonymous_125)
FNDA:0,(anonymous_126)
FNDA:0,(anonymous_127)
FNDA:0,(anonymous_128)
FNDA:0,(anonymous_129)
FNDA:0,(anonymous_130)
FNDA:0,(anonymous_131)
FNDA:0,(anonymous_132)
FNDA:0,(anonymous_133)
FNDA:0,(anonymous_134)
FNDA:0,(anonymous_135)
FNDA:0,(anonymous_136)
FNDA:0,(anonymous_137)
FNDA:0,(anonymous_138)
FNDA:0,(anonymous_139)
FNDA:0,(anonymous_140)
FNDA:0,(anonymous_141)
FNDA:0,(anonymous_142)
FNDA:0,(anonymous_143)
FNDA:0,(anonymous_144)
FNDA:0,(anonymous_145)
FNDA:0,(anonymous_146)
FNDA:0,(anonymous_147)
FNDA:0,(anonymous_148)
FNDA:0,(anonymous_149)
FNDA:0,(anonymous_150)
FNDA:0,(anonymous_151)
DA:11,0
DA:12,0
DA:13,0
DA:14,0
DA:15,0
DA:16,0
DA:17,0
DA:19,0
DA:20,0
DA:21,0
DA:22,0
DA:23,0
DA:24,0
DA:25,0
DA:26,0
DA:27,0
DA:28,0
DA:29,0
DA:31,0
DA:32,0
DA:34,0
DA:36,0
DA:37,0
DA:38,0
DA:39,0
DA:40,0
DA:41,0
DA:42,0
DA:43,0
DA:44,0
DA:45,0
DA:46,0
DA:48,0
DA:49,0
DA:51,0
DA:52,0
DA:53,0
DA:54,0
DA:56,0
DA:58,0
DA:61,0
DA:63,0
DA:64,0
DA:73,0
DA:75,0
DA:76,0
DA:77,0
DA:78,0
DA:82,0
DA:83,0
DA:84,0
DA:89,0
DA:91,0
DA:92,0
DA:93,0
DA:98,0
DA:101,0
DA:102,0
DA:103,0
DA:104,0
DA:110,0
DA:111,0
DA:114,0
DA:115,0
DA:116,0
DA:121,0
DA:123,0
DA:124,0
DA:125,0
DA:130,0
DA:133,0
DA:143,0
DA:144,0
DA:145,0
DA:146,0
DA:153,0
DA:154,0
DA:155,0
DA:156,0
DA:158,0
DA:159,0
DA:161,0
DA:166,0
DA:167,0
DA:168,0
DA:171,0
DA:172,0
DA:173,0
DA:179,0
DA:180,0
DA:181,0
DA:182,0
DA:184,0
DA:185,0
DA:187,0
DA:197,0
DA:200,0
DA:201,0
DA:202,0
DA:203,0
DA:205,0
DA:206,0
DA:208,0
DA:209,0
DA:211,0
DA:216,0
DA:219,0
DA:220,0
DA:221,0
DA:227,0
DA:228,0
DA:236,0
DA:243,0
DA:244,0
DA:254,0
DA:255,0
DA:256,0
DA:259,0
DA:260,0
DA:265,0
DA:268,0
DA:269,0
DA:271,0
DA:272,0
DA:274,0
DA:275,0
DA:276,0
DA:277,0
DA:279,0
DA:280,0
DA:281,0
DA:282,0
DA:283,0
DA:286,0
DA:287,0
DA:288,0
DA:289,0
DA:291,0
DA:292,0
DA:294,0
DA:295,0
DA:296,0
DA:299,0
DA:300,0
DA:303,0
DA:304,0
DA:305,0
DA:306,0
DA:307,0
DA:308,0
DA:309,0
DA:312,0
DA:313,0
DA:314,0
DA:318,0
DA:319,0
DA:322,0
DA:323,0
DA:324,0
DA:326,0
DA:327,0
DA:337,0
DA:338,0
DA:340,0
DA:341,0
DA:342,0
DA:343,0
DA:344,0
DA:345,0
DA:346,0
DA:348,0
DA:349,0
DA:350,0
DA:352,0
DA:353,0
DA:354,0
DA:355,0
DA:356,0
DA:357,0
DA:358,0
DA:359,0
DA:360,0
DA:364,0
DA:365,0
DA:367,0
DA:368,0
DA:372,0
DA:373,0
DA:374,0
DA:375,0
DA:376,0
DA:379,0
DA:382,0
DA:383,0
DA:384,0
DA:385,0
DA:386,0
DA:387,0
DA:388,0
DA:389,0
DA:390,0
DA:393,0
DA:394,0
DA:397,0
DA:398,0
DA:399,0
DA:400,0
DA:407,0
DA:409,0
DA:416,0
DA:417,0
DA:419,0
DA:427,0
DA:428,0
DA:431,0
DA:432,0
DA:438,0
DA:446,0
DA:447,0
DA:457,0
DA:458,0
DA:459,0
DA:464,0
DA:467,0
DA:468,0
DA:469,0
DA:470,0
DA:471,0
DA:472,0
DA:473,0
DA:474,0
DA:476,0
DA:477,0
DA:478,0
DA:479,0
DA:480,0
DA:483,0
DA:484,0
DA:485,0
DA:486,0
DA:487,0
DA:489,0
DA:490,0
DA:491,0
DA:494,0
DA:495,0
DA:497,0
DA:498,0
DA:499,0
DA:500,0
DA:501,0
DA:502,0
DA:503,0
DA:505,0
DA:506,0
DA:507,0
DA:511,0
DA:512,0
DA:513,0
DA:514,0
DA:516,0
DA:517,0
DA:519,0
DA:520,0
DA:530,0
DA:531,0
DA:532,0
DA:533,0
DA:534,0
DA:535,0
DA:537,0
DA:538,0
DA:539,0
DA:540,0
DA:541,0
DA:543,0
DA:544,0
DA:545,0
DA:546,0
DA:547,0
DA:548,0
DA:549,0
DA:550,0
DA:551,0
DA:555,0
DA:556,0
DA:558,0
DA:559,0
DA:564,0
DA:565,0
DA:566,0
DA:567,0
DA:571,0
DA:572,0
DA:573,0
DA:574,0
DA:575,0
DA:576,0
DA:577,0
DA:578,0
DA:580,0
DA:581,0
DA:583,0
DA:584,0
DA:585,0
DA:586,0
DA:593,0
DA:594,0
DA:601,0
DA:602,0
DA:610,0
DA:611,0
DA:623,0
DA:624,0
DA:634,0
DA:635,0
DA:637,0
DA:639,0
DA:640,0
DA:641,0
DA:643,0
DA:645,0
DA:646,0
DA:647,0
DA:651,0
DA:652,0
DA:656,0
DA:658,0
DA:665,0
DA:671,0
DA:673,0
DA:681,0
DA:682,0
DA:683,0
DA:686,0
DA:687,0
DA:688,0
DA:698,0
DA:699,0
DA:700,0
DA:710,0
DA:711,0
DA:713,0
DA:714,0
DA:716,0
DA:717,0
DA:723,0
DA:768,0
DA:776,0
DA:789,0
DA:790,0
DA:791,0
DA:792,0
DA:793,0
DA:795,0
DA:797,0
DA:798,0
DA:799,0
DA:813,0
DA:850,0
DA:851,0
DA:852,0
DA:854,0
DA:856,0
DA:858,0
DA:871,0
DA:875,0
DA:879,0
DA:912,0
DA:915,0
DA:929,0
DA:934,0
DA:953,0
DA:956,0
DA:979,0
DA:980,0
DA:981,0
DA:983,0
DA:997,0
DA:1000,0
DA:1003,0
DA:1026,0
DA:1029,0
DA:1032,0
DA:1068,0
DA:1069,0
DA:1074,0
DA:1075,0
DA:1079,0
DA:1088,0
DA:1089,0
DA:1093,0
DA:1102,0
DA:1103,0
DA:1107,0
DA:1141,0
DA:1142,0
DA:1145,0
DA:1162,0
DA:1167,0
DA:1172,0
DA:1181,0
DA:1182,0
DA:1183,0
DA:1184,0
DA:1185,0
DA:1186,0
DA:1228,0
DA:1229,0
DA:1230,0
DA:1231,0
DA:1232,0
DA:1243,0
DA:1244,0
DA:1245,0
DA:1246,0
DA:1247,0
DA:1256,0
LF:418
LH:0
BRDA:15,0,0,0
BRDA:15,0,1,0
BRDA:29,1,0,0
BRDA:29,1,1,0
BRDA:29,2,0,0
BRDA:29,2,1,0
BRDA:58,3,0,0
BRDA:58,3,1,0
BRDA:61,4,0,0
BRDA:61,4,1,0
BRDA:63,5,0,0
BRDA:63,5,1,0
BRDA:63,6,0,0
BRDA:63,6,1,0
BRDA:77,7,0,0
BRDA:77,7,1,0
BRDA:83,8,0,0
BRDA:83,8,1,0
BRDA:92,9,0,0
BRDA:92,9,1,0
BRDA:102,10,0,0
BRDA:102,10,1,0
BRDA:103,11,0,0
BRDA:103,11,1,0
BRDA:115,12,0,0
BRDA:115,12,1,0
BRDA:124,13,0,0
BRDA:124,13,1,0
BRDA:137,14,0,0
BRDA:137,14,1,0
BRDA:139,15,0,0
BRDA:139,15,1,0
BRDA:154,16,0,0
BRDA:154,16,1,0
BRDA:154,17,0,0
BRDA:154,17,1,0
BRDA:156,18,0,0
BRDA:156,18,1,0
BRDA:159,19,0,0
BRDA:159,19,1,0
BRDA:172,20,0,0
BRDA:172,20,1,0
BRDA:180,21,0,0
BRDA:180,21,1,0
BRDA:185,22,0,0
BRDA:185,22,1,0
BRDA:191,23,0,0
BRDA:191,23,1,0
BRDA:201,24,0,0
BRDA:201,24,1,0
BRDA:206,25,0,0
BRDA:206,25,1,0
BRDA:208,26,0,0
BRDA:208,26,1,0
BRDA:209,27,0,0
BRDA:209,27,1,0
BRDA:220,28,0,0
BRDA:220,28,1,0
BRDA:255,29,0,0
BRDA:255,29,1,0
BRDA:256,30,0,0
BRDA:256,30,1,0
BRDA:259,31,0,0
BRDA:259,31,1,0
BRDA:272,32,0,0
BRDA:272,32,1,0
BRDA:276,33,0,0
BRDA:276,33,1,0
BRDA:277,34,0,0
BRDA:277,34,1,0
BRDA:280,35,0,0
BRDA:280,35,1,0
BRDA:281,36,0,0
BRDA:281,36,1,0
BRDA:282,37,0,0
BRDA:282,37,1,0
BRDA:283,38,0,0
BRDA:283,38,1,0
BRDA:286,39,0,0
BRDA:286,39,1,0
BRDA:292,40,0,0
BRDA:292,40,1,0
BRDA:299,41,0,0
BRDA:299,41,1,0
BRDA:303,42,0,0
BRDA:303,42,1,0
BRDA:303,43,0,0
BRDA:303,43,1,0
BRDA:304,44,0,0
BRDA:304,44,1,0
BRDA:304,45,0,0
BRDA:304,45,1,0
BRDA:305,46,0,0
BRDA:305,46,1,0
BRDA:305,47,0,0
BRDA:305,47,1,0
BRDA:306,48,0,0
BRDA:306,48,1,0
BRDA:306,49,0,0
BRDA:306,49,1,0
BRDA:307,50,0,0
BRDA:307,50,1,0
BRDA:307,51,0,0
BRDA:307,51,1,0
BRDA:308,52,0,0
BRDA:308,52,1,0
BRDA:308,53,0,0
BRDA:308,53,1,0
BRDA:309,54,0,0
BRDA:309,54,1,0
BRDA:309,55,0,0
BRDA:309,55,1,0
BRDA:312,56,0,0
BRDA:312,56,1,0
BRDA:319,57,0,0
BRDA:319,57,1,0
BRDA:319,57,2,0
BRDA:341,58,0,0
BRDA:341,58,1,0
BRDA:342,59,0,0
BRDA:342,59,1,0
BRDA:346,60,0,0
BRDA:346,60,1,0
BRDA:352,61,0,0
BRDA:352,61,1,0
BRDA:352,62,0,0
BRDA:352,62,1,0
BRDA:354,63,0,0
BRDA:354,63,1,0
BRDA:356,64,0,0
BRDA:356,64,1,0
BRDA:357,65,0,0
BRDA:357,65,1,0
BRDA:364,66,0,0
BRDA:364,66,1,0
BRDA:364,67,0,0
BRDA:364,67,1,0
BRDA:372,68,0,0
BRDA:372,68,1,0
BRDA:372,69,0,0
BRDA:372,69,1,0
BRDA:376,70,0,0
BRDA:376,70,1,0
BRDA:383,71,0,0
BRDA:383,71,1,0
BRDA:385,72,0,0
BRDA:385,72,1,0
BRDA:386,73,0,0
BRDA:386,73,1,0
BRDA:393,74,0,0
BRDA:393,74,1,0
BRDA:393,75,0,0
BRDA:393,75,1,0
BRDA:394,76,0,0
BRDA:394,76,1,0
BRDA:399,77,0,0
BRDA:399,77,1,0
BRDA:399,78,0,0
BRDA:399,78,1,0
BRDA:399,78,2,0
BRDA:399,78,3,0
BRDA:399,78,4,0
BRDA:399,78,5,0
BRDA:400,79,0,0
BRDA:400,79,1,0
BRDA:416,80,0,0
BRDA:416,80,1,0
BRDA:417,81,0,0
BRDA:417,81,1,0
BRDA:458,82,0,0
BRDA:458,82,1,0
BRDA:470,83,0,0
BRDA:470,83,1,0
BRDA:473,84,0,0
BRDA:473,84,1,0
BRDA:474,85,0,0
BRDA:474,85,1,0
BRDA:477,86,0,0
BRDA:477,86,1,0
BRDA:478,87,0,0
BRDA:478,87,1,0
BRDA:479,88,0,0
BRDA:479,88,1,0
BRDA:480,89,0,0
BRDA:480,89,1,0
BRDA:483,90,0,0
BRDA:483,90,1,0
BRDA:487,91,0,0
BRDA:487,91,1,0
BRDA:494,92,0,0
BRDA:494,92,1,0
BRDA:497,93,0,0
BRDA:497,93,1,0
BRDA:497,94,0,0
BRDA:497,94,1,0
BRDA:498,95,0,0
BRDA:498,95,1,0
BRDA:498,96,0,0
BRDA:498,96,1,0
BRDA:499,97,0,0
BRDA:499,97,1,0
BRDA:499,98,0,0
BRDA:499,98,1,0
BRDA:500,99,0,0
BRDA:500,99,1,0
BRDA:500,100,0,0
BRDA:500,100,1,0
BRDA:501,101,0,0
BRDA:501,101,1,0
BRDA:501,102,0,0
BRDA:501,102,1,0
BRDA:502,103,0,0
BRDA:502,103,1,0
BRDA:502,104,0,0
BRDA:502,104,1,0
BRDA:503,105,0,0
BRDA:503,105,1,0
BRDA:503,106,0,0
BRDA:503,106,1,0
BRDA:505,107,0,0
BRDA:505,107,1,0
BRDA:512,108,0,0
BRDA:512,108,1,0
BRDA:512,108,2,0
BRDA:517,109,0,0
BRDA:517,109,1,0
BRDA:519,110,0,0
BRDA:519,110,1,0
BRDA:533,111,0,0
BRDA:533,111,1,0
BRDA:537,112,0,0
BRDA:537,112,1,0
BRDA:538,113,0,0
BRDA:538,113,1,0
BRDA:543,114,0,0
BRDA:543,114,1,0
BRDA:543,115,0,0
BRDA:543,115,1,0
BRDA:545,116,0,0
BRDA:545,116,1,0
BRDA:547,117,0,0
BRDA:547,117,1,0
BRDA:548,118,0,0
BRDA:548,118,1,0
BRDA:555,119,0,0
BRDA:555,119,1,0
BRDA:555,120,0,0
BRDA:555,120,1,0
BRDA:564,121,0,0
BRDA:564,121,1,0
BRDA:567,122,0,0
BRDA:567,122,1,0
BRDA:571,123,0,0
BRDA:571,123,1,0
BRDA:573,124,0,0
BRDA:573,124,1,0
BRDA:574,125,0,0
BRDA:574,125,1,0
BRDA:580,126,0,0
BRDA:580,126,1,0
BRDA:580,127,0,0
BRDA:580,127,1,0
BRDA:581,128,0,0
BRDA:581,128,1,0
BRDA:585,129,0,0
BRDA:585,129,1,0
BRDA:585,130,0,0
BRDA:585,130,1,0
BRDA:585,130,2,0
BRDA:585,130,3,0
BRDA:585,130,4,0
BRDA:585,130,5,0
BRDA:586,131,0,0
BRDA:586,131,1,0
BRDA:593,132,0,0
BRDA:593,132,1,0
BRDA:601,133,0,0
BRDA:601,133,1,0
BRDA:643,134,0,0
BRDA:643,134,1,0
BRDA:652,135,0,0
BRDA:652,135,1,0
BRDA:656,136,0,0
BRDA:656,136,1,0
BRDA:682,137,0,0
BRDA:682,137,1,0
BRDA:687,138,0,0
BRDA:687,138,1,0
BRDA:710,139,0,0
BRDA:710,139,1,0
BRDA:713,140,0,0
BRDA:713,140,1,0
BRDA:713,141,0,0
BRDA:713,141,1,0
BRDA:717,142,0,0
BRDA:717,142,1,0
BRDA:718,143,0,0
BRDA:718,143,1,0
BRDA:719,144,0,0
BRDA:719,144,1,0
BRDA:742,145,0,0
BRDA:742,145,1,0
BRDA:743,146,0,0
BRDA:743,146,1,0
BRDA:746,147,0,0
BRDA:746,147,1,0
BRDA:750,148,0,0
BRDA:750,148,1,0
BRDA:752,149,0,0
BRDA:752,149,1,0
BRDA:754,150,0,0
BRDA:754,150,1,0
BRDA:770,151,0,0
BRDA:770,151,1,0
BRDA:771,152,0,0
BRDA:771,152,1,0
BRDA:778,153,0,0
BRDA:778,153,1,0
BRDA:779,154,0,0
BRDA:779,154,1,0
BRDA:786,155,0,0
BRDA:786,155,1,0
BRDA:789,156,0,0
BRDA:789,156,1,0
BRDA:791,157,0,0
BRDA:791,157,1,0
BRDA:793,158,0,0
BRDA:793,158,1,0
BRDA:809,159,0,0
BRDA:809,159,1,0
BRDA:813,160,0,0
BRDA:813,160,1,0
BRDA:818,161,0,0
BRDA:818,161,1,0
BRDA:826,162,0,0
BRDA:826,162,1,0
BRDA:831,163,0,0
BRDA:831,163,1,0
BRDA:833,164,0,0
BRDA:833,164,1,0
BRDA:841,165,0,0
BRDA:841,165,1,0
BRDA:848,166,0,0
BRDA:848,166,1,0
BRDA:853,167,0,0
BRDA:853,167,1,0
BRDA:867,168,0,0
BRDA:867,168,1,0
BRDA:871,169,0,0
BRDA:871,169,1,0
BRDA:872,170,0,0
BRDA:872,170,1,0
BRDA:873,171,0,0
BRDA:873,171,1,0
BRDA:875,172,0,0
BRDA:875,172,1,0
BRDA:876,173,0,0
BRDA:876,173,1,0
BRDA:877,174,0,0
BRDA:877,174,1,0
BRDA:879,175,0,0
BRDA:879,175,1,0
BRDA:880,176,0,0
BRDA:880,176,1,0
BRDA:881,177,0,0
BRDA:881,177,1,0
BRDA:885,178,0,0
BRDA:885,178,1,0
BRDA:914,179,0,0
BRDA:914,179,1,0
BRDA:917,180,0,0
BRDA:917,180,1,0
BRDA:917,181,0,0
BRDA:917,181,1,0
BRDA:928,182,0,0
BRDA:928,182,1,0
BRDA:931,183,0,0
BRDA:931,183,1,0
BRDA:931,184,0,0
BRDA:931,184,1,0
BRDA:932,185,0,0
BRDA:932,185,1,0
BRDA:943,186,0,0
BRDA:943,186,1,0
BRDA:952,187,0,0
BRDA:952,187,1,0
BRDA:955,188,0,0
BRDA:955,188,1,0
BRDA:961,189,0,0
BRDA:961,189,1,0
BRDA:961,190,0,0
BRDA:961,190,1,0
BRDA:976,191,0,0
BRDA:976,191,1,0
BRDA:980,192,0,0
BRDA:980,192,1,0
BRDA:981,193,0,0
BRDA:981,193,1,0
BRDA:985,194,0,0
BRDA:985,194,1,0
BRDA:996,195,0,0
BRDA:996,195,1,0
BRDA:1014,196,0,0
BRDA:1014,196,1,0
BRDA:1016,197,0,0
BRDA:1016,197,1,0
BRDA:1025,198,0,0
BRDA:1025,198,1,0
BRDA:1050,199,0,0
BRDA:1050,199,1,0
BRDA:1067,200,0,0
BRDA:1067,200,1,0
BRDA:1069,201,0,0
BRDA:1069,201,1,0
BRDA:1069,201,2,0
BRDA:1074,202,0,0
BRDA:1074,202,1,0
BRDA:1075,203,0,0
BRDA:1075,203,1,0
BRDA:1082,204,0,0
BRDA:1082,204,1,0
BRDA:1092,205,0,0
BRDA:1092,205,1,0
BRDA:1106,206,0,0
BRDA:1106,206,1,0
BRDA:1114,207,0,0
BRDA:1114,207,1,0
BRDA:1114,207,2,0
BRDA:1125,208,0,0
BRDA:1125,208,1,0
BRDA:1141,209,0,0
BRDA:1141,209,1,0
BRDA:1142,210,0,0
BRDA:1142,210,1,0
BRDA:1154,211,0,0
BRDA:1154,211,1,0
BRDA:1155,212,0,0
BRDA:1155,212,1,0
BRDA:1156,213,0,0
BRDA:1156,213,1,0
BRDA:1157,214,0,0
BRDA:1157,214,1,0
BRDA:1158,215,0,0
BRDA:1158,215,1,0
BRDA:1162,216,0,0
BRDA:1162,216,1,0
BRDA:1163,217,0,0
BRDA:1163,217,1,0
BRDA:1164,218,0,0
BRDA:1164,218,1,0
BRDA:1165,219,0,0
BRDA:1165,219,1,0
BRDA:1167,220,0,0
BRDA:1167,220,1,0
BRDA:1179,221,0,0
BRDA:1179,221,1,0
BRDA:1181,222,0,0
BRDA:1181,222,1,0
BRDA:1183,223,0,0
BRDA:1183,223,1,0
BRDA:1184,224,0,0
BRDA:1184,224,1,0
BRDA:1202,225,0,0
BRDA:1202,225,1,0
BRDA:1205,226,0,0
BRDA:1205,226,1,0
BRDA:1207,227,0,0
BRDA:1207,227,1,0
BRDA:1207,228,0,0
BRDA:1207,228,1,0
BRDA:1208,229,0,0
BRDA:1208,229,1,0
BRDA:1222,230,0,0
BRDA:1222,230,1,0
BRDA:1224,231,0,0
BRDA:1224,231,1,0
BRDA:1229,232,0,0
BRDA:1229,232,1,0
BRDA:1230,233,0,0
BRDA:1230,233,1,0
BRDA:1237,234,0,0
BRDA:1237,234,1,0
BRDA:1239,235,0,0
BRDA:1239,235,1,0
BRDA:1244,236,0,0
BRDA:1244,236,1,0
BRDA:1245,237,0,0
BRDA:1245,237,1,0
BRF:488
BRH:0
end_of_record
TN:
SF:src/screens/FantasyStandingsScreen.tsx
FN:8,(anonymous_0)
FN:16,FantasyStandingsScreen
FN:17,(anonymous_2)
FN:21,(anonymous_3)
FN:22,(anonymous_4)
FN:22,(anonymous_5)
FN:23,(anonymous_6)
FN:23,(anonymous_7)
FN:24,(anonymous_8)
FN:24,(anonymous_9)
FN:25,(anonymous_10)
FN:25,(anonymous_11)
FN:26,(anonymous_12)
FN:26,(anonymous_13)
FN:26,(anonymous_14)
FN:37,(anonymous_15)
FN:39,(anonymous_16)
FN:42,(anonymous_17)
FN:44,(anonymous_18)
FN:56,(anonymous_19)
FN:60,(anonymous_20)
FN:61,(anonymous_21)
FN:62,(anonymous_22)
FN:66,(anonymous_23)
FN:67,(anonymous_24)
FN:69,(anonymous_25)
FN:77,(anonymous_26)
FN:87,(anonymous_27)
FN:89,(anonymous_28)
FN:112,(anonymous_29)
FN:113,(anonymous_30)
FN:115,(anonymous_31)
FN:118,(anonymous_32)
FN:120,(anonymous_33)
FN:122,(anonymous_34)
FN:132,(anonymous_35)
FN:143,(anonymous_36)
FN:151,(anonymous_37)
FN:161,(anonymous_38)
FN:166,(anonymous_39)
FN:170,(anonymous_40)
FN:186,(anonymous_41)
FN:187,(anonymous_42)
FN:200,(anonymous_43)
FN:201,(anonymous_44)
FN:204,(anonymous_45)
FN:215,(anonymous_46)
FN:227,(anonymous_47)
FN:227,(anonymous_48)
FN:245,(anonymous_49)
FN:262,(anonymous_50)
FN:279,(anonymous_51)
FN:283,(anonymous_52)
FN:292,(anonymous_53)
FN:294,(anonymous_54)
FN:295,(anonymous_55)
FN:305,(anonymous_56)
FN:308,(anonymous_57)
FN:312,(anonymous_58)
FN:314,(anonymous_59)
FN:315,(anonymous_60)
FN:319,(anonymous_61)
FN:322,(anonymous_62)
FN:327,(anonymous_63)
FN:332,(anonymous_64)
FN:341,(anonymous_65)
FN:405,(anonymous_66)
FN:412,(anonymous_67)
FN:424,(anonymous_68)
FN:428,(anonymous_69)
FN:432,(anonymous_70)
FN:444,(anonymous_71)
FN:448,(anonymous_72)
FN:469,(anonymous_73)
FN:472,(anonymous_74)
FN:474,(anonymous_75)
FN:499,(anonymous_76)
FN:500,(anonymous_77)
FNF:78
FNH:0
FNDA:0,(anonymous_0)
FNDA:0,FantasyStandingsScreen
FNDA:0,(anonymous_2)
FNDA:0,(anonymous_3)
FNDA:0,(anonymous_4)
FNDA:0,(anonymous_5)
FNDA:0,(anonymous_6)
FNDA:0,(anonymous_7)
FNDA:0,(anonymous_8)
FNDA:0,(anonymous_9)
FNDA:0,(anonymous_10)
FNDA:0,(anonymous_11)
FNDA:0,(anonymous_12)
FNDA:0,(anonymous_13)
FNDA:0,(anonymous_14)
FNDA:0,(anonymous_15)
FNDA:0,(anonymous_16)
FNDA:0,(anonymous_17)
FNDA:0,(anonymous_18)
FNDA:0,(anonymous_19)
FNDA:0,(anonymous_20)
FNDA:0,(anonymous_21)
FNDA:0,(anonymous_22)
FNDA:0,(anonymous_23)
FNDA:0,(anonymous_24)
FNDA:0,(anonymous_25)
FNDA:0,(anonymous_26)
FNDA:0,(anonymous_27)
FNDA:0,(anonymous_28)
FNDA:0,(anonymous_29)
FNDA:0,(anonymous_30)
FNDA:0,(anonymous_31)
FNDA:0,(anonymous_32)
FNDA:0,(anonymous_33)
FNDA:0,(anonymous_34)
FNDA:0,(anonymous_35)
FNDA:0,(anonymous_36)
FNDA:0,(anonymous_37)
FNDA:0,(anonymous_38)
FNDA:0,(anonymous_39)
FNDA:0,(anonymous_40)
FNDA:0,(anonymous_41)
FNDA:0,(anonymous_42)
FNDA:0,(anonymous_43)
FNDA:0,(anonymous_44)
FNDA:0,(anonymous_45)
FNDA:0,(anonymous_46)
FNDA:0,(anonymous_47)
FNDA:0,(anonymous_48)
FNDA:0,(anonymous_49)
FNDA:0,(anonymous_50)
FNDA:0,(anonymous_51)
FNDA:0,(anonymous_52)
FNDA:0,(anonymous_53)
FNDA:0,(anonymous_54)
FNDA:0,(anonymous_55)
FNDA:0,(anonymous_56)
FNDA:0,(anonymous_57)
FNDA:0,(anonymous_58)
FNDA:0,(anonymous_59)
FNDA:0,(anonymous_60)
FNDA:0,(anonymous_61)
FNDA:0,(anonymous_62)
FNDA:0,(anonymous_63)
FNDA:0,(anonymous_64)
FNDA:0,(anonymous_65)
FNDA:0,(anonymous_66)
FNDA:0,(anonymous_67)
FNDA:0,(anonymous_68)
FNDA:0,(anonymous_69)
FNDA:0,(anonymous_70)
FNDA:0,(anonymous_71)
FNDA:0,(anonymous_72)
FNDA:0,(anonymous_73)
FNDA:0,(anonymous_74)
FNDA:0,(anonymous_75)
FNDA:0,(anonymous_76)
FNDA:0,(anonymous_77)
DA:8,0
DA:9,0
DA:17,0
DA:18,0
DA:19,0
DA:21,0
DA:22,0
DA:23,0
DA:24,0
DA:25,0
DA:26,0
DA:28,0
DA:29,0
DA:30,0
DA:31,0
DA:32,0
DA:36,0
DA:37,0
DA:38,0
DA:39,0
DA:42,0
DA:44,0
DA:45,0
DA:46,0
DA:47,0
DA:48,0
DA:50,0
DA:51,0
DA:52,0
DA:56,0
DA:57,0
DA:58,0
DA:60,0
DA:61,0
DA:62,0
DA:63,0
DA:66,0
DA:67,0
DA:69,0
DA:70,0
DA:71,0
DA:72,0
DA:74,0
DA:75,0
DA:76,0
DA:77,0
DA:78,0
DA:81,0
DA:82,0
DA:83,0
DA:87,0
DA:88,0
DA:89,0
DA:90,0
DA:91,0
DA:93,0
DA:95,0
DA:96,0
DA:98,0
DA:99,0
DA:100,0
DA:101,0
DA:102,0
DA:103,0
DA:104,0
DA:107,0
DA:108,0
DA:112,0
DA:113,0
DA:114,0
DA:115,0
DA:118,0
DA:120,0
DA:121,0
DA:122,0
DA:123,0
DA:125,0
DA:126,0
DA:127,0
DA:128,0
DA:129,0
DA:132,0
DA:133,0
DA:134,0
DA:136,0
DA:143,0
DA:144,0
DA:145,0
DA:148,0
DA:149,0
DA:151,0
DA:152,0
DA:154,0
DA:155,0
DA:156,0
DA:158,0
DA:159,0
DA:160,0
DA:161,0
DA:162,0
DA:165,0
DA:166,0
DA:167,0
DA:168,0
DA:170,0
DA:171,0
DA:172,0
DA:173,0
DA:175,0
DA:176,0
DA:177,0
DA:178,0
DA:179,0
DA:180,0
DA:182,0
DA:183,0
DA:186,0
DA:187,0
DA:189,0
DA:200,0
DA:201,0
DA:203,0
DA:204,0
DA:215,0
DA:227,0
DA:228,0
DA:246,0
DA:263,0
DA:279,0
DA:280,0
DA:282,0
DA:283,0
DA:285,0
DA:286,0
DA:287,0
DA:288,0
DA:290,0
DA:291,0
DA:292,0
DA:293,0
DA:294,0
DA:295,0
DA:296,0
DA:297,0
DA:298,0
DA:300,0
DA:305,0
DA:307,0
DA:308,0
DA:309,0
DA:310,0
DA:312,0
DA:313,0
DA:314,0
DA:315,0
DA:316,0
DA:319,0
DA:321,0
DA:322,0
DA:323,0
DA:326,0
DA:327,0
DA:332,0
DA:342,0
DA:383,0
DA:384,0
DA:393,0
DA:405,0
DA:412,0
DA:424,0
DA:429,0
DA:432,0
DA:445,0
DA:448,0
DA:470,0
DA:471,0
DA:472,0
DA:473,0
DA:474,0
DA:500,0
DA:525,0
LF:181
LH:0
BRDA:8,0,0,0
BRDA:8,1,0,0
BRDA:18,2,0,0
BRDA:18,2,1,0
BRDA:19,3,0,0
BRDA:19,3,1,0
BRDA:25,4,0,0
BRDA:25,4,1,0
BRDA:25,4,2,0
BRDA:38,5,0,0
BRDA:38,5,1,0
BRDA:45,6,0,0
BRDA:45,6,1,0
BRDA:46,7,0,0
BRDA:46,7,1,0
BRDA:47,8,0,0
BRDA:47,8,1,0
BRDA:50,9,0,0
BRDA:50,9,1,0
BRDA:51,10,0,0
BRDA:51,10,1,0
BRDA:57,11,0,0
BRDA:57,11,1,0
BRDA:67,12,0,0
BRDA:67,12,1,0
BRDA:71,13,0,0
BRDA:71,13,1,0
BRDA:72,14,0,0
BRDA:72,14,1,0
BRDA:75,15,0,0
BRDA:75,15,1,0
BRDA:76,16,0,0
BRDA:76,16,1,0
BRDA:77,17,0,0
BRDA:77,17,1,0
BRDA:78,18,0,0
BRDA:78,18,1,0
BRDA:81,19,0,0
BRDA:81,19,1,0
BRDA:82,20,0,0
BRDA:82,20,1,0
BRDA:88,21,0,0
BRDA:88,21,1,0
BRDA:90,22,0,0
BRDA:90,22,1,0
BRDA:95,23,0,0
BRDA:95,23,1,0
BRDA:98,24,0,0
BRDA:98,24,1,0
BRDA:98,25,0,0
BRDA:98,25,1,0
BRDA:99,26,0,0
BRDA:99,26,1,0
BRDA:99,27,0,0
BRDA:99,27,1,0
BRDA:100,28,0,0
BRDA:100,28,1,0
BRDA:100,29,0,0
BRDA:100,29,1,0
BRDA:101,30,0,0
BRDA:101,30,1,0
BRDA:101,31,0,0
BRDA:101,31,1,0
BRDA:102,32,0,0
BRDA:102,32,1,0
BRDA:102,33,0,0
BRDA:102,33,1,0
BRDA:103,34,0,0
BRDA:103,34,1,0
BRDA:103,35,0,0
BRDA:103,35,1,0
BRDA:104,36,0,0
BRDA:104,36,1,0
BRDA:104,37,0,0
BRDA:104,37,1,0
BRDA:107,38,0,0
BRDA:107,38,1,0
BRDA:112,39,0,0
BRDA:112,39,1,0
BRDA:114,40,0,0
BRDA:114,40,1,0
BRDA:118,41,0,0
BRDA:118,41,1,0
BRDA:118,42,0,0
BRDA:118,42,1,0
BRDA:121,43,0,0
BRDA:121,43,1,0
BRDA:121,44,0,0
BRDA:121,44,1,0
BRDA:123,45,0,0
BRDA:123,45,1,0
BRDA:123,46,0,0
BRDA:123,46,1,0
BRDA:125,47,0,0
BRDA:125,47,1,0
BRDA:126,48,0,0
BRDA:126,48,1,0
BRDA:127,49,0,0
BRDA:127,49,1,0
BRDA:128,50,0,0
BRDA:128,50,1,0
BRDA:133,51,0,0
BRDA:133,51,1,0
BRDA:144,52,0,0
BRDA:144,52,1,0
BRDA:149,53,0,0
BRDA:149,53,1,0
BRDA:152,54,0,0
BRDA:152,54,1,0
BRDA:152,55,0,0
BRDA:152,55,1,0
BRDA:155,56,0,0
BRDA:155,56,1,0
BRDA:156,57,0,0
BRDA:156,57,1,0
BRDA:159,58,0,0
BRDA:159,58,1,0
BRDA:160,59,0,0
BRDA:160,59,1,0
BRDA:161,60,0,0
BRDA:161,60,1,0
BRDA:162,61,0,0
BRDA:162,61,1,0
BRDA:165,62,0,0
BRDA:165,62,1,0
BRDA:172,63,0,0
BRDA:172,63,1,0
BRDA:175,64,0,0
BRDA:175,64,1,0
BRDA:176,65,0,0
BRDA:176,65,1,0
BRDA:177,66,0,0
BRDA:177,66,1,0
BRDA:178,67,0,0
BRDA:178,67,1,0
BRDA:179,68,0,0
BRDA:179,68,1,0
BRDA:180,69,0,0
BRDA:180,69,1,0
BRDA:212,70,0,0
BRDA:212,70,1,0
BRDA:223,71,0,0
BRDA:223,71,1,0
BRDA:223,71,2,0
BRDA:240,72,0,0
BRDA:240,72,1,0
BRDA:240,73,0,0
BRDA:240,73,1,0
BRDA:243,74,0,0
BRDA:243,74,1,0
BRDA:247,75,0,0
BRDA:247,75,1,0
BRDA:248,76,0,0
BRDA:248,76,1,0
BRDA:249,77,0,0
BRDA:249,77,1,0
BRDA:249,77,2,0
BRDA:249,78,0,0
BRDA:249,78,1,0
BRDA:250,79,0,0
BRDA:250,79,1,0
BRDA:250,80,0,0
BRDA:250,80,1,0
BRDA:250,81,0,0
BRDA:250,81,1,0
BRDA:250,82,0,0
BRDA:250,82,1,0
BRDA:258,83,0,0
BRDA:258,83,1,0
BRDA:263,84,0,0
BRDA:263,84,1,0
BRDA:266,85,0,0
BRDA:266,85,1,0
BRDA:280,86,0,0
BRDA:280,86,1,0
BRDA:288,87,0,0
BRDA:288,87,1,0
BRDA:290,88,0,0
BRDA:290,88,1,0
BRDA:293,89,0,0
BRDA:293,89,1,0
BRDA:297,90,0,0
BRDA:297,90,1,0
BRDA:300,91,0,0
BRDA:300,91,1,0
BRDA:300,92,0,0
BRDA:300,92,1,0
BRDA:307,93,0,0
BRDA:307,93,1,0
BRDA:310,94,0,0
BRDA:310,94,1,0
BRDA:313,95,0,0
BRDA:313,95,1,0
BRDA:313,96,0,0
BRDA:313,96,1,0
BRDA:316,97,0,0
BRDA:316,97,1,0
BRDA:316,98,0,0
BRDA:316,98,1,0
BRDA:321,99,0,0
BRDA:321,99,1,0
BRDA:338,100,0,0
BRDA:338,100,1,0
BRDA:347,101,0,0
BRDA:347,101,1,0
BRDA:353,102,0,0
BRDA:353,102,1,0
BRDA:361,103,0,0
BRDA:361,103,1,0
BRDA:361,103,2,0
BRDA:365,104,0,0
BRDA:365,104,1,0
BRDA:373,105,0,0
BRDA:373,105,1,0
BRDA:373,106,0,0
BRDA:373,106,1,0
BRDA:383,107,0,0
BRDA:383,107,1,0
BRDA:383,108,0,0
BRDA:383,108,1,0
BRDA:404,109,0,0
BRDA:404,109,1,0
BRDA:407,110,0,0
BRDA:407,110,1,0
BRDA:408,111,0,0
BRDA:408,111,1,0
BRDA:411,112,0,0
BRDA:411,112,1,0
BRDA:414,113,0,0
BRDA:414,113,1,0
BRDA:415,114,0,0
BRDA:415,114,1,0
BRDA:419,115,0,0
BRDA:419,115,1,0
BRDA:423,116,0,0
BRDA:423,116,1,0
BRDA:426,117,0,0
BRDA:426,117,1,0
BRDA:428,118,0,0
BRDA:428,118,1,0
BRDA:431,119,0,0
BRDA:431,119,1,0
BRDA:434,120,0,0
BRDA:434,120,1,0
BRDA:441,121,0,0
BRDA:441,121,1,0
BRDA:447,122,0,0
BRDA:447,122,1,0
BRDA:450,123,0,0
BRDA:450,123,1,0
BRDA:459,124,0,0
BRDA:459,124,1,0
BRDA:466,125,0,0
BRDA:466,125,1,0
BRDA:471,126,0,0
BRDA:471,126,1,0
BRDA:471,127,0,0
BRDA:471,127,1,0
BRDA:471,128,0,0
BRDA:471,128,1,0
BRDA:475,129,0,0
BRDA:475,129,1,0
BRDA:478,130,0,0
BRDA:478,130,1,0
BRDA:496,131,0,0
BRDA:496,131,1,0
BRF:266
BRH:0
end_of_record
TN:
SF:src/screens/FormationScreen.tsx
FN:10,FormationScreen
FN:11,(anonymous_1)
FN:15,(anonymous_2)
FN:16,(anonymous_3)
FN:17,(anonymous_4)
FN:18,(anonymous_5)
FN:19,(anonymous_6)
FN:20,(anonymous_7)
FN:27,(anonymous_8)
FN:28,(anonymous_9)
FN:31,(anonymous_10)
FN:40,(anonymous_11)
FN:42,(anonymous_12)
FN:43,(anonymous_13)
FN:44,(anonymous_14)
FN:50,(anonymous_15)
FN:58,(anonymous_16)
FN:62,(anonymous_17)
FN:66,(anonymous_18)
FN:68,(anonymous_19)
FN:72,(anonymous_20)
FN:85,(anonymous_21)
FN:94,(anonymous_22)
FN:101,(anonymous_23)
FN:113,(anonymous_24)
FN:114,(anonymous_25)
FN:120,(anonymous_26)
FN:127,(anonymous_27)
FN:143,(anonymous_28)
FN:146,(anonymous_29)
FN:164,(anonymous_30)
FN:170,(anonymous_31)
FN:181,(anonymous_32)
FN:183,(anonymous_33)
FN:193,(anonymous_34)
FN:204,(anonymous_35)
FN:216,(anonymous_36)
FN:223,(anonymous_37)
FN:267,(anonymous_38)
FN:271,(anonymous_39)
FN:284,(anonymous_40)
FN:285,(anonymous_41)
FN:296,(anonymous_42)
FN:325,(anonymous_43)
FN:326,(anonymous_44)
FN:344,(anonymous_45)
FN:345,(anonymous_46)
FN:350,(anonymous_47)
FN:367,(anonymous_48)
FN:378,(anonymous_49)
FN:379,(anonymous_50)
FN:409,(anonymous_51)
FN:425,(anonymous_52)
FN:437,(anonymous_53)
FNF:54
FNH:0
FNDA:0,FormationScreen
FNDA:0,(anonymous_1)
FNDA:0,(anonymous_2)
FNDA:0,(anonymous_3)
FNDA:0,(anonymous_4)
FNDA:0,(anonymous_5)
FNDA:0,(anonymous_6)
FNDA:0,(anonymous_7)
FNDA:0,(anonymous_8)
FNDA:0,(anonymous_9)
FNDA:0,(anonymous_10)
FNDA:0,(anonymous_11)
FNDA:0,(anonymous_12)
FNDA:0,(anonymous_13)
FNDA:0,(anonymous_14)
FNDA:0,(anonymous_15)
FNDA:0,(anonymous_16)
FNDA:0,(anonymous_17)
FNDA:0,(anonymous_18)
FNDA:0,(anonymous_19)
FNDA:0,(anonymous_20)
FNDA:0,(anonymous_21)
FNDA:0,(anonymous_22)
FNDA:0,(anonymous_23)
FNDA:0,(anonymous_24)
FNDA:0,(anonymous_25)
FNDA:0,(anonymous_26)
FNDA:0,(anonymous_27)
FNDA:0,(anonymous_28)
FNDA:0,(anonymous_29)
FNDA:0,(anonymous_30)
FNDA:0,(anonymous_31)
FNDA:0,(anonymous_32)
FNDA:0,(anonymous_33)
FNDA:0,(anonymous_34)
FNDA:0,(anonymous_35)
FNDA:0,(anonymous_36)
FNDA:0,(anonymous_37)
FNDA:0,(anonymous_38)
FNDA:0,(anonymous_39)
FNDA:0,(anonymous_40)
FNDA:0,(anonymous_41)
FNDA:0,(anonymous_42)
FNDA:0,(anonymous_43)
FNDA:0,(anonymous_44)
FNDA:0,(anonymous_45)
FNDA:0,(anonymous_46)
FNDA:0,(anonymous_47)
FNDA:0,(anonymous_48)
FNDA:0,(anonymous_49)
FNDA:0,(anonymous_50)
FNDA:0,(anonymous_51)
FNDA:0,(anonymous_52)
FNDA:0,(anonymous_53)
DA:8,0
DA:11,0
DA:12,0
DA:13,0
DA:15,0
DA:16,0
DA:17,0
DA:18,0
DA:19,0
DA:20,0
DA:23,0
DA:24,0
DA:26,0
DA:27,0
DA:28,0
DA:30,0
DA:31,0
DA:33,0
DA:34,0
DA:35,0
DA:36,0
DA:37,0
DA:38,0
DA:40,0
DA:42,0
DA:43,0
DA:44,0
DA:46,0
DA:47,0
DA:50,0
DA:51,0
DA:54,0
DA:58,0
DA:59,0
DA:60,0
DA:61,0
DA:62,0
DA:66,0
DA:67,0
DA:68,0
DA:69,0
DA:70,0
DA:71,0
DA:72,0
DA:73,0
DA:74,0
DA:76,0
DA:77,0
DA:79,0
DA:80,0
DA:85,0
DA:86,0
DA:87,0
DA:88,0
DA:89,0
DA:90,0
DA:94,0
DA:95,0
DA:96,0
DA:97,0
DA:98,0
DA:101,0
DA:102,0
DA:103,0
DA:108,0
DA:110,0
DA:113,0
DA:114,0
DA:117,0
DA:118,0
DA:120,0
DA:121,0
DA:122,0
DA:123,0
DA:124,0
DA:126,0
DA:127,0
DA:128,0
DA:129,0
DA:130,0
DA:131,0
DA:132,0
DA:133,0
DA:135,0
DA:136,0
DA:137,0
DA:138,0
DA:139,0
DA:140,0
DA:143,0
DA:146,0
DA:147,0
DA:148,0
DA:153,0
DA:155,0
DA:156,0
DA:161,0
DA:164,0
DA:166,0
DA:170,0
DA:176,0
DA:178,0
DA:181,0
DA:182,0
DA:183,0
DA:184,0
DA:186,0
DA:187,0
DA:188,0
DA:189,0
DA:190,0
DA:193,0
DA:194,0
DA:195,0
DA:197,0
DA:204,0
DA:205,0
DA:206,0
DA:208,0
DA:209,0
DA:210,0
DA:211,0
DA:212,0
DA:213,0
DA:214,0
DA:216,0
DA:222,0
DA:223,0
DA:224,0
DA:225,0
DA:226,0
DA:227,0
DA:230,0
DA:233,0
DA:235,0
DA:236,0
DA:245,0
DA:268,0
DA:271,0
DA:285,0
DA:286,0
DA:287,0
DA:288,0
DA:297,0
DA:298,0
DA:299,0
DA:301,0
DA:302,0
DA:326,0
DA:345,0
DA:346,0
DA:351,0
DA:367,0
DA:379,0
DA:409,0
DA:426,0
DA:438,0
DA:462,0
LF:158
LH:0
BRDA:12,0,0,0
BRDA:12,0,1,0
BRDA:13,1,0,0
BRDA:13,1,1,0
BRDA:26,2,0,0
BRDA:26,2,1,0
BRDA:28,3,0,0
BRDA:28,3,1,0
BRDA:31,4,0,0
BRDA:31,4,1,0
BRDA:33,5,0,0
BRDA:33,5,1,0
BRDA:40,6,0,0
BRDA:40,6,1,0
BRDA:43,7,0,0
BRDA:43,7,1,0
BRDA:46,8,0,0
BRDA:46,8,1,0
BRDA:46,9,0,0
BRDA:46,9,1,0
BRDA:54,10,0,0
BRDA:54,10,1,0
BRDA:59,11,0,0
BRDA:59,11,1,0
BRDA:61,12,0,0
BRDA:61,12,1,0
BRDA:67,13,0,0
BRDA:67,13,1,0
BRDA:68,14,0,0
BRDA:68,14,1,0
BRDA:69,15,0,0
BRDA:69,15,1,0
BRDA:70,16,0,0
BRDA:70,16,1,0
BRDA:74,17,0,0
BRDA:74,17,1,0
BRDA:74,18,0,0
BRDA:74,18,1,0
BRDA:77,19,0,0
BRDA:77,19,1,0
BRDA:86,20,0,0
BRDA:86,20,1,0
BRDA:102,21,0,0
BRDA:102,21,1,0
BRDA:102,22,0,0
BRDA:102,22,1,0
BRDA:121,23,0,0
BRDA:121,23,1,0
BRDA:122,24,0,0
BRDA:122,24,1,0
BRDA:130,25,0,0
BRDA:130,25,1,0
BRDA:132,26,0,0
BRDA:132,26,1,0
BRDA:140,27,0,0
BRDA:140,27,1,0
BRDA:147,28,0,0
BRDA:147,28,1,0
BRDA:147,29,0,0
BRDA:147,29,1,0
BRDA:155,30,0,0
BRDA:155,30,1,0
BRDA:164,31,0,0
BRDA:164,31,1,0
BRDA:167,32,0,0
BRDA:167,32,1,0
BRDA:170,33,0,0
BRDA:170,33,1,0
BRDA:172,34,0,0
BRDA:172,34,1,0
BRDA:173,35,0,0
BRDA:173,35,1,0
BRDA:178,36,0,0
BRDA:178,36,1,0
BRDA:182,37,0,0
BRDA:182,37,1,0
BRDA:182,38,0,0
BRDA:182,38,1,0
BRDA:184,39,0,0
BRDA:184,39,1,0
BRDA:184,40,0,0
BRDA:184,40,1,0
BRDA:186,41,0,0
BRDA:186,41,1,0
BRDA:187,42,0,0
BRDA:187,42,1,0
BRDA:188,43,0,0
BRDA:188,43,1,0
BRDA:189,44,0,0
BRDA:189,44,1,0
BRDA:193,45,0,0
BRDA:194,46,0,0
BRDA:194,46,1,0
BRDA:199,47,0,0
BRDA:199,47,1,0
BRDA:208,48,0,0
BRDA:208,48,1,0
BRDA:209,49,0,0
BRDA:209,49,1,0
BRDA:210,50,0,0
BRDA:210,50,1,0
BRDA:211,51,0,0
BRDA:211,51,1,0
BRDA:212,52,0,0
BRDA:212,52,1,0
BRDA:213,53,0,0
BRDA:213,53,1,0
BRDA:214,54,0,0
BRDA:214,54,1,0
BRDA:235,55,0,0
BRDA:235,55,1,0
BRDA:235,56,0,0
BRDA:235,56,1,0
BRDA:249,57,0,0
BRDA:249,57,1,0
BRDA:250,58,0,0
BRDA:250,58,1,0
BRDA:255,59,0,0
BRDA:255,59,1,0
BRDA:255,60,0,0
BRDA:255,60,1,0
BRDA:256,61,0,0
BRDA:256,61,1,0
BRDA:258,62,0,0
BRDA:258,62,1,0
BRDA:260,63,0,0
BRDA:260,63,1,0
BRDA:264,64,0,0
BRDA:264,64,1,0
BRDA:264,64,2,0
BRDA:270,65,0,0
BRDA:270,65,1,0
BRDA:273,66,0,0
BRDA:273,66,1,0
BRDA:287,67,0,0
BRDA:287,67,1,0
BRDA:293,68,0,0
BRDA:293,68,1,0
BRDA:294,69,0,0
BRDA:294,69,1,0
BRDA:297,70,0,0
BRDA:297,70,1,0
BRDA:298,71,0,0
BRDA:298,71,1,0
BRDA:301,72,0,0
BRDA:301,72,1,0
BRDA:305,73,0,0
BRDA:305,73,1,0
BRDA:307,74,0,0
BRDA:307,74,1,0
BRDA:308,75,0,0
BRDA:308,75,1,0
BRDA:310,76,0,0
BRDA:310,76,1,0
BRDA:310,76,2,0
BRDA:321,77,0,0
BRDA:321,77,1,0
BRDA:334,78,0,0
BRDA:334,78,1,0
BRDA:342,79,0,0
BRDA:342,79,1,0
BRDA:351,80,0,0
BRDA:351,80,1,0
BRDA:351,81,0,0
BRDA:351,81,1,0
BRDA:358,82,0,0
BRDA:358,82,1,0
BRDA:360,83,0,0
BRDA:360,83,1,0
BRDA:360,83,2,0
BRDA:366,84,0,0
BRDA:366,84,1,0
BRDA:375,85,0,0
BRDA:375,85,1,0
BRDA:375,85,2,0
BRDA:375,86,0,0
BRDA:375,86,1,0
BRDA:393,87,0,0
BRDA:393,87,1,0
BRDA:395,88,0,0
BRDA:395,88,1,0
BRDA:399,89,0,0
BRDA:399,89,1,0
BRDA:404,90,0,0
BRDA:404,90,1,0
BRDA:415,91,0,0
BRDA:415,91,1,0
BRDA:419,92,0,0
BRDA:419,92,1,0
BRDA:422,93,0,0
BRDA:422,93,1,0
BRDA:422,94,0,0
BRDA:422,94,1,0
BRDA:427,95,0,0
BRDA:427,95,1,0
BRDA:427,96,0,0
BRDA:427,96,1,0
BRDA:428,97,0,0
BRDA:428,97,1,0
BRDA:428,98,0,0
BRDA:428,98,1,0
BRDA:434,99,0,0
BRDA:434,99,1,0
BRDA:434,100,0,0
BRDA:434,100,1,0
BRDA:440,101,0,0
BRDA:440,101,1,0
BRDA:440,102,0,0
BRDA:440,102,1,0
BRDA:448,103,0,0
BRDA:448,103,1,0
BRF:211
BRH:0
end_of_record
TN:
SF:src/screens/LeaguesScreen.tsx
FN:15,LeaguesScreen
FN:16,(anonymous_1)
FN:17,(anonymous_2)
FN:18,(anonymous_3)
FN:19,(anonymous_4)
FN:20,(anonymous_5)
FN:21,(anonymous_6)
FN:22,(anonymous_7)
FN:23,(anonymous_8)
FN:24,(anonymous_9)
FN:81,(anonymous_10)
FN:94,(anonymous_11)
FN:96,(anonymous_12)
FN:103,(anonymous_13)
FN:110,(anonymous_14)
FN:112,(anonymous_15)
FN:114,(anonymous_16)
FN:117,(anonymous_17)
FN:123,(anonymous_18)
FN:154,(anonymous_19)
FN:204,(anonymous_20)
FN:210,(anonymous_21)
FN:210,(anonymous_22)
FN:211,(anonymous_23)
FN:211,(anonymous_24)
FN:213,(anonymous_25)
FN:217,(anonymous_26)
FN:223,(anonymous_27)
FN:224,(anonymous_28)
FN:227,(anonymous_29)
FN:229,(anonymous_30)
FN:246,(anonymous_31)
FN:251,(anonymous_32)
FN:258,(anonymous_33)
FN:267,(anonymous_34)
FN:281,(anonymous_35)
FN:286,(anonymous_36)
FN:294,(anonymous_37)
FN:314,(anonymous_38)
FN:322,(anonymous_39)
FN:346,(anonymous_40)
FN:384,(anonymous_41)
FN:385,(anonymous_42)
FN:412,(anonymous_43)
FN:418,(anonymous_44)
FN:422,(anonymous_45)
FN:435,(anonymous_46)
FN:442,(anonymous_47)
FN:453,(anonymous_48)
FN:456,(anonymous_49)
FN:461,(anonymous_50)
FN:487,(anonymous_51)
FN:539,(anonymous_52)
FN:555,(anonymous_53)
FN:559,(anonymous_54)
FN:588,(anonymous_55)
FN:595,(anonymous_56)
FN:595,(anonymous_57)
FN:605,(anonymous_58)
FN:637,(anonymous_59)
FN:641,(anonymous_60)
FN:651,(anonymous_61)
FN:657,(anonymous_62)
FN:738,(anonymous_63)
FN:744,(anonymous_64)
FN:761,(anonymous_65)
FN:765,(anonymous_66)
FN:770,(anonymous_67)
FN:778,(anonymous_68)
FN:785,(anonymous_69)
FN:787,(anonymous_70)
FN:820,(anonymous_71)
FN:854,(anonymous_72)
FN:860,(anonymous_73)
FN:882,(anonymous_74)
FN:894,(anonymous_75)
FN:899,(anonymous_76)
FNF:77
FNH:0
FNDA:0,LeaguesScreen
FNDA:0,(anonymous_1)
FNDA:0,(anonymous_2)
FNDA:0,(anonymous_3)
FNDA:0,(anonymous_4)
FNDA:0,(anonymous_5)
FNDA:0,(anonymous_6)
FNDA:0,(anonymous_7)
FNDA:0,(anonymous_8)
FNDA:0,(anonymous_9)
FNDA:0,(anonymous_10)
FNDA:0,(anonymous_11)
FNDA:0,(anonymous_12)
FNDA:0,(anonymous_13)
FNDA:0,(anonymous_14)
FNDA:0,(anonymous_15)
FNDA:0,(anonymous_16)
FNDA:0,(anonymous_17)
FNDA:0,(anonymous_18)
FNDA:0,(anonymous_19)
FNDA:0,(anonymous_20)
FNDA:0,(anonymous_21)
FNDA:0,(anonymous_22)
FNDA:0,(anonymous_23)
FNDA:0,(anonymous_24)
FNDA:0,(anonymous_25)
FNDA:0,(anonymous_26)
FNDA:0,(anonymous_27)
FNDA:0,(anonymous_28)
FNDA:0,(anonymous_29)
FNDA:0,(anonymous_30)
FNDA:0,(anonymous_31)
FNDA:0,(anonymous_32)
FNDA:0,(anonymous_33)
FNDA:0,(anonymous_34)
FNDA:0,(anonymous_35)
FNDA:0,(anonymous_36)
FNDA:0,(anonymous_37)
FNDA:0,(anonymous_38)
FNDA:0,(anonymous_39)
FNDA:0,(anonymous_40)
FNDA:0,(anonymous_41)
FNDA:0,(anonymous_42)
FNDA:0,(anonymous_43)
FNDA:0,(anonymous_44)
FNDA:0,(anonymous_45)
FNDA:0,(anonymous_46)
FNDA:0,(anonymous_47)
FNDA:0,(anonymous_48)
FNDA:0,(anonymous_49)
FNDA:0,(anonymous_50)
FNDA:0,(anonymous_51)
FNDA:0,(anonymous_52)
FNDA:0,(anonymous_53)
FNDA:0,(anonymous_54)
FNDA:0,(anonymous_55)
FNDA:0,(anonymous_56)
FNDA:0,(anonymous_57)
FNDA:0,(anonymous_58)
FNDA:0,(anonymous_59)
FNDA:0,(anonymous_60)
FNDA:0,(anonymous_61)
FNDA:0,(anonymous_62)
FNDA:0,(anonymous_63)
FNDA:0,(anonymous_64)
FNDA:0,(anonymous_65)
FNDA:0,(anonymous_66)
FNDA:0,(anonymous_67)
FNDA:0,(anonymous_68)
FNDA:0,(anonymous_69)
FNDA:0,(anonymous_70)
FNDA:0,(anonymous_71)
FNDA:0,(anonymous_72)
FNDA:0,(anonymous_73)
FNDA:0,(anonymous_74)
FNDA:0,(anonymous_75)
FNDA:0,(anonymous_76)
DA:13,0
DA:16,0
DA:17,0
DA:18,0
DA:19,0
DA:20,0
DA:21,0
DA:22,0
DA:23,0
DA:24,0
DA:26,0
DA:27,0
DA:28,0
DA:31,0
DA:32,0
DA:33,0
DA:34,0
DA:37,0
DA:38,0
DA:39,0
DA:40,0
DA:41,0
DA:42,0
DA:43,0
DA:44,0
DA:45,0
DA:46,0
DA:47,0
DA:50,0
DA:51,0
DA:52,0
DA:53,0
DA:54,0
DA:55,0
DA:56,0
DA:57,0
DA:58,0
DA:65,0
DA:68,0
DA:69,0
DA:72,0
DA:73,0
DA:81,0
DA:82,0
DA:89,0
DA:90,0
DA:94,0
DA:96,0
DA:97,0
DA:98,0
DA:102,0
DA:104,0
DA:108,0
DA:110,0
DA:111,0
DA:112,0
DA:114,0
DA:115,0
DA:116,0
DA:117,0
DA:119,0
DA:120,0
DA:123,0
DA:124,0
DA:125,0
DA:130,0
DA:133,0
DA:134,0
DA:135,0
DA:137,0
DA:138,0
DA:139,0
DA:140,0
DA:141,0
DA:144,0
DA:145,0
DA:146,0
DA:147,0
DA:148,0
DA:149,0
DA:150,0
DA:151,0
DA:154,0
DA:156,0
DA:204,0
DA:205,0
DA:206,0
DA:210,0
DA:211,0
DA:213,0
DA:214,0
DA:217,0
DA:218,0
DA:219,0
DA:220,0
DA:223,0
DA:224,0
DA:227,0
DA:228,0
DA:229,0
DA:230,0
DA:231,0
DA:236,0
DA:238,0
DA:239,0
DA:244,0
DA:246,0
DA:247,0
DA:251,0
DA:252,0
DA:253,0
DA:254,0
DA:255,0
DA:258,0
DA:259,0
DA:268,0
DA:269,0
DA:270,0
DA:271,0
DA:281,0
DA:282,0
DA:283,0
DA:286,0
DA:287,0
DA:288,0
DA:295,0
DA:296,0
DA:306,0
DA:314,0
DA:315,0
DA:323,0
DA:332,0
DA:343,0
DA:346,0
DA:385,0
DA:412,0
DA:418,0
DA:422,0
DA:435,0
DA:443,0
DA:444,0
DA:453,0
DA:456,0
DA:461,0
DA:488,0
DA:539,0
DA:556,0
DA:559,0
DA:589,0
DA:595,0
DA:605,0
DA:638,0
DA:641,0
DA:651,0
DA:657,0
DA:738,0
DA:744,0
DA:762,0
DA:765,0
DA:770,0
DA:778,0
DA:785,0
DA:787,0
DA:820,0
DA:854,0
DA:860,0
DA:882,0
DA:895,0
DA:896,0
DA:899,0
DA:905,0
LF:171
LH:0
BRDA:89,0,0,0
BRDA:89,0,1,0
BRDA:97,1,0,0
BRDA:97,1,1,0
BRDA:108,2,0,0
BRDA:108,2,1,0
BRDA:111,3,0,0
BRDA:111,3,1,0
BRDA:116,4,0,0
BRDA:116,4,1,0
BRDA:124,5,0,0
BRDA:124,5,1,0
BRDA:134,6,0,0
BRDA:134,6,1,0
BRDA:134,7,0,0
BRDA:134,7,1,0
BRDA:137,8,0,0
BRDA:137,8,1,0
BRDA:137,9,0,0
BRDA:137,9,1,0
BRDA:138,10,0,0
BRDA:138,10,1,0
BRDA:139,11,0,0
BRDA:139,11,1,0
BRDA:139,12,0,0
BRDA:139,12,1,0
BRDA:144,13,0,0
BRDA:144,13,1,0
BRDA:145,14,0,0
BRDA:145,14,1,0
BRDA:146,15,0,0
BRDA:146,15,1,0
BRDA:147,16,0,0
BRDA:147,16,1,0
BRDA:148,17,0,0
BRDA:148,17,1,0
BRDA:149,18,0,0
BRDA:149,18,1,0
BRDA:150,19,0,0
BRDA:150,19,1,0
BRDA:151,20,0,0
BRDA:151,20,1,0
BRDA:154,21,0,0
BRDA:154,21,1,0
BRDA:161,22,0,0
BRDA:161,22,1,0
BRDA:162,23,0,0
BRDA:162,23,1,0
BRDA:167,24,0,0
BRDA:167,24,1,0
BRDA:167,25,0,0
BRDA:167,25,1,0
BRDA:168,26,0,0
BRDA:168,26,1,0
BRDA:168,27,0,0
BRDA:168,27,1,0
BRDA:169,28,0,0
BRDA:169,28,1,0
BRDA:169,29,0,0
BRDA:169,29,1,0
BRDA:170,30,0,0
BRDA:170,30,1,0
BRDA:170,31,0,0
BRDA:170,31,1,0
BRDA:170,31,2,0
BRDA:170,32,0,0
BRDA:170,32,1,0
BRDA:171,33,0,0
BRDA:171,33,1,0
BRDA:171,34,0,0
BRDA:171,34,1,0
BRDA:171,34,2,0
BRDA:171,35,0,0
BRDA:171,35,1,0
BRDA:172,36,0,0
BRDA:172,36,1,0
BRDA:173,37,0,0
BRDA:173,37,1,0
BRDA:173,38,0,0
BRDA:173,38,1,0
BRDA:174,39,0,0
BRDA:174,39,1,0
BRDA:174,40,0,0
BRDA:174,40,1,0
BRDA:176,41,0,0
BRDA:176,41,1,0
BRDA:177,42,0,0
BRDA:177,42,1,0
BRDA:177,43,0,0
BRDA:177,43,1,0
BRDA:178,44,0,0
BRDA:178,44,1,0
BRDA:190,45,0,0
BRDA:190,45,1,0
BRDA:230,46,0,0
BRDA:230,46,1,0
BRDA:238,47,0,0
BRDA:238,47,1,0
BRDA:287,48,0,0
BRDA:287,48,1,0
BRDA:295,49,0,0
BRDA:295,49,1,0
BRDA:295,50,0,0
BRDA:295,50,1,0
BRDA:362,51,0,0
BRDA:362,51,1,0
BRDA:371,52,0,0
BRDA:371,52,1,0
BRDA:378,53,0,0
BRDA:378,53,1,0
BRDA:388,54,0,0
BRDA:388,54,1,0
BRDA:398,55,0,0
BRDA:398,55,1,0
BRDA:400,56,0,0
BRDA:400,56,1,0
BRDA:431,57,0,0
BRDA:431,57,1,0
BRDA:449,58,0,0
BRDA:449,58,1,0
BRDA:460,59,0,0
BRDA:460,59,1,0
BRDA:463,60,0,0
BRDA:463,60,1,0
BRDA:473,61,0,0
BRDA:473,61,1,0
BRDA:478,62,0,0
BRDA:478,62,1,0
BRDA:478,63,0,0
BRDA:478,63,1,0
BRDA:488,64,0,0
BRDA:488,64,1,0
BRDA:493,65,0,0
BRDA:493,65,1,0
BRDA:512,66,0,0
BRDA:512,66,1,0
BRDA:515,67,0,0
BRDA:515,67,1,0
BRDA:542,68,0,0
BRDA:542,68,1,0
BRDA:550,69,0,0
BRDA:550,69,1,0
BRDA:558,70,0,0
BRDA:558,70,1,0
BRDA:562,71,0,0
BRDA:562,71,1,0
BRDA:569,72,0,0
BRDA:569,72,1,0
BRDA:569,72,2,0
BRDA:577,73,0,0
BRDA:577,73,1,0
BRDA:588,74,0,0
BRDA:588,74,1,0
BRDA:594,75,0,0
BRDA:594,75,1,0
BRDA:607,76,0,0
BRDA:607,76,1,0
BRDA:608,77,0,0
BRDA:608,77,1,0
BRDA:613,78,0,0
BRDA:613,78,1,0
BRDA:630,79,0,0
BRDA:630,79,1,0
BRDA:630,79,2,0
BRDA:640,80,0,0
BRDA:640,80,1,0
BRDA:643,81,0,0
BRDA:643,81,1,0
BRDA:650,82,0,0
BRDA:650,82,1,0
BRDA:653,83,0,0
BRDA:653,83,1,0
BRDA:656,84,0,0
BRDA:656,84,1,0
BRDA:659,85,0,0
BRDA:659,85,1,0
BRDA:675,86,0,0
BRDA:675,86,1,0
BRDA:695,87,0,0
BRDA:695,87,1,0
BRDA:703,88,0,0
BRDA:703,88,1,0
BRDA:708,89,0,0
BRDA:708,89,1,0
BRDA:737,90,0,0
BRDA:737,90,1,0
BRDA:740,91,0,0
BRDA:740,91,1,0
BRDA:743,92,0,0
BRDA:743,92,1,0
BRDA:746,93,0,0
BRDA:746,93,1,0
BRDA:759,94,0,0
BRDA:759,94,1,0
BRDA:764,95,0,0
BRDA:764,95,1,0
BRDA:778,96,0,0
BRDA:778,96,1,0
BRDA:785,97,0,0
BRDA:785,97,1,0
BRDA:816,98,0,0
BRDA:816,98,1,0
BRDA:893,99,0,0
BRDA:893,99,1,0
BRDA:893,100,0,0
BRDA:893,100,1,0
BRDA:895,101,0,0
BRDA:895,101,1,0
BRDA:1002,102,0,0
BRDA:1002,102,1,0
BRF:210
BRH:0
end_of_record
TN:
SF:src/screens/LineupsScreen.tsx
FN:8,LineupsScreen
FN:9,(anonymous_1)
FN:13,(anonymous_2)
FN:13,(anonymous_3)
FN:14,(anonymous_4)
FN:14,(anonymous_5)
FN:14,(anonymous_6)
FN:15,(anonymous_7)
FN:15,(anonymous_8)
FN:17,(anonymous_9)
FN:17,(anonymous_10)
FN:32,(anonymous_11)
FN:34,(anonymous_12)
FN:58,(anonymous_13)
FN:62,(anonymous_14)
FN:73,(anonymous_15)
FN:74,(anonymous_16)
FN:76,(anonymous_17)
FN:76,(anonymous_18)
FN:77,(anonymous_19)
FN:77,(anonymous_20)
FN:88,(anonymous_21)
FN:92,(anonymous_22)
FN:113,(anonymous_23)
FN:117,(anonymous_24)
FN:144,(anonymous_25)
FN:160,(anonymous_26)
FN:172,(anonymous_27)
FNF:28
FNH:0
FNDA:0,LineupsScreen
FNDA:0,(anonymous_1)
FNDA:0,(anonymous_2)
FNDA:0,(anonymous_3)
FNDA:0,(anonymous_4)
FNDA:0,(anonymous_5)
FNDA:0,(anonymous_6)
FNDA:0,(anonymous_7)
FNDA:0,(anonymous_8)
FNDA:0,(anonymous_9)
FNDA:0,(anonymous_10)
FNDA:0,(anonymous_11)
FNDA:0,(anonymous_12)
FNDA:0,(anonymous_13)
FNDA:0,(anonymous_14)
FNDA:0,(anonymous_15)
FNDA:0,(anonymous_16)
FNDA:0,(anonymous_17)
FNDA:0,(anonymous_18)
FNDA:0,(anonymous_19)
FNDA:0,(anonymous_20)
FNDA:0,(anonymous_21)
FNDA:0,(anonymous_22)
FNDA:0,(anonymous_23)
FNDA:0,(anonymous_24)
FNDA:0,(anonymous_25)
FNDA:0,(anonymous_26)
FNDA:0,(anonymous_27)
DA:9,0
DA:10,0
DA:11,0
DA:13,0
DA:14,0
DA:15,0
DA:17,0
DA:18,0
DA:19,0
DA:20,0
DA:22,0
DA:23,0
DA:32,0
DA:34,0
DA:35,0
DA:36,0
DA:37,0
DA:38,0
DA:39,0
DA:42,0
DA:59,0
DA:62,0
DA:74,0
DA:75,0
DA:76,0
DA:77,0
DA:78,0
DA:89,0
DA:93,0
DA:94,0
DA:95,0
DA:113,0
DA:118,0
DA:119,0
DA:144,0
DA:161,0
DA:173,0
DA:197,0
LF:38
LH:0
BRDA:10,0,0,0
BRDA:10,0,1,0
BRDA:11,1,0,0
BRDA:11,1,1,0
BRDA:18,2,0,0
BRDA:18,2,1,0
BRDA:22,3,0,0
BRDA:22,3,1,0
BRDA:22,4,0,0
BRDA:22,4,1,0
BRDA:35,5,0,0
BRDA:35,5,1,0
BRDA:36,6,0,0
BRDA:36,6,1,0
BRDA:37,7,0,0
BRDA:37,7,1,0
BRDA:38,8,0,0
BRDA:38,8,1,0
BRDA:48,9,0,0
BRDA:48,9,1,0
BRDA:55,10,0,0
BRDA:55,10,1,0
BRDA:61,11,0,0
BRDA:61,11,1,0
BRDA:64,12,0,0
BRDA:64,12,1,0
BRDA:65,13,0,0
BRDA:65,13,1,0
BRDA:75,14,0,0
BRDA:75,14,1,0
BRDA:82,15,0,0
BRDA:82,15,1,0
BRDA:93,16,0,0
BRDA:93,16,1,0
BRDA:99,17,0,0
BRDA:99,17,1,0
BRDA:104,18,0,0
BRDA:104,18,1,0
BRDA:104,19,0,0
BRDA:104,19,1,0
BRDA:104,20,0,0
BRDA:104,20,1,0
BRDA:113,21,0,0
BRDA:113,21,1,0
BRDA:125,22,0,0
BRDA:125,22,1,0
BRDA:125,22,2,0
BRDA:130,23,0,0
BRDA:130,23,1,0
BRDA:139,24,0,0
BRDA:139,24,1,0
BRDA:150,25,0,0
BRDA:150,25,1,0
BRDA:154,26,0,0
BRDA:154,26,1,0
BRDA:157,27,0,0
BRDA:157,27,1,0
BRDA:157,28,0,0
BRDA:157,28,1,0
BRDA:162,29,0,0
BRDA:162,29,1,0
BRDA:162,30,0,0
BRDA:162,30,1,0
BRDA:163,31,0,0
BRDA:163,31,1,0
BRDA:163,32,0,0
BRDA:163,32,1,0
BRDA:169,33,0,0
BRDA:169,33,1,0
BRDA:169,34,0,0
BRDA:169,34,1,0
BRDA:175,35,0,0
BRDA:175,35,1,0
BRDA:175,36,0,0
BRDA:175,36,1,0
BRDA:183,37,0,0
BRDA:183,37,1,0
BRF:77
BRH:0
end_of_record
TN:
SF:src/screens/PlayerProfileScreen.tsx
FN:7,PlayerProfileScreen
FN:9,(anonymous_1)
FN:13,(anonymous_2)
FN:14,(anonymous_3)
FN:15,(anonymous_4)
FN:17,(anonymous_5)
FN:17,(anonymous_6)
FN:18,(anonymous_7)
FN:19,(anonymous_8)
FN:21,(anonymous_9)
FN:22,(anonymous_10)
FN:24,(anonymous_11)
FN:25,(anonymous_12)
FN:26,(anonymous_13)
FN:28,(anonymous_14)
FN:39,(anonymous_15)
FN:40,(anonymous_16)
FN:40,(anonymous_17)
FN:49,(anonymous_18)
FN:54,(anonymous_19)
FN:79,(anonymous_20)
FN:129,StatCard
FNF:22
FNH:0
FNDA:0,PlayerProfileScreen
FNDA:0,(anonymous_1)
FNDA:0,(anonymous_2)
FNDA:0,(anonymous_3)
FNDA:0,(anonymous_4)
FNDA:0,(anonymous_5)
FNDA:0,(anonymous_6)
FNDA:0,(anonymous_7)
FNDA:0,(anonymous_8)
FNDA:0,(anonymous_9)
FNDA:0,(anonymous_10)
FNDA:0,(anonymous_11)
FNDA:0,(anonymous_12)
FNDA:0,(anonymous_13)
FNDA:0,(anonymous_14)
FNDA:0,(anonymous_15)
FNDA:0,(anonymous_16)
FNDA:0,(anonymous_17)
FNDA:0,(anonymous_18)
FNDA:0,(anonymous_19)
FNDA:0,(anonymous_20)
FNDA:0,StatCard
DA:8,0
DA:9,0
DA:10,0
DA:11,0
DA:13,0
DA:14,0
DA:15,0
DA:17,0
DA:18,0
DA:19,0
DA:21,0
DA:22,0
DA:23,0
DA:24,0
DA:25,0
DA:26,0
DA:27,0
DA:28,0
DA:29,0
DA:30,0
DA:31,0
DA:32,0
DA:33,0
DA:36,0
DA:39,0
DA:40,0
DA:42,0
DA:48,0
DA:49,0
DA:51,0
DA:54,0
DA:79,0
DA:130,0
DA:138,0
LF:34
LH:0
BRDA:10,0,0,0
BRDA:10,0,1,0
BRDA:11,1,0,0
BRDA:11,1,1,0
BRDA:17,2,0,0
BRDA:17,2,1,0
BRDA:18,3,0,0
BRDA:18,3,1,0
BRDA:18,4,0,0
BRDA:18,4,1,0
BRDA:19,5,0,0
BRDA:19,5,1,0
BRDA:25,6,0,0
BRDA:25,6,1,0
BRDA:26,7,0,0
BRDA:26,7,1,0
BRDA:26,7,2,0
BRDA:27,8,0,0
BRDA:27,8,1,0
BRDA:27,9,0,0
BRDA:27,9,1,0
BRDA:29,10,0,0
BRDA:29,10,1,0
BRDA:30,11,0,0
BRDA:30,11,1,0
BRDA:31,12,0,0
BRDA:31,12,1,0
BRDA:32,13,0,0
BRDA:32,13,1,0
BRDA:33,14,0,0
BRDA:33,14,1,0
BRDA:39,15,0,0
BRDA:39,15,1,0
BRDA:42,16,0,0
BRDA:42,16,1,0
BRDA:42,17,0,0
BRDA:42,17,1,0
BRDA:49,18,0,0
BRDA:49,18,1,0
BRDA:49,18,2,0
BRDA:64,19,0,0
BRDA:64,19,1,0
BRDA:78,20,0,0
BRDA:78,20,1,0
BRDA:92,21,0,0
BRDA:92,21,1,0
BRDA:94,22,0,0
BRDA:94,22,1,0
BRDA:97,23,0,0
BRDA:97,23,1,0
BRDA:113,24,0,0
BRDA:113,24,1,0
BRDA:113,24,2,0
BRDA:129,25,0,0
BRF:54
BRH:0
end_of_record
TN:
SF:src/screens/PredictionsScreen.tsx
FN:8,PredictionsScreen
FN:9,(anonymous_1)
FN:10,(anonymous_2)
FN:11,(anonymous_3)
FN:12,(anonymous_4)
FN:13,(anonymous_5)
FN:13,(anonymous_6)
FN:14,(anonymous_7)
FN:14,(anonymous_8)
FN:15,(anonymous_9)
FN:15,(anonymous_10)
FN:16,(anonymous_11)
FN:17,(anonymous_12)
FN:18,(anonymous_13)
FN:20,(anonymous_14)
FN:25,(anonymous_15)
FN:26,(anonymous_16)
FN:29,(anonymous_17)
FN:36,(anonymous_18)
FN:36,(anonymous_19)
FN:38,(anonymous_20)
FN:41,(anonymous_21)
FN:41,(anonymous_22)
FN:41,(anonymous_23)
FN:47,(anonymous_24)
FN:49,(anonymous_25)
FN:55,(anonymous_26)
FN:87,(anonymous_27)
FN:101,(anonymous_28)
FN:101,(anonymous_29)
FN:108,(anonymous_30)
FN:108,(anonymous_31)
FN:136,(anonymous_32)
FN:138,(anonymous_33)
FN:183,(anonymous_34)
FN:183,(anonymous_35)
FN:192,(anonymous_36)
FN:192,(anonymous_37)
FN:217,(anonymous_38)
FNF:39
FNH:0
FNDA:0,PredictionsScreen
FNDA:0,(anonymous_1)
FNDA:0,(anonymous_2)
FNDA:0,(anonymous_3)
FNDA:0,(anonymous_4)
FNDA:0,(anonymous_5)
FNDA:0,(anonymous_6)
FNDA:0,(anonymous_7)
FNDA:0,(anonymous_8)
FNDA:0,(anonymous_9)
FNDA:0,(anonymous_10)
FNDA:0,(anonymous_11)
FNDA:0,(anonymous_12)
FNDA:0,(anonymous_13)
FNDA:0,(anonymous_14)
FNDA:0,(anonymous_15)
FNDA:0,(anonymous_16)
FNDA:0,(anonymous_17)
FNDA:0,(anonymous_18)
FNDA:0,(anonymous_19)
FNDA:0,(anonymous_20)
FNDA:0,(anonymous_21)
FNDA:0,(anonymous_22)
FNDA:0,(anonymous_23)
FNDA:0,(anonymous_24)
FNDA:0,(anonymous_25)
FNDA:0,(anonymous_26)
FNDA:0,(anonymous_27)
FNDA:0,(anonymous_28)
FNDA:0,(anonymous_29)
FNDA:0,(anonymous_30)
FNDA:0,(anonymous_31)
FNDA:0,(anonymous_32)
FNDA:0,(anonymous_33)
FNDA:0,(anonymous_34)
FNDA:0,(anonymous_35)
FNDA:0,(anonymous_36)
FNDA:0,(anonymous_37)
FNDA:0,(anonymous_38)
DA:9,0
DA:10,0
DA:11,0
DA:12,0
DA:13,0
DA:14,0
DA:15,0
DA:16,0
DA:17,0
DA:18,0
DA:20,0
DA:21,0
DA:22,0
DA:23,0
DA:25,0
DA:26,0
DA:29,0
DA:30,0
DA:31,0
DA:36,0
DA:38,0
DA:39,0
DA:41,0
DA:42,0
DA:43,0
DA:47,0
DA:48,0
DA:49,0
DA:50,0
DA:52,0
DA:55,0
DA:56,0
DA:57,0
DA:58,0
DA:60,0
DA:61,0
DA:62,0
DA:69,0
DA:71,0
DA:73,0
DA:77,0
DA:78,0
DA:87,0
DA:89,0
DA:101,0
DA:108,0
DA:137,0
DA:138,0
DA:139,0
DA:141,0
DA:142,0
DA:143,0
DA:144,0
DA:145,0
DA:146,0
DA:148,0
DA:149,0
DA:151,0
DA:152,0
DA:153,0
DA:154,0
DA:159,0
DA:183,0
DA:192,0
DA:217,0
DA:242,0
LF:66
LH:0
BRDA:30,0,0,0
BRDA:30,0,1,0
BRDA:39,1,0,0
BRDA:39,1,1,0
BRDA:39,2,0,0
BRDA:39,2,1,0
BRDA:42,3,0,0
BRDA:42,3,1,0
BRDA:56,4,0,0
BRDA:56,4,1,0
BRDA:58,5,0,0
BRDA:58,5,1,0
BRDA:58,6,0,0
BRDA:58,6,1,0
BRDA:58,6,2,0
BRDA:77,7,0,0
BRDA:77,7,1,0
BRDA:77,8,0,0
BRDA:77,8,1,0
BRDA:104,9,0,0
BRDA:104,9,1,0
BRDA:111,10,0,0
BRDA:111,10,1,0
BRDA:117,11,0,0
BRDA:117,11,1,0
BRDA:118,12,0,0
BRDA:118,12,1,0
BRDA:126,13,0,0
BRDA:126,13,1,0
BRDA:127,14,0,0
BRDA:127,14,1,0
BRDA:132,15,0,0
BRDA:132,15,1,0
BRDA:137,16,0,0
BRDA:137,16,1,0
BRDA:137,16,2,0
BRDA:138,17,0,0
BRDA:138,17,1,0
BRDA:142,18,0,0
BRDA:142,18,1,0
BRDA:142,19,0,0
BRDA:142,19,1,0
BRDA:148,20,0,0
BRDA:148,20,1,0
BRDA:148,21,0,0
BRDA:148,21,1,0
BRDA:149,22,0,0
BRDA:149,22,1,0
BRDA:153,23,0,0
BRDA:153,23,1,0
BRDA:153,24,0,0
BRDA:153,24,1,0
BRDA:153,24,2,0
BRDA:153,24,3,0
BRDA:153,24,4,0
BRDA:153,24,5,0
BRDA:154,25,0,0
BRDA:154,25,1,0
BRDA:160,26,0,0
BRDA:160,26,1,0
BRDA:164,27,0,0
BRDA:164,27,1,0
BRDA:164,28,0,0
BRDA:164,28,1,0
BRDA:166,29,0,0
BRDA:166,29,1,0
BRDA:171,30,0,0
BRDA:171,30,1,0
BRDA:174,31,0,0
BRDA:174,31,1,0
BRDA:178,32,0,0
BRDA:178,32,1,0
BRDA:182,33,0,0
BRDA:182,33,1,0
BRDA:183,34,0,0
BRDA:183,34,1,0
BRDA:187,35,0,0
BRDA:187,35,1,0
BRDA:191,36,0,0
BRDA:191,36,1,0
BRDA:192,37,0,0
BRDA:192,37,1,0
BRDA:196,38,0,0
BRDA:196,38,1,0
BRDA:199,39,0,0
BRDA:199,39,1,0
BRDA:203,40,0,0
BRDA:203,40,1,0
BRDA:206,41,0,0
BRDA:206,41,1,0
BRDA:208,42,0,0
BRDA:208,42,1,0
BRDA:214,43,0,0
BRDA:214,43,1,0
BRDA:216,44,0,0
BRDA:216,44,1,0
BRDA:220,45,0,0
BRDA:220,45,1,0
BRDA:221,46,0,0
BRDA:221,46,1,0
BRDA:222,47,0,0
BRDA:222,47,1,0
BRDA:227,48,0,0
BRDA:227,48,1,0
BRDA:227,48,2,0
BRDA:227,48,3,0
BRF:106
BRH:0
end_of_record
TN:
SF:src/screens/SquadScreen.tsx
FN:9,SquadScreen
FN:10,(anonymous_1)
FN:11,(anonymous_2)
FN:12,(anonymous_3)
FN:13,(anonymous_4)
FN:14,(anonymous_5)
FN:15,(anonymous_6)
FN:17,(anonymous_7)
FN:18,(anonymous_8)
FN:21,(anonymous_9)
FN:22,(anonymous_10)
FN:36,(anonymous_11)
FN:37,(anonymous_12)
FN:38,(anonymous_13)
FN:46,(anonymous_14)
FN:53,(anonymous_15)
FN:68,(anonymous_16)
FN:71,(anonymous_17)
FN:95,(anonymous_18)
FN:115,(anonymous_19)
FN:127,(anonymous_20)
FN:129,(anonymous_21)
FN:129,(anonymous_22)
FN:144,(anonymous_23)
FN:145,(anonymous_24)
FN:150,(anonymous_25)
FN:166,(anonymous_26)
FN:175,(anonymous_27)
FN:186,(anonymous_28)
FN:192,(anonymous_29)
FN:195,(anonymous_30)
FN:243,(anonymous_31)
FN:244,(anonymous_32)
FN:245,(anonymous_33)
FN:247,(anonymous_34)
FN:249,(anonymous_35)
FN:304,(anonymous_36)
FN:312,(anonymous_37)
FN:336,(anonymous_38)
FN:336,(anonymous_39)
FN:340,(anonymous_40)
FN:352,(anonymous_41)
FN:353,(anonymous_42)
FN:372,(anonymous_43)
FN:385,(anonymous_44)
FN:386,(anonymous_45)
FN:405,(anonymous_46)
FNF:47
FNH:0
FNDA:0,SquadScreen
FNDA:0,(anonymous_1)
FNDA:0,(anonymous_2)
FNDA:0,(anonymous_3)
FNDA:0,(anonymous_4)
FNDA:0,(anonymous_5)
FNDA:0,(anonymous_6)
FNDA:0,(anonymous_7)
FNDA:0,(anonymous_8)
FNDA:0,(anonymous_9)
FNDA:0,(anonymous_10)
FNDA:0,(anonymous_11)
FNDA:0,(anonymous_12)
FNDA:0,(anonymous_13)
FNDA:0,(anonymous_14)
FNDA:0,(anonymous_15)
FNDA:0,(anonymous_16)
FNDA:0,(anonymous_17)
FNDA:0,(anonymous_18)
FNDA:0,(anonymous_19)
FNDA:0,(anonymous_20)
FNDA:0,(anonymous_21)
FNDA:0,(anonymous_22)
FNDA:0,(anonymous_23)
FNDA:0,(anonymous_24)
FNDA:0,(anonymous_25)
FNDA:0,(anonymous_26)
FNDA:0,(anonymous_27)
FNDA:0,(anonymous_28)
FNDA:0,(anonymous_29)
FNDA:0,(anonymous_30)
FNDA:0,(anonymous_31)
FNDA:0,(anonymous_32)
FNDA:0,(anonymous_33)
FNDA:0,(anonymous_34)
FNDA:0,(anonymous_35)
FNDA:0,(anonymous_36)
FNDA:0,(anonymous_37)
FNDA:0,(anonymous_38)
FNDA:0,(anonymous_39)
FNDA:0,(anonymous_40)
FNDA:0,(anonymous_41)
FNDA:0,(anonymous_42)
FNDA:0,(anonymous_43)
FNDA:0,(anonymous_44)
FNDA:0,(anonymous_45)
FNDA:0,(anonymous_46)
DA:10,0
DA:11,0
DA:12,0
DA:13,0
DA:14,0
DA:15,0
DA:17,0
DA:18,0
DA:19,0
DA:21,0
DA:22,0
DA:24,0
DA:25,0
DA:27,0
DA:28,0
DA:29,0
DA:31,0
DA:32,0
DA:34,0
DA:36,0
DA:37,0
DA:38,0
DA:40,0
DA:42,0
DA:46,0
DA:47,0
DA:48,0
DA:49,0
DA:50,0
DA:52,0
DA:53,0
DA:54,0
DA:55,0
DA:56,0
DA:57,0
DA:58,0
DA:59,0
DA:61,0
DA:62,0
DA:63,0
DA:64,0
DA:65,0
DA:68,0
DA:71,0
DA:72,0
DA:73,0
DA:74,0
DA:79,0
DA:82,0
DA:92,0
DA:95,0
DA:96,0
DA:97,0
DA:98,0
DA:103,0
DA:106,0
DA:107,0
DA:112,0
DA:115,0
DA:116,0
DA:117,0
DA:118,0
DA:123,0
DA:126,0
DA:127,0
DA:128,0
DA:129,0
DA:130,0
DA:131,0
DA:136,0
DA:142,0
DA:143,0
DA:144,0
DA:145,0
DA:146,0
DA:149,0
DA:150,0
DA:151,0
DA:156,0
DA:160,0
DA:166,0
DA:167,0
DA:175,0
DA:176,0
DA:177,0
DA:178,0
DA:183,0
DA:186,0
DA:187,0
DA:189,0
DA:192,0
DA:195,0
DA:196,0
DA:204,0
DA:205,0
DA:214,0
DA:215,0
DA:243,0
DA:244,0
DA:245,0
DA:247,0
DA:248,0
DA:249,0
DA:250,0
DA:252,0
DA:253,0
DA:254,0
DA:255,0
DA:256,0
DA:259,0
DA:304,0
DA:312,0
DA:336,0
DA:337,0
DA:340,0
DA:353,0
DA:354,0
DA:372,0
DA:386,0
DA:387,0
DA:405,0
DA:421,0
LF:122
LH:0
BRDA:18,0,0,0
BRDA:18,0,1,0
BRDA:18,1,0,0
BRDA:18,1,1,0
BRDA:19,2,0,0
BRDA:19,2,1,0
BRDA:21,3,0,0
BRDA:21,3,1,0
BRDA:25,4,0,0
BRDA:25,4,1,0
BRDA:37,5,0,0
BRDA:37,5,1,0
BRDA:40,6,0,0
BRDA:40,6,1,0
BRDA:42,7,0,0
BRDA:42,7,1,0
BRDA:47,8,0,0
BRDA:47,8,1,0
BRDA:56,9,0,0
BRDA:56,9,1,0
BRDA:65,10,0,0
BRDA:65,10,1,0
BRDA:72,11,0,0
BRDA:72,11,1,0
BRDA:72,12,0,0
BRDA:72,12,1,0
BRDA:73,13,0,0
BRDA:73,13,1,0
BRDA:96,14,0,0
BRDA:96,14,1,0
BRDA:96,15,0,0
BRDA:96,15,1,0
BRDA:97,16,0,0
BRDA:97,16,1,0
BRDA:106,17,0,0
BRDA:106,17,1,0
BRDA:116,18,0,0
BRDA:116,18,1,0
BRDA:117,19,0,0
BRDA:117,19,1,0
BRDA:126,20,0,0
BRDA:126,20,1,0
BRDA:126,21,0,0
BRDA:126,21,1,0
BRDA:126,21,2,0
BRDA:128,22,0,0
BRDA:128,22,1,0
BRDA:130,23,0,0
BRDA:130,23,1,0
BRDA:142,24,0,0
BRDA:142,24,1,0
BRDA:142,25,0,0
BRDA:142,25,1,0
BRDA:142,25,2,0
BRDA:149,26,0,0
BRDA:149,26,1,0
BRDA:150,27,0,0
BRDA:150,27,1,0
BRDA:176,28,0,0
BRDA:176,28,1,0
BRDA:177,29,0,0
BRDA:177,29,1,0
BRDA:187,30,0,0
BRDA:187,30,1,0
BRDA:204,31,0,0
BRDA:204,31,1,0
BRDA:214,32,0,0
BRDA:214,32,1,0
BRDA:219,33,0,0
BRDA:219,33,1,0
BRDA:243,34,0,0
BRDA:243,34,1,0
BRDA:245,35,0,0
BRDA:245,35,1,0
BRDA:245,35,2,0
BRDA:248,36,0,0
BRDA:248,36,1,0
BRDA:248,37,0,0
BRDA:248,37,1,0
BRDA:250,38,0,0
BRDA:250,38,1,0
BRDA:250,39,0,0
BRDA:250,39,1,0
BRDA:252,40,0,0
BRDA:252,40,1,0
BRDA:253,41,0,0
BRDA:253,41,1,0
BRDA:254,42,0,0
BRDA:254,42,1,0
BRDA:255,43,0,0
BRDA:255,43,1,0
BRDA:263,44,0,0
BRDA:263,44,1,0
BRDA:264,45,0,0
BRDA:264,45,1,0
BRDA:271,46,0,0
BRDA:271,46,1,0
BRDA:282,47,0,0
BRDA:282,47,1,0
BRDA:285,48,0,0
BRDA:285,48,1,0
BRDA:286,49,0,0
BRDA:286,49,1,0
BRDA:303,50,0,0
BRDA:303,50,1,0
BRDA:306,51,0,0
BRDA:306,51,1,0
BRDA:307,52,0,0
BRDA:307,52,1,0
BRDA:311,53,0,0
BRDA:311,53,1,0
BRDA:314,54,0,0
BRDA:314,54,1,0
BRDA:315,55,0,0
BRDA:315,55,1,0
BRDA:322,56,0,0
BRDA:322,56,1,0
BRDA:336,57,0,0
BRDA:336,57,1,0
BRDA:336,58,0,0
BRDA:336,58,1,0
BRDA:339,59,0,0
BRDA:339,59,1,0
BRDA:342,60,0,0
BRDA:342,60,1,0
BRDA:350,61,0,0
BRDA:350,61,1,0
BRDA:357,62,0,0
BRDA:357,62,1,0
BRDA:366,63,0,0
BRDA:366,63,1,0
BRDA:370,64,0,0
BRDA:370,64,1,0
BRDA:374,65,0,0
BRDA:374,65,1,0
BRDA:379,66,0,0
BRDA:379,66,1,0
BRDA:383,67,0,0
BRDA:383,67,1,0
BRDA:390,68,0,0
BRDA:390,68,1,0
BRDA:399,69,0,0
BRDA:399,69,1,0
BRDA:403,70,0,0
BRDA:403,70,1,0
BRDA:412,71,0,0
BRDA:412,71,1,0
BRF:147
BRH:0
[...]
BRDA:514,85,0,0
BRDA:514,85,1,0
BRDA:517,86,0,0
BRDA:517,86,1,0
BRDA:523,87,0,0
BRDA:523,87,1,0
BRDA:526,88,0,0
BRDA:526,88,1,0
BRDA:533,89,0,0
BRDA:533,89,1,0
BRDA:536,90,0,0
BRDA:536,90,1,0
BRDA:541,91,0,0
BRDA:541,91,1,0
BRDA:557,92,0,0
BRDA:557,92,1,0
BRDA:564,93,0,0
BRDA:564,93,1,0
BRDA:565,94,0,0
BRDA:565,94,1,0
BRDA:565,95,0,0
BRDA:565,95,1,0
BRDA:572,96,0,0
BRDA:572,96,1,0
BRDA:582,97,0,0
BRDA:582,97,1,0
BRDA:583,98,0,0
BRDA:583,98,1,0
BRDA:588,99,0,0
BRDA:588,99,1,0
BRDA:588,100,0,0
BRDA:588,100,1,0
BRDA:604,101,0,0
BRDA:604,101,1,0
BRDA:607,102,0,0
BRDA:607,102,1,0
BRDA:608,103,0,0
BRDA:608,103,1,0
BRDA:609,104,0,0
BRDA:609,104,1,0
BRDA:612,105,0,0
BRDA:612,105,1,0
BRDA:613,106,0,0
BRDA:613,106,1,0
BRDA:614,107,0,0
BRDA:614,107,1,0
BRDA:621,108,0,0
BRDA:621,108,1,0
BRDA:621,109,0,0
BRDA:621,109,1,0
BRDA:623,110,0,0
BRDA:623,110,1,0
BRDA:624,111,0,0
BRDA:624,111,1,0
BRDA:625,112,0,0
BRDA:625,112,1,0
BRDA:626,113,0,0
BRDA:626,113,1,0
BRDA:636,114,0,0
BRDA:636,114,1,0
BRDA:641,115,0,0
BRDA:641,115,1,0
BRDA:642,116,0,0
BRDA:642,116,1,0
BRDA:642,117,0,0
BRDA:642,117,1,0
BRDA:648,118,0,0
BRDA:648,118,1,0
BRDA:648,119,0,0
BRDA:648,119,1,0
BRDA:652,120,0,0
BRDA:652,120,1,0
BRDA:652,121,0,0
BRDA:652,121,1,0
BRDA:660,122,0,0
BRDA:660,122,1,0
BRDA:667,123,0,0
BRDA:667,123,1,0
BRDA:675,124,0,0
BRDA:675,124,1,0
BRDA:686,125,0,0
BRDA:686,125,1,0
BRDA:687,126,0,0
BRDA:687,126,1,0
BRDA:688,127,0,0
BRDA:688,127,1,0
BRDA:689,128,0,0
BRDA:689,128,1,0
BRDA:704,129,0,0
BRDA:704,129,1,0
BRDA:706,130,0,0
BRDA:706,130,1,0
BRDA:707,131,0,0
BRDA:707,131,1,0
BRDA:708,132,0,0
BRDA:708,132,1,0
BRDA:718,133,0,0
BRDA:718,133,1,0
BRDA:721,134,0,0
BRDA:721,134,1,0
BRDA:721,135,0,0
BRDA:721,135,1,0
BRDA:722,136,0,0
BRDA:722,136,1,0
BRDA:723,137,0,0
BRDA:723,137,1,0
BRDA:734,138,0,0
BRDA:734,138,1,0
BRDA:762,139,0,0
BRDA:762,139,1,0
BRDA:763,140,0,0
BRDA:763,140,1,0
BRDA:765,141,0,0
BRDA:765,141,1,0
BRDA:766,142,0,0
BRDA:766,142,1,0
BRDA:768,143,0,0
BRDA:768,143,1,0
BRF:294
BRH:0
end_of_record
TN:
SF:src/screens/TournamentSettingsScreen.tsx
FN:9,TournamentSettingsScreen
FN:10,(anonymous_1)
FN:11,(anonymous_2)
FN:12,(anonymous_3)
FN:14,(anonymous_4)
FN:15,(anonymous_5)
FN:16,(anonymous_6)
FN:31,(anonymous_7)
FN:32,(anonymous_8)
FN:59,(anonymous_9)
FN:75,(anonymous_10)
FN:86,(anonymous_11)
FN:91,(anonymous_12)
FN:92,(anonymous_13)
FN:96,(anonymous_14)
FN:106,(anonymous_15)
FN:112,(anonymous_16)
FN:120,(anonymous_17)
FN:127,(anonymous_18)
FN:133,(anonymous_19)
FN:134,(anonymous_20)
FN:138,(anonymous_21)
FN:140,(anonymous_22)
FN:195,(anonymous_23)
FN:201,(anonymous_24)
FN:215,(anonymous_25)
FN:225,(anonymous_26)
FN:231,(anonymous_27)
FN:244,(anonymous_28)
FN:252,(anonymous_29)
FN:261,(anonymous_30)
FN:270,(anonymous_31)
FN:272,(anonymous_32)
FN:295,(anonymous_33)
FN:302,(anonymous_34)
FN:333,(anonymous_35)
FN:349,(anonymous_36)
FN:358,(anonymous_37)
FN:371,(anonymous_38)
FN:387,(anonymous_39)
FN:396,(anonymous_40)
FN:410,(anonymous_41)
FN:414,(anonymous_42)
FN:419,(anonymous_43)
FN:431,(anonymous_44)
FN:443,(anonymous_45)
FN:449,(anonymous_46)
FN:468,(anonymous_47)
FN:475,(anonymous_48)
FN:482,(anonymous_49)
FN:488,(anonymous_50)
FN:496,(anonymous_51)
FN:497,(anonymous_52)
FN:503,(anonymous_53)
FN:504,(anonymous_54)
FN:526,(anonymous_55)
FNF:56
FNH:0
FNDA:0,TournamentSettingsScreen
FNDA:0,(anonymous_1)
FNDA:0,(anonymous_2)
FNDA:0,(anonymous_3)
FNDA:0,(anonymous_4)
FNDA:0,(anonymous_5)
FNDA:0,(anonymous_6)
FNDA:0,(anonymous_7)
FNDA:0,(anonymous_8)
FNDA:0,(anonymous_9)
FNDA:0,(anonymous_10)
FNDA:0,(anonymous_11)
FNDA:0,(anonymous_12)
FNDA:0,(anonymous_13)
FNDA:0,(anonymous_14)
FNDA:0,(anonymous_15)
FNDA:0,(anonymous_16)
FNDA:0,(anonymous_17)
FNDA:0,(anonymous_18)
FNDA:0,(anonymous_19)
FNDA:0,(anonymous_20)
FNDA:0,(anonymous_21)
FNDA:0,(anonymous_22)
FNDA:0,(anonymous_23)
FNDA:0,(anonymous_24)
FNDA:0,(anonymous_25)
FNDA:0,(anonymous_26)
FNDA:0,(anonymous_27)
FNDA:0,(anonymous_28)
FNDA:0,(anonymous_29)
FNDA:0,(anonymous_30)
FNDA:0,(anonymous_31)
FNDA:0,(anonymous_32)
FNDA:0,(anonymous_33)
FNDA:0,(anonymous_34)
FNDA:0,(anonymous_35)
FNDA:0,(anonymous_36)
FNDA:0,(anonymous_37)
FNDA:0,(anonymous_38)
FNDA:0,(anonymous_39)
FNDA:0,(anonymous_40)
FNDA:0,(anonymous_41)
FNDA:0,(anonymous_42)
FNDA:0,(anonymous_43)
FNDA:0,(anonymous_44)
FNDA:0,(anonymous_45)
FNDA:0,(anonymous_46)
FNDA:0,(anonymous_47)
FNDA:0,(anonymous_48)
FNDA:0,(anonymous_49)
FNDA:0,(anonymous_50)
FNDA:0,(anonymous_51)
FNDA:0,(anonymous_52)
FNDA:0,(anonymous_53)
FNDA:0,(anonymous_54)
FNDA:0,(anonymous_55)
DA:10,0
DA:11,0
DA:12,0
DA:13,0
DA:14,0
DA:15,0
DA:16,0
DA:18,0
DA:20,0
DA:21,0
DA:22,0
DA:23,0
DA:24,0
DA:26,0
DA:27,0
DA:29,0
DA:31,0
DA:32,0
DA:33,0
DA:40,0
DA:49,0
DA:50,0
DA:59,0
DA:60,0
DA:61,0
DA:67,0
DA:68,0
DA:75,0
DA:76,0
DA:77,0
DA:78,0
DA:83,0
DA:86,0
DA:87,0
DA:88,0
DA:91,0
DA:92,0
DA:93,0
DA:96,0
DA:97,0
DA:98,0
DA:99,0
DA:100,0
DA:101,0
DA:103,0
DA:106,0
DA:107,0
DA:108,0
DA:109,0
DA:112,0
DA:113,0
DA:114,0
DA:115,0
DA:116,0
DA:120,0
DA:121,0
DA:122,0
DA:123,0
DA:124,0
DA:127,0
DA:128,0
DA:129,0
DA:130,0
DA:133,0
DA:134,0
DA:135,0
DA:138,0
DA:139,0
DA:140,0
DA:141,0
DA:142,0
DA:143,0
DA:147,0
DA:195,0
DA:201,0
DA:215,0
DA:225,0
DA:231,0
DA:245,0
DA:252,0
DA:261,0
DA:270,0
DA:272,0
DA:295,0
DA:302,0
DA:333,0
DA:349,0
DA:358,0
DA:371,0
DA:387,0
DA:396,0
DA:411,0
DA:414,0
DA:420,0
DA:421,0
DA:422,0
DA:432,0
DA:433,0
DA:434,0
DA:444,0
DA:445,0
DA:446,0
DA:449,0
DA:469,0
DA:475,0
DA:482,0
DA:488,0
DA:497,0
DA:498,0
DA:499,0
DA:504,0
DA:526,0
DA:532,0
LF:113
LH:0
BRDA:13,0,0,0
BRDA:13,0,1,0
BRDA:18,1,0,0
BRDA:18,1,1,0
BRDA:18,2,0,0
BRDA:18,2,1,0
BRDA:20,3,0,0
BRDA:20,3,1,0
BRDA:22,4,0,0
BRDA:22,4,1,0
BRDA:23,5,0,0
BRDA:23,5,1,0
BRDA:24,6,0,0
BRDA:24,6,1,0
BRDA:49,7,0,0
BRDA:49,7,1,0
BRDA:49,8,0,0
BRDA:49,8,1,0
BRDA:49,8,2,0
BRDA:60,9,0,0
BRDA:60,9,1,0
BRDA:63,10,0,0
BRDA:63,10,1,0
BRDA:64,11,0,0
BRDA:64,11,1,0
BRDA:65,12,0,0
BRDA:65,12,1,0
BRDA:76,13,0,0
BRDA:76,13,1,0
BRDA:87,14,0,0
BRDA:87,14,1,0
BRDA:92,15,0,0
BRDA:92,15,1,0
BRDA:97,16,0,0
BRDA:97,16,1,0
BRDA:98,17,0,0
BRDA:98,17,1,0
BRDA:98,18,0,0
BRDA:98,18,1,0
BRDA:100,19,0,0
BRDA:100,19,1,0
BRDA:100,20,0,0
BRDA:100,20,1,0
BRDA:107,21,0,0
BRDA:107,21,1,0
BRDA:113,22,0,0
BRDA:113,22,1,0
BRDA:114,23,0,0
BRDA:114,23,1,0
BRDA:121,24,0,0
BRDA:121,24,1,0
BRDA:122,25,0,0
BRDA:122,25,1,0
BRDA:128,26,0,0
BRDA:128,26,1,0
BRDA:134,27,0,0
BRDA:134,27,1,0
BRDA:139,28,0,0
BRDA:139,28,1,0
BRDA:141,29,0,0
BRDA:141,29,1,0
BRDA:142,30,0,0
BRDA:142,30,1,0
BRDA:155,31,0,0
BRDA:155,31,1,0
BRDA:156,32,0,0
BRDA:156,32,1,0
BRDA:188,33,0,0
BRDA:188,33,1,0
BRDA:194,34,0,0
BRDA:194,34,1,0
BRDA:197,35,0,0
BRDA:197,35,1,0
BRDA:200,36,0,0
BRDA:200,36,1,0
BRDA:200,36,2,0
BRDA:203,37,0,0
BRDA:203,37,1,0
BRDA:203,37,2,0
BRDA:224,38,0,0
BRDA:224,38,1,0
BRDA:227,39,0,0
BRDA:227,39,1,0
BRDA:230,40,0,0
BRDA:230,40,1,0
BRDA:233,41,0,0
BRDA:233,41,1,0
BRDA:237,42,0,0
BRDA:237,42,1,0
BRDA:244,43,0,0
BRDA:244,43,1,0
BRDA:304,44,0,0
BRDA:304,44,1,0
BRDA:305,45,0,0
BRDA:305,45,1,0
BRDA:310,46,0,0
BRDA:310,46,1,0
BRDA:335,47,0,0
BRDA:335,47,1,0
BRDA:336,48,0,0
BRDA:336,48,1,0
BRDA:341,49,0,0
BRDA:341,49,1,0
BRDA:348,50,0,0
BRDA:348,50,1,0
BRDA:349,51,0,0
BRDA:349,51,1,0
BRDA:357,52,0,0
BRDA:357,52,1,0
BRDA:358,53,0,0
BRDA:358,53,1,0
BRDA:365,54,0,0
BRDA:365,54,1,0
BRDA:365,54,2,0
BRDA:373,55,0,0
BRDA:373,55,1,0
BRDA:374,56,0,0
BRDA:374,56,1,0
BRDA:379,57,0,0
BRDA:379,57,1,0
BRDA:386,58,0,0
BRDA:386,58,1,0
BRDA:387,59,0,0
BRDA:387,59,1,0
BRDA:395,60,0,0
BRDA:395,60,1,0
BRDA:396,61,0,0
BRDA:396,61,1,0
BRDA:404,62,0,0
BRDA:404,62,1,0
BRDA:413,63,0,0
BRDA:413,63,1,0
BRDA:420,64,0,0
BRDA:420,64,1,0
BRDA:430,65,0,0
BRDA:430,65,1,0
BRDA:432,66,0,0
BRDA:432,66,1,0
BRDA:433,67,0,0
BRDA:433,67,1,0
BRDA:442,68,0,0
BRDA:442,68,1,0
BRDA:444,69,0,0
BRDA:444,69,1,0
BRDA:445,70,0,0
BRDA:445,70,1,0
BRDA:468,71,0,0
BRDA:468,71,1,0
BRDA:470,72,0,0
BRDA:470,72,1,0
BRDA:473,73,0,0
BRDA:473,73,1,0
BRDA:480,74,0,0
BRDA:480,74,1,0
BRDA:497,75,0,0
BRDA:497,75,1,0
BRDA:498,76,0,0
BRDA:498,76,1,0
BRDA:524,77,0,0
BRDA:524,77,1,0
BRDA:524,78,0,0
BRDA:524,78,1,0
BRF:162
BRH:0
end_of_record
TN:
SF:src/store/index.ts
FN:20,(anonymous_0)
FN:31,(anonymous_1)
FN:33,(anonymous_2)
FN:35,(anonymous_3)
FN:45,(anonymous_4)
FN:61,(anonymous_5)
FNF:6
FNH:2
FNDA:1,(anonymous_0)
FNDA:1,(anonymous_1)
FNDA:0,(anonymous_2)
FNDA:0,(anonymous_3)
FNDA:0,(anonymous_4)
FNDA:0,(anonymous_5)
DA:18,1
DA:20,1
DA:31,1
DA:34,0
DA:35,0
DA:44,0
DA:45,0
DA:53,0
DA:61,1
LF:9
LH:4
BRDA:34,0,0,0
BRDA:34,0,1,0
BRDA:34,1,0,0
BRDA:34,1,1,0
BRDA:37,2,0,0
BRDA:37,2,1,0
BRDA:37,3,0,0
BRDA:37,3,1,0
BRDA:38,4,0,0
BRDA:38,4,1,0
BRDA:39,5,0,0
BRDA:39,5,1,0
BRDA:39,6,0,0
BRDA:39,6,1,0
BRDA:40,7,0,0
BRDA:40,7,1,0
BRDA:41,8,0,0
BRDA:41,8,1,0
BRDA:44,9,0,0
BRDA:44,9,1,0
BRDA:44,10,0,0
BRDA:44,10,1,0
BRDA:47,11,0,0
BRDA:47,11,1,0
BRDA:48,12,0,0
BRDA:48,12,1,0
BRDA:49,13,0,0
BRDA:49,13,1,0
BRDA:50,14,0,0
BRDA:50,14,1,0
BRF:30
BRH:0
end_of_record
TN:
SF:src/store/slices/adminSlice.ts
FN:23,(anonymous_0)
FN:30,(anonymous_1)
FN:33,(anonymous_2)
FN:34,(anonymous_3)
FN:35,(anonymous_4)
FN:36,(anonymous_5)
FN:38,(anonymous_6)
FN:49,(anonymous_7)
FN:52,(anonymous_8)
FN:53,(anonymous_9)
FN:54,(anonymous_10)
FN:74,(anonymous_11)
FN:77,(anonymous_12)
FN:78,(anonymous_13)
FN:79,(anonymous_14)
FN:81,(anonymous_15)
FN:92,(anonymous_16)
FN:105,(anonymous_17)
FN:106,(anonymous_18)
FN:107,(anonymous_19)
FN:132,(anonymous_20)
FN:135,(anonymous_21)
FN:136,(anonymous_22)
FN:146,(anonymous_23)
FN:149,(anonymous_24)
FN:150,(anonymous_25)
FN:151,(anonymous_26)
FN:183,(anonymous_27)
FN:186,(anonymous_28)
FN:187,(anonymous_29)
FN:188,(anonymous_30)
FN:208,(anonymous_31)
FN:211,(anonymous_32)
FN:211,(anonymous_33)
FNF:34
FNH:1
FNDA:1,(anonymous_0)
FNDA:0,(anonymous_1)
FNDA:0,(anonymous_2)
FNDA:0,(anonymous_3)
FNDA:0,(anonymous_4)
FNDA:0,(anonymous_5)
FNDA:0,(anonymous_6)
FNDA:0,(anonymous_7)
FNDA:0,(anonymous_8)
FNDA:0,(anonymous_9)
FNDA:0,(anonymous_10)
FNDA:0,(anonymous_11)
FNDA:0,(anonymous_12)
FNDA:0,(anonymous_13)
FNDA:0,(anonymous_14)
FNDA:0,(anonymous_15)
FNDA:0,(anonymous_16)
FNDA:0,(anonymous_17)
FNDA:0,(anonymous_18)
FNDA:0,(anonymous_19)
FNDA:0,(anonymous_20)
FNDA:0,(anonymous_21)
FNDA:0,(anonymous_22)
FNDA:0,(anonymous_23)
FNDA:0,(anonymous_24)
FNDA:0,(anonymous_25)
FNDA:0,(anonymous_26)
FNDA:0,(anonymous_27)
FNDA:0,(anonymous_28)
FNDA:0,(anonymous_29)
FNDA:0,(anonymous_30)
FNDA:0,(anonymous_31)
FNDA:0,(anonymous_32)
FNDA:0,(anonymous_33)
DA:23,1
DA:31,0
DA:32,0
DA:33,0
DA:34,0
DA:35,0
DA:36,0
DA:38,0
DA:41,0
DA:42,0
DA:44,0
DA:46,0
DA:50,0
DA:51,0
DA:52,0
DA:53,0
DA:54,0
DA:57,0
DA:64,0
DA:65,0
DA:67,0
DA:69,0
DA:75,0
DA:76,0
DA:77,0
DA:78,0
DA:79,0
DA:81,0
DA:84,0
DA:85,0
DA:87,0
DA:89,0
DA:94,0
DA:95,0
DA:96,0
DA:98,0
DA:99,0
DA:100,0
DA:103,0
DA:104,0
DA:105,0
DA:106,0
DA:107,0
DA:110,0
DA:122,0
DA:123,0
DA:125,0
DA:127,0
DA:133,0
DA:134,0
DA:135,0
DA:136,0
DA:138,0
DA:139,0
DA:141,0
DA:143,0
DA:147,0
DA:148,0
DA:149,0
DA:150,0
DA:151,0
DA:154,0
DA:173,0
DA:174,0
DA:176,0
DA:178,0
DA:184,0
DA:185,0
DA:186,0
DA:187,0
DA:188,0
DA:191,0
DA:201,0
DA:203,0
DA:205,0
DA:209,0
DA:210,0
DA:211,0
DA:212,0
DA:213,0
DA:215,0
DA:217,0
LF:82
LH:1
BRDA:42,0,0,0
BRDA:42,0,1,0
BRDA:53,1,0,0
BRDA:53,1,1,0
BRDA:54,2,0,0
BRDA:54,2,1,0
BRDA:64,3,0,0
BRDA:64,3,1,0
BRDA:85,4,0,0
BRDA:85,4,1,0
BRDA:94,5,0,0
BRDA:94,5,1,0
BRDA:98,6,0,0
BRDA:98,6,1,0
BRDA:98,7,0,0
BRDA:98,7,1,0
BRDA:106,8,0,0
BRDA:106,8,1,0
BRDA:107,9,0,0
BRDA:107,9,1,0
BRDA:122,10,0,0
BRDA:122,10,1,0
BRDA:139,11,0,0
BRDA:139,11,1,0
BRDA:150,12,0,0
BRDA:150,12,1,0
BRDA:151,13,0,0
BRDA:151,13,1,0
BRDA:173,14,0,0
BRDA:173,14,1,0
BRDA:187,15,0,0
BRDA:187,15,1,0
BRDA:188,16,0,0
BRDA:188,16,1,0
BRDA:201,17,0,0
BRDA:201,17,1,0
BRDA:213,18,0,0
BRDA:213,18,1,0
BRF:38
BRH:0
end_of_record
TN:
SF:src/store/slices/authSlice.ts
FN:18,(anonymous_0)
FN:22,(anonymous_1)
FN:23,(anonymous_2)
FN:23,(anonymous_3)
FN:25,(anonymous_4)
FN:88,(anonymous_5)
FN:105,(anonymous_6)
FN:118,(anonymous_7)
FN:121,(anonymous_8)
FN:123,(anonymous_9)
FN:138,(anonymous_10)
FNF:11
FNH:2
FNDA:1,(anonymous_0)
FNDA:1,(anonymous_1)
FNDA:0,(anonymous_2)
FNDA:0,(anonymous_3)
FNDA:0,(anonymous_4)
FNDA:0,(anonymous_5)
FNDA:0,(anonymous_6)
FNDA:0,(anonymous_7)
FNDA:0,(anonymous_8)
FNDA:0,(anonymous_9)
FNDA:0,(anonymous_10)
DA:18,1
DA:22,1
DA:23,0
DA:26,0
DA:27,0
DA:28,0
DA:32,0
DA:34,0
DA:40,0
DA:42,0
DA:53,0
DA:54,0
DA:57,0
DA:63,0
DA:64,0
DA:66,0
DA:68,0
DA:72,0
DA:79,0
DA:81,0
DA:82,0
DA:84,0
DA:89,0
DA:90,0
DA:91,0
DA:96,0
DA:98,0
DA:99,0
DA:105,0
DA:111,0
DA:112,0
DA:114,0
DA:119,0
DA:120,0
DA:121,0
DA:123,0
DA:125,0
DA:130,0
DA:132,0
DA:134,0
DA:139,0
DA:140,0
DA:141,0
DA:142,0
DA:145,0
DA:149,0
DA:150,0
DA:151,0
DA:155,0
DA:156,0
DA:161,0
DA:162,0
DA:164,0
LF:53
LH:2
BRDA:32,0,0,0
BRDA:32,0,1,0
BRDA:40,1,0,0
BRDA:40,1,1,0
BRDA:40,2,0,0
BRDA:40,2,1,0
BRDA:46,3,0,0
BRDA:46,3,1,0
BRDA:47,4,0,0
BRDA:47,4,1,0
BRDA:53,5,0,0
BRDA:53,5,1,0
BRDA:63,6,0,0
BRDA:63,6,1,0
BRDA:74,7,0,0
BRDA:74,7,1,0
BRDA:75,8,0,0
BRDA:75,8,1,0
BRDA:76,9,0,0
BRDA:76,9,1,0
BRDA:77,10,0,0
BRDA:77,10,1,0
BRDA:96,11,0,0
BRDA:96,11,1,0
BRDA:98,12,0,0
BRDA:98,12,1,0
BRDA:101,13,0,0
BRDA:101,13,1,0
BRDA:123,14,0,0
BRDA:123,14,1,0
BRDA:130,15,0,0
BRDA:130,15,1,0
BRDA:142,16,0,0
BRDA:142,16,1,0
BRDA:149,17,0,0
BRDA:149,17,1,0
BRF:36
BRH:0
end_of_record
TN:
SF:src/store/slices/fantasySlice.ts
FN:15,(anonymous_0)
FN:19,(anonymous_1)
FN:22,(anonymous_2)
FN:23,(anonymous_3)
FN:24,(anonymous_4)
FN:46,(anonymous_5)
FN:49,(anonymous_6)
FN:50,(anonymous_7)
FN:51,(anonymous_8)
FN:73,(anonymous_9)
FN:76,(anonymous_10)
FN:78,(anonymous_11)
FN:82,(anonymous_12)
FN:85,(anonymous_13)
FN:86,(anonymous_14)
FN:100,(anonymous_15)
FN:101,(anonymous_16)
FNF:17
FNH:1
FNDA:1,(anonymous_0)
FNDA:0,(anonymous_1)
FNDA:0,(anonymous_2)
FNDA:0,(anonymous_3)
FNDA:0,(anonymous_4)
FNDA:0,(anonymous_5)
FNDA:0,(anonymous_6)
FNDA:0,(anonymous_7)
FNDA:0,(anonymous_8)
FNDA:0,(anonymous_9)
FNDA:0,(anonymous_10)
FNDA:0,(anonymous_11)
FNDA:0,(anonymous_12)
FNDA:0,(anonymous_13)
FNDA:0,(anonymous_14)
FNDA:0,(anonymous_15)
FNDA:0,(anonymous_16)
DA:15,1
DA:20,0
DA:21,0
DA:22,0
DA:23,0
DA:24,0
DA:27,0
DA:38,0
DA:40,0
DA:42,0
DA:47,0
DA:48,0
DA:49,0
DA:50,0
DA:51,0
DA:54,0
DA:64,0
DA:65,0
DA:67,0
DA:69,0
DA:74,0
DA:75,0
DA:76,0
DA:77,0
DA:78,0
DA:79,0
DA:80,0
DA:81,0
DA:82,0
DA:85,0
DA:86,0
DA:90,0
DA:97,0
DA:98,0
DA:100,0
DA:101,0
DA:103,0
DA:105,0
DA:107,0
LF:39
LH:1
BRDA:23,0,0,0
BRDA:23,0,1,0
BRDA:24,1,0,0
BRDA:24,1,1,0
BRDA:33,2,0,0
BRDA:33,2,1,0
BRDA:34,3,0,0
BRDA:34,3,1,0
BRDA:35,4,0,0
BRDA:35,4,1,0
BRDA:36,5,0,0
BRDA:36,5,1,0
BRDA:38,6,0,0
BRDA:38,6,1,0
BRDA:50,7,0,0
BRDA:50,7,1,0
BRDA:51,8,0,0
BRDA:51,8,1,0
BRDA:58,9,0,0
BRDA:58,9,1,0
BRDA:59,10,0,0
BRDA:59,10,1,0
BRDA:60,11,0,0
BRDA:60,11,1,0
BRDA:61,12,0,0
BRDA:61,12,1,0
BRDA:62,13,0,0
BRDA:62,13,1,0
BRDA:64,14,0,0
BRDA:64,14,1,0
BRDA:77,15,0,0
BRDA:77,15,1,0
BRDA:79,16,0,0
BRDA:79,16,1,0
BRDA:80,17,0,0
BRDA:80,17,1,0
BRDA:82,18,0,0
BRDA:82,18,1,0
BRDA:82,19,0,0
BRDA:82,19,1,0
BRDA:86,20,0,0
BRDA:86,20,1,0
BRDA:98,21,0,0
BRDA:98,21,1,0
BRF:44
BRH:0
end_of_record
TN:
SF:src/store/slices/leagueSlice.ts
FN:20,(anonymous_0)
FN:24,(anonymous_1)
FN:26,(anonymous_2)
FN:36,(anonymous_3)
FN:53,(anonymous_4)
FN:53,(anonymous_5)
FN:59,(anonymous_6)
FN:63,(anonymous_7)
FN:64,(anonymous_8)
FN:85,(anonymous_9)
FN:89,(anonymous_10)
FN:90,(anonymous_11)
FN:103,(anonymous_12)
FN:106,(anonymous_13)
FN:107,(anonymous_14)
FN:114,(anonymous_15)
FN:127,(anonymous_16)
FN:131,(anonymous_17)
FN:135,(anonymous_18)
FN:145,(anonymous_19)
FN:146,(anonymous_20)
FNF:21
FNH:1
FNDA:1,(anonymous_0)
FNDA:0,(anonymous_1)
FNDA:0,(anonymous_2)
FNDA:0,(anonymous_3)
FNDA:0,(anonymous_4)
FNDA:0,(anonymous_5)
FNDA:0,(anonymous_6)
FNDA:0,(anonymous_7)
FNDA:0,(anonymous_8)
FNDA:0,(anonymous_9)
FNDA:0,(anonymous_10)
FNDA:0,(anonymous_11)
FNDA:0,(anonymous_12)
FNDA:0,(anonymous_13)
FNDA:0,(anonymous_14)
FNDA:0,(anonymous_15)
FNDA:0,(anonymous_16)
FNDA:0,(anonymous_17)
FNDA:0,(anonymous_18)
FNDA:0,(anonymous_19)
FNDA:0,(anonymous_20)
DA:20,1
DA:24,0
DA:28,0
DA:29,0
DA:30,0
DA:31,0
DA:34,0
DA:35,0
DA:36,0
DA:37,0
DA:48,0
DA:49,0
DA:51,0
DA:53,0
DA:55,0
DA:60,0
DA:61,0
DA:62,0
DA:63,0
DA:64,0
DA:66,0
DA:76,0
DA:78,0
DA:81,0
DA:86,0
DA:87,0
DA:89,0
DA:90,0
DA:93,0
DA:94,0
DA:95,0
DA:97,0
DA:99,0
DA:104,0
DA:105,0
DA:106,0
DA:108,0
DA:109,0
DA:111,0
DA:114,0
DA:115,0
DA:116,0
DA:117,0
DA:118,0
DA:121,0
DA:123,0
DA:128,0
DA:129,0
DA:130,0
DA:131,0
DA:132,0
DA:133,0
DA:135,0
DA:136,0
DA:138,0
DA:139,0
DA:142,0
DA:143,0
DA:145,0
DA:146,0
DA:149,0
DA:150,0
DA:151,0
DA:153,0
DA:155,0
LF:65
LH:1
BRDA:29,0,0,0
BRDA:29,0,1,0
BRDA:48,1,0,0
BRDA:48,1,1,0
BRDA:64,2,0,0
BRDA:64,2,1,0
BRDA:76,3,0,0
BRDA:76,3,1,0
BRDA:91,4,0,0
BRDA:91,4,1,0
BRDA:94,5,0,0
BRDA:94,5,1,0
BRDA:108,6,0,0
BRDA:108,6,1,0
BRDA:115,7,0,0
BRDA:115,7,1,0
BRDA:117,8,0,0
BRDA:117,8,1,0
BRDA:132,9,0,0
BRDA:132,9,1,0
BRDA:136,10,0,0
BRDA:136,10,1,0
BRDA:138,11,0,0
BRDA:138,11,1,0
BRDA:146,12,0,0
BRDA:146,12,1,0
BRDA:150,13,0,0
BRDA:150,13,1,0
BRF:28
BRH:0
end_of_record
TN:
SF:src/store/slices/predictionSlice.ts
FN:17,(anonymous_0)
FN:20,(anonymous_1)
FN:29,(anonymous_2)
FN:47,(anonymous_3)
FN:54,(anonymous_4)
FN:91,(anonymous_5)
FN:93,(anonymous_6)
FNF:7
FNH:1
FNDA:1,(anonymous_0)
FNDA:0,(anonymous_1)
FNDA:0,(anonymous_2)
FNDA:0,(anonymous_3)
FNDA:0,(anonymous_4)
FNDA:0,(anonymous_5)
FNDA:0,(anonymous_6)
DA:17,1
DA:21,0
DA:22,0
DA:27,0
DA:29,0
DA:40,0
DA:42,0
DA:43,0
DA:48,0
DA:49,0
DA:50,0
DA:54,0
DA:55,0
DA:56,0
DA:57,0
DA:58,0
DA:59,0
DA:63,0
DA:72,0
DA:78,0
DA:80,0
DA:91,0
DA:93,0
DA:98,0
DA:99,0
LF:25
LH:1
BRDA:27,0,0,0
BRDA:27,0,1,0
BRDA:29,1,0,0
BRDA:29,1,1,0
BRDA:49,2,0,0
BRDA:49,2,1,0
BRDA:49,3,0,0
BRDA:49,3,1,0
BRDA:49,3,2,0
BRDA:55,4,0,0
BRDA:55,4,1,0
BRDA:55,5,0,0
BRDA:55,5,1,0
BRDA:58,6,0,0
BRDA:58,6,1,0
BRDA:78,7,0,0
BRDA:78,7,1,0
BRF:17
BRH:0
end_of_record
TN:
SF:src/store/slices/syncSlice.ts
FN:22,(anonymous_0)
FN:23,(anonymous_1)
FN:38,(anonymous_2)
FN:67,(anonymous_3)
FN:88,(anonymous_4)
FN:101,(anonymous_5)
FN:107,(anonymous_6)
FN:112,(anonymous_7)
FN:115,(anonymous_8)
FN:125,(anonymous_9)
FN:133,(anonymous_10)
FNF:11
FNH:1
FNDA:1,(anonymous_0)
FNDA:0,(anonymous_1)
FNDA:0,(anonymous_2)
FNDA:0,(anonymous_3)
FNDA:0,(anonymous_4)
FNDA:0,(anonymous_5)
FNDA:0,(anonymous_6)
FNDA:0,(anonymous_7)
FNDA:0,(anonymous_8)
FNDA:0,(anonymous_9)
FNDA:0,(anonymous_10)
DA:22,1
DA:24,0
DA:39,0
DA:40,0
DA:41,0
DA:43,0
DA:44,0
DA:55,0
DA:67,0
DA:88,0
DA:100,0
DA:101,0
DA:107,0
DA:112,0
DA:115,0
DA:125,0
DA:133,0
DA:144,0
DA:146,0
DA:148,0
LF:20
LH:1
BRDA:41,0,0,0
BRDA:41,0,1,0
BRDA:75,1,0,0
BRDA:75,1,1,0
BRDA:76,2,0,0
BRDA:76,2,1,0
BRDA:76,3,0,0
BRDA:76,3,1,0
BRDA:81,4,0,0
BRDA:81,4,1,0
BRDA:81,5,0,0
BRDA:81,5,1,0
BRDA:81,6,0,0
BRDA:81,6,1,0
BRDA:94,7,0,0
BRDA:94,7,1,0
BRDA:95,8,0,0
BRDA:95,8,1,0
BRDA:96,9,0,0
BRDA:96,9,1,0
BRDA:97,10,0,0
BRDA:97,10,1,0
BRDA:101,11,0,0
BRDA:101,11,1,0
BRDA:107,12,0,0
BRDA:107,12,1,0
BRDA:112,13,0,0
BRDA:112,13,1,0
BRDA:113,14,0,0
BRDA:113,14,1,0
BRDA:114,15,0,0
BRDA:114,15,1,0
BRDA:115,16,0,0
BRDA:115,16,1,0
BRDA:119,17,0,0
BRDA:119,17,1,0
BRDA:120,18,0,0
BRDA:120,18,1,0
BRDA:121,19,0,0
BRDA:121,19,1,0
BRDA:122,20,0,0
BRDA:122,20,1,0
BRDA:123,21,0,0
BRDA:123,21,1,0
BRDA:125,22,0,0
BRDA:125,22,1,0
BRDA:133,23,0,0
BRDA:133,23,1,0
BRF:48
BRH:0
end_of_record
TN:
SF:src/store/slices/uiSlice.ts
FN:23,(anonymous_0)
FN:26,(anonymous_1)
FN:27,(anonymous_2)
FNF:3
FNH:2
FNDA:1,(anonymous_0)
FNDA:1,(anonymous_1)
FNDA:0,(anonymous_2)
DA:23,1
DA:26,1
DA:27,0
LF:3
LH:2
BRF:0
BRH:0
end_of_record
TN:
SF:src/styles/commonStyles.ts
FNF:0
FNH:0
DA:3,0
LF:1
LH:0
BRF:0
BRH:0
end_of_record
TN:
SF:src/types/index.ts
FNF:0
FNH:0
LF:0
LH:0
BRF:0
BRH:0
end_of_record
TN:
SF:src/utils/logger.ts
FN:9,(anonymous_0)
FN:15,(anonymous_1)
FN:21,(anonymous_2)
FN:27,(anonymous_3)
FNF:4
FNH:0
FNDA:0,(anonymous_0)
FNDA:0,(anonymous_1)
FNDA:0,(anonymous_2)
FNDA:0,(anonymous_3)
DA:6,0
DA:8,0
DA:10,0
DA:11,0
DA:16,0
DA:17,0
DA:22,0
DA:23,0
DA:30,0
LF:9
LH:0
BRDA:10,0,0,0
BRDA:10,0,1,0
BRDA:16,1,0,0
BRDA:16,1,1,0
BRDA:22,2,0,0
BRDA:22,2,1,0
BRF:6
BRH:0
end_of_record
